activation: !!python/name:tensorflow.python.ops.gen_nn_ops.relu ''
batch_size: 2048
dropout: false
exp_name: ff_indep_threat
hidden_sizes: [30, 30]
keep_prob: 1
lr: 0.0005
n_epochs: 80
n_features: 300
n_labels: 1
n_layers: 2
optimizer: !!python/name:tensorflow.python.training.adam.AdamOptimizer ''
2018-03-10 01:38:33 -- 
2018-03-10 01:38:33 -- Initializing...
2018-03-10 01:38:33 -- Training...
2018-03-10 01:38:33 -- Building model...
2018-03-10 01:38:38 -- Training model...
2018-03-10 01:39:07 -- 
2018-03-10 01:39:07 -- Epoch = 1/80:
2018-03-10 01:39:10 -- train loss = 0.1838
2018-03-10 01:39:10 -- dev loss = 0.0455
2018-03-10 01:39:10 -- train ROC AUC = 0.4476
2018-03-10 01:39:10 -- dev ROC AUC = 0.4025
2018-03-10 01:39:10 -- New best dev ROC AUC = 0.4025
2018-03-10 01:39:10 -- Saving new best model...
2018-03-10 01:39:10 -- 
2018-03-10 01:39:10 -- Epoch = 2/80:
2018-03-10 01:39:14 -- train loss = 0.0275
2018-03-10 01:39:14 -- dev loss = 0.0204
2018-03-10 01:39:14 -- train ROC AUC = 0.5152
2018-03-10 01:39:14 -- dev ROC AUC = 0.4644
2018-03-10 01:39:14 -- New best dev ROC AUC = 0.4644
2018-03-10 01:39:14 -- Saving new best model...
2018-03-10 01:39:14 -- 
2018-03-10 01:39:14 -- Epoch = 3/80:
2018-03-10 01:39:18 -- train loss = 0.0211
2018-03-10 01:39:18 -- dev loss = 0.0192
2018-03-10 01:39:18 -- train ROC AUC = 0.6911
2018-03-10 01:39:18 -- dev ROC AUC = 0.6534
2018-03-10 01:39:18 -- New best dev ROC AUC = 0.6534
2018-03-10 01:39:18 -- Saving new best model...
2018-03-10 01:39:18 -- 
2018-03-10 01:39:18 -- Epoch = 4/80:
2018-03-10 01:39:22 -- train loss = 0.0200
2018-03-10 01:39:22 -- dev loss = 0.0182
2018-03-10 01:39:22 -- train ROC AUC = 0.8179
2018-03-10 01:39:22 -- dev ROC AUC = 0.8143
2018-03-10 01:39:22 -- New best dev ROC AUC = 0.8143
2018-03-10 01:39:22 -- Saving new best model...
2018-03-10 01:39:22 -- 
2018-03-10 01:39:22 -- Epoch = 5/80:
2018-03-10 01:39:26 -- train loss = 0.0189
2018-03-10 01:39:26 -- dev loss = 0.0172
2018-03-10 01:39:26 -- train ROC AUC = 0.8796
2018-03-10 01:39:26 -- dev ROC AUC = 0.8791
2018-03-10 01:39:26 -- New best dev ROC AUC = 0.8791
2018-03-10 01:39:26 -- Saving new best model...
2018-03-10 01:39:26 -- 
2018-03-10 01:39:26 -- Epoch = 6/80:
2018-03-10 01:39:31 -- train loss = 0.0177
2018-03-10 01:39:31 -- dev loss = 0.0163
2018-03-10 01:39:31 -- train ROC AUC = 0.9044
2018-03-10 01:39:31 -- dev ROC AUC = 0.9040
2018-03-10 01:39:31 -- New best dev ROC AUC = 0.9040
2018-03-10 01:39:31 -- Saving new best model...
2018-03-10 01:39:31 -- 
2018-03-10 01:39:31 -- Epoch = 7/80:
2018-03-10 01:39:35 -- train loss = 0.0168
2018-03-10 01:39:35 -- dev loss = 0.0156
2018-03-10 01:39:35 -- train ROC AUC = 0.9198
2018-03-10 01:39:35 -- dev ROC AUC = 0.9182
2018-03-10 01:39:35 -- New best dev ROC AUC = 0.9182
2018-03-10 01:39:35 -- Saving new best model...
2018-03-10 01:39:36 -- 
2018-03-10 01:39:36 -- Epoch = 8/80:
2018-03-10 01:39:40 -- train loss = 0.0160
2018-03-10 01:39:40 -- dev loss = 0.0148
2018-03-10 01:39:40 -- train ROC AUC = 0.9327
2018-03-10 01:39:40 -- dev ROC AUC = 0.9295
2018-03-10 01:39:40 -- New best dev ROC AUC = 0.9295
2018-03-10 01:39:40 -- Saving new best model...
2018-03-10 01:39:41 -- 
2018-03-10 01:39:41 -- Epoch = 9/80:
2018-03-10 01:39:46 -- train loss = 0.0152
2018-03-10 01:39:46 -- dev loss = 0.0143
2018-03-10 01:39:46 -- train ROC AUC = 0.9417
2018-03-10 01:39:46 -- dev ROC AUC = 0.9377
2018-03-10 01:39:46 -- New best dev ROC AUC = 0.9377
2018-03-10 01:39:46 -- Saving new best model...
2018-03-10 01:39:46 -- 
2018-03-10 01:39:46 -- Epoch = 10/80:
2018-03-10 01:39:51 -- train loss = 0.0146
2018-03-10 01:39:51 -- dev loss = 0.0137
2018-03-10 01:39:51 -- train ROC AUC = 0.9490
2018-03-10 01:39:51 -- dev ROC AUC = 0.9453
2018-03-10 01:39:51 -- New best dev ROC AUC = 0.9453
2018-03-10 01:39:51 -- Saving new best model...
2018-03-10 01:39:51 -- 
2018-03-10 01:39:51 -- Epoch = 11/80:
2018-03-10 01:39:57 -- train loss = 0.0141
2018-03-10 01:39:57 -- dev loss = 0.0131
2018-03-10 01:39:57 -- train ROC AUC = 0.9557
2018-03-10 01:39:57 -- dev ROC AUC = 0.9532
2018-03-10 01:39:57 -- New best dev ROC AUC = 0.9532
2018-03-10 01:39:57 -- Saving new best model...
2018-03-10 01:39:57 -- 
2018-03-10 01:39:57 -- Epoch = 12/80:
2018-03-10 01:40:03 -- train loss = 0.0135
2018-03-10 01:40:03 -- dev loss = 0.0126
2018-03-10 01:40:03 -- train ROC AUC = 0.9606
2018-03-10 01:40:03 -- dev ROC AUC = 0.9586
2018-03-10 01:40:03 -- New best dev ROC AUC = 0.9586
2018-03-10 01:40:03 -- Saving new best model...
2018-03-10 01:40:03 -- 
2018-03-10 01:40:03 -- Epoch = 13/80:
2018-03-10 01:40:09 -- train loss = 0.0129
2018-03-10 01:40:09 -- dev loss = 0.0121
2018-03-10 01:40:09 -- train ROC AUC = 0.9654
2018-03-10 01:40:09 -- dev ROC AUC = 0.9635
2018-03-10 01:40:09 -- New best dev ROC AUC = 0.9635
2018-03-10 01:40:09 -- Saving new best model...
2018-03-10 01:40:10 -- 
2018-03-10 01:40:10 -- Epoch = 14/80:
2018-03-10 01:40:16 -- train loss = 0.0123
2018-03-10 01:40:16 -- dev loss = 0.0115
2018-03-10 01:40:16 -- train ROC AUC = 0.9692
2018-03-10 01:40:16 -- dev ROC AUC = 0.9689
2018-03-10 01:40:16 -- New best dev ROC AUC = 0.9689
2018-03-10 01:40:16 -- Saving new best model...
2018-03-10 01:40:16 -- 
2018-03-10 01:40:16 -- Epoch = 15/80:
2018-03-10 01:40:23 -- train loss = 0.0117
2018-03-10 01:40:23 -- dev loss = 0.0111
2018-03-10 01:40:23 -- train ROC AUC = 0.9723
2018-03-10 01:40:23 -- dev ROC AUC = 0.9719
2018-03-10 01:40:23 -- New best dev ROC AUC = 0.9719
2018-03-10 01:40:23 -- Saving new best model...
2018-03-10 01:40:26 -- 
2018-03-10 01:40:26 -- Epoch = 16/80:
2018-03-10 01:40:33 -- train loss = 0.0113
2018-03-10 01:40:33 -- dev loss = 0.0108
2018-03-10 01:40:33 -- train ROC AUC = 0.9743
2018-03-10 01:40:33 -- dev ROC AUC = 0.9742
2018-03-10 01:40:33 -- New best dev ROC AUC = 0.9742
2018-03-10 01:40:33 -- Saving new best model...
2018-03-10 01:40:33 -- 
2018-03-10 01:40:33 -- Epoch = 17/80:
2018-03-10 01:40:41 -- train loss = 0.0110
2018-03-10 01:40:41 -- dev loss = 0.0105
2018-03-10 01:40:41 -- train ROC AUC = 0.9737
2018-03-10 01:40:41 -- dev ROC AUC = 0.9765
2018-03-10 01:40:41 -- New best dev ROC AUC = 0.9765
2018-03-10 01:40:41 -- Saving new best model...
2018-03-10 01:40:41 -- 
2018-03-10 01:40:41 -- Epoch = 18/80:
2018-03-10 01:40:49 -- train loss = 0.0108
2018-03-10 01:40:49 -- dev loss = 0.0104
2018-03-10 01:40:49 -- train ROC AUC = 0.9768
2018-03-10 01:40:49 -- dev ROC AUC = 0.9778
2018-03-10 01:40:49 -- New best dev ROC AUC = 0.9778
2018-03-10 01:40:49 -- Saving new best model...
2018-03-10 01:40:49 -- 
2018-03-10 01:40:49 -- Epoch = 19/80:
2018-03-10 01:40:57 -- train loss = 0.0106
2018-03-10 01:40:57 -- dev loss = 0.0101
2018-03-10 01:40:57 -- train ROC AUC = 0.9779
2018-03-10 01:40:57 -- dev ROC AUC = 0.9790
2018-03-10 01:40:57 -- New best dev ROC AUC = 0.9790
2018-03-10 01:40:57 -- Saving new best model...
2018-03-10 01:40:58 -- 
2018-03-10 01:40:58 -- Epoch = 20/80:
2018-03-10 01:41:06 -- train loss = 0.0104
2018-03-10 01:41:06 -- dev loss = 0.0100
2018-03-10 01:41:06 -- train ROC AUC = 0.9779
2018-03-10 01:41:06 -- dev ROC AUC = 0.9796
2018-03-10 01:41:06 -- New best dev ROC AUC = 0.9796
2018-03-10 01:41:06 -- Saving new best model...
2018-03-10 01:41:06 -- 
2018-03-10 01:41:06 -- Epoch = 21/80:
2018-03-10 01:41:15 -- train loss = 0.0102
2018-03-10 01:41:15 -- dev loss = 0.0100
2018-03-10 01:41:15 -- train ROC AUC = 0.9801
2018-03-10 01:41:15 -- dev ROC AUC = 0.9808
2018-03-10 01:41:15 -- New best dev ROC AUC = 0.9808
2018-03-10 01:41:15 -- Saving new best model...
2018-03-10 01:41:15 -- 
2018-03-10 01:41:15 -- Epoch = 22/80:
2018-03-10 01:41:25 -- train loss = 0.0100
2018-03-10 01:41:25 -- dev loss = 0.0098
2018-03-10 01:41:25 -- train ROC AUC = 0.9808
2018-03-10 01:41:25 -- dev ROC AUC = 0.9808
2018-03-10 01:41:25 -- New best dev ROC AUC = 0.9808
2018-03-10 01:41:25 -- Saving new best model...
2018-03-10 01:41:25 -- 
2018-03-10 01:41:25 -- Epoch = 23/80:
2018-03-10 01:41:35 -- train loss = 0.0100
2018-03-10 01:41:35 -- dev loss = 0.0098
2018-03-10 01:41:35 -- train ROC AUC = 0.9809
2018-03-10 01:41:35 -- dev ROC AUC = 0.9813
2018-03-10 01:41:35 -- New best dev ROC AUC = 0.9813
2018-03-10 01:41:35 -- Saving new best model...
2018-03-10 01:41:35 -- 
2018-03-10 01:41:35 -- Epoch = 24/80:
2018-03-10 01:41:46 -- train loss = 0.0097
2018-03-10 01:41:46 -- dev loss = 0.0097
2018-03-10 01:41:46 -- train ROC AUC = 0.9819
2018-03-10 01:41:46 -- dev ROC AUC = 0.9818
2018-03-10 01:41:46 -- New best dev ROC AUC = 0.9818
2018-03-10 01:41:46 -- Saving new best model...
2018-03-10 01:41:46 -- 
2018-03-10 01:41:46 -- Epoch = 25/80:
2018-03-10 01:41:57 -- train loss = 0.0095
2018-03-10 01:41:57 -- dev loss = 0.0096
2018-03-10 01:41:57 -- train ROC AUC = 0.9823
2018-03-10 01:41:57 -- dev ROC AUC = 0.9821
2018-03-10 01:41:57 -- New best dev ROC AUC = 0.9821
2018-03-10 01:41:57 -- Saving new best model...
2018-03-10 01:42:01 -- 
2018-03-10 01:42:01 -- Epoch = 26/80:
2018-03-10 01:42:13 -- train loss = 0.0095
2018-03-10 01:42:13 -- dev loss = 0.0096
2018-03-10 01:42:13 -- train ROC AUC = 0.9830
2018-03-10 01:42:13 -- dev ROC AUC = 0.9828
2018-03-10 01:42:13 -- New best dev ROC AUC = 0.9828
2018-03-10 01:42:13 -- Saving new best model...
2018-03-10 01:42:13 -- 
2018-03-10 01:42:13 -- Epoch = 27/80:
2018-03-10 01:42:24 -- train loss = 0.0093
2018-03-10 01:42:24 -- dev loss = 0.0095
2018-03-10 01:42:24 -- train ROC AUC = 0.9836
2018-03-10 01:42:24 -- dev ROC AUC = 0.9830
2018-03-10 01:42:24 -- New best dev ROC AUC = 0.9830
2018-03-10 01:42:24 -- Saving new best model...
2018-03-10 01:42:25 -- 
2018-03-10 01:42:25 -- Epoch = 28/80:
2018-03-10 01:42:37 -- train loss = 0.0091
2018-03-10 01:42:37 -- dev loss = 0.0094
2018-03-10 01:42:37 -- train ROC AUC = 0.9842
2018-03-10 01:42:37 -- dev ROC AUC = 0.9843
2018-03-10 01:42:37 -- New best dev ROC AUC = 0.9843
2018-03-10 01:42:37 -- Saving new best model...
2018-03-10 01:42:37 -- 
2018-03-10 01:42:37 -- Epoch = 29/80:
2018-03-10 01:42:50 -- train loss = 0.0090
2018-03-10 01:42:50 -- dev loss = 0.0095
2018-03-10 01:42:50 -- train ROC AUC = 0.9844
2018-03-10 01:42:50 -- dev ROC AUC = 0.9835
2018-03-10 01:42:50 -- 
2018-03-10 01:42:50 -- Epoch = 30/80:
2018-03-10 01:43:04 -- train loss = 0.0089
2018-03-10 01:43:04 -- dev loss = 0.0093
2018-03-10 01:43:04 -- train ROC AUC = 0.9848
2018-03-10 01:43:04 -- dev ROC AUC = 0.9848
2018-03-10 01:43:04 -- New best dev ROC AUC = 0.9848
2018-03-10 01:43:04 -- Saving new best model...
2018-03-10 01:43:04 -- 
2018-03-10 01:43:04 -- Epoch = 31/80:
2018-03-10 01:43:17 -- train loss = 0.0088
2018-03-10 01:43:17 -- dev loss = 0.0093
2018-03-10 01:43:17 -- train ROC AUC = 0.9856
2018-03-10 01:43:17 -- dev ROC AUC = 0.9847
2018-03-10 01:43:17 -- 
2018-03-10 01:43:17 -- Epoch = 32/80:
2018-03-10 01:43:31 -- train loss = 0.0087
2018-03-10 01:43:31 -- dev loss = 0.0093
2018-03-10 01:43:31 -- train ROC AUC = 0.9856
2018-03-10 01:43:31 -- dev ROC AUC = 0.9848
2018-03-10 01:43:31 -- New best dev ROC AUC = 0.9848
2018-03-10 01:43:31 -- Saving new best model...
2018-03-10 01:43:31 -- 
2018-03-10 01:43:31 -- Epoch = 33/80:
2018-03-10 01:43:46 -- train loss = 0.0086
2018-03-10 01:43:46 -- dev loss = 0.0092
2018-03-10 01:43:46 -- train ROC AUC = 0.9847
2018-03-10 01:43:46 -- dev ROC AUC = 0.9856
2018-03-10 01:43:46 -- New best dev ROC AUC = 0.9856
2018-03-10 01:43:46 -- Saving new best model...
2018-03-10 01:43:46 -- 
2018-03-10 01:43:46 -- Epoch = 34/80:
2018-03-10 01:44:01 -- train loss = 0.0085
2018-03-10 01:44:01 -- dev loss = 0.0094
2018-03-10 01:44:01 -- train ROC AUC = 0.9864
2018-03-10 01:44:01 -- dev ROC AUC = 0.9857
2018-03-10 01:44:01 -- New best dev ROC AUC = 0.9857
2018-03-10 01:44:01 -- Saving new best model...
2018-03-10 01:44:02 -- 
2018-03-10 01:44:02 -- Epoch = 35/80:
2018-03-10 01:44:18 -- train loss = 0.0085
2018-03-10 01:44:18 -- dev loss = 0.0092
2018-03-10 01:44:18 -- train ROC AUC = 0.9865
2018-03-10 01:44:18 -- dev ROC AUC = 0.9861
2018-03-10 01:44:18 -- New best dev ROC AUC = 0.9861
2018-03-10 01:44:18 -- Saving new best model...
2018-03-10 01:44:29 -- 
2018-03-10 01:44:29 -- Epoch = 36/80:
2018-03-10 01:44:46 -- train loss = 0.0083
2018-03-10 01:44:46 -- dev loss = 0.0092
2018-03-10 01:44:46 -- train ROC AUC = 0.9871
2018-03-10 01:44:46 -- dev ROC AUC = 0.9860
2018-03-10 01:44:46 -- 
2018-03-10 01:44:46 -- Epoch = 37/80:
2018-03-10 01:45:04 -- train loss = 0.0081
2018-03-10 01:45:04 -- dev loss = 0.0092
2018-03-10 01:45:04 -- train ROC AUC = 0.9874
2018-03-10 01:45:04 -- dev ROC AUC = 0.9856
2018-03-10 01:45:04 -- 
2018-03-10 01:45:04 -- Epoch = 38/80:
2018-03-10 01:45:23 -- train loss = 0.0082
2018-03-10 01:45:23 -- dev loss = 0.0093
2018-03-10 01:45:23 -- train ROC AUC = 0.9877
2018-03-10 01:45:23 -- dev ROC AUC = 0.9845
2018-03-10 01:45:23 -- 
2018-03-10 01:45:23 -- Epoch = 39/80:
2018-03-10 01:45:41 -- train loss = 0.0080
2018-03-10 01:45:41 -- dev loss = 0.0096
2018-03-10 01:45:41 -- train ROC AUC = 0.9877
2018-03-10 01:45:41 -- dev ROC AUC = 0.9838
2018-03-10 01:45:41 -- 
2018-03-10 01:45:41 -- Epoch = 40/80:
2018-03-10 01:45:59 -- train loss = 0.0081
2018-03-10 01:45:59 -- dev loss = 0.0091
2018-03-10 01:45:59 -- train ROC AUC = 0.9888
2018-03-10 01:45:59 -- dev ROC AUC = 0.9858
2018-03-10 01:45:59 -- 
2018-03-10 01:45:59 -- Epoch = 41/80:
2018-03-10 01:46:18 -- train loss = 0.0079
2018-03-10 01:46:18 -- dev loss = 0.0091
2018-03-10 01:46:18 -- train ROC AUC = 0.9891
2018-03-10 01:46:18 -- dev ROC AUC = 0.9865
2018-03-10 01:46:18 -- New best dev ROC AUC = 0.9865
2018-03-10 01:46:18 -- Saving new best model...
2018-03-10 01:46:19 -- 
2018-03-10 01:46:19 -- Epoch = 42/80:
2018-03-10 01:46:39 -- train loss = 0.0077
2018-03-10 01:46:39 -- dev loss = 0.0092
2018-03-10 01:46:39 -- train ROC AUC = 0.9899
2018-03-10 01:46:39 -- dev ROC AUC = 0.9857
2018-03-10 01:46:39 -- 
2018-03-10 01:46:39 -- Epoch = 43/80:
2018-03-10 01:47:01 -- train loss = 0.0078
2018-03-10 01:47:01 -- dev loss = 0.0092
2018-03-10 01:47:01 -- train ROC AUC = 0.9889
2018-03-10 01:47:01 -- dev ROC AUC = 0.9868
2018-03-10 01:47:01 -- New best dev ROC AUC = 0.9868
2018-03-10 01:47:01 -- Saving new best model...
2018-03-10 01:47:01 -- 
2018-03-10 01:47:01 -- Epoch = 44/80:
2018-03-10 01:47:22 -- train loss = 0.0076
2018-03-10 01:47:22 -- dev loss = 0.0092
2018-03-10 01:47:22 -- train ROC AUC = 0.9903
2018-03-10 01:47:22 -- dev ROC AUC = 0.9855
2018-03-10 01:47:22 -- 
2018-03-10 01:47:22 -- Epoch = 45/80:
2018-03-10 01:47:43 -- train loss = 0.0075
2018-03-10 01:47:43 -- dev loss = 0.0091
2018-03-10 01:47:43 -- train ROC AUC = 0.9904
2018-03-10 01:47:43 -- dev ROC AUC = 0.9864
2018-03-10 01:47:43 -- 
2018-03-10 01:47:43 -- Epoch = 46/80:
2018-03-10 01:48:06 -- train loss = 0.0074
2018-03-10 01:48:06 -- dev loss = 0.0091
2018-03-10 01:48:06 -- train ROC AUC = 0.9907
2018-03-10 01:48:06 -- dev ROC AUC = 0.9862
2018-03-10 01:48:06 -- 
2018-03-10 01:48:06 -- Epoch = 47/80:
2018-03-10 01:48:30 -- train loss = 0.0074
2018-03-10 01:48:30 -- dev loss = 0.0091
2018-03-10 01:48:30 -- train ROC AUC = 0.9909
2018-03-10 01:48:30 -- dev ROC AUC = 0.9870
2018-03-10 01:48:30 -- New best dev ROC AUC = 0.9870
2018-03-10 01:48:30 -- Saving new best model...
2018-03-10 01:48:30 -- 
2018-03-10 01:48:30 -- Epoch = 48/80:
2018-03-10 01:48:55 -- train loss = 0.0073
2018-03-10 01:48:55 -- dev loss = 0.0092
2018-03-10 01:48:55 -- train ROC AUC = 0.9915
2018-03-10 01:48:55 -- dev ROC AUC = 0.9858
2018-03-10 01:48:55 -- 
2018-03-10 01:48:55 -- Epoch = 49/80:
2018-03-10 01:49:21 -- train loss = 0.0072
2018-03-10 01:49:21 -- dev loss = 0.0093
2018-03-10 01:49:21 -- train ROC AUC = 0.9917
2018-03-10 01:49:21 -- dev ROC AUC = 0.9858
2018-03-10 01:49:21 -- 
2018-03-10 01:49:21 -- Epoch = 50/80:
2018-03-10 01:49:45 -- train loss = 0.0070
2018-03-10 01:49:45 -- dev loss = 0.0092
2018-03-10 01:49:45 -- train ROC AUC = 0.9913
2018-03-10 01:49:45 -- dev ROC AUC = 0.9870
2018-03-10 01:49:45 -- 
2018-03-10 01:49:45 -- Epoch = 51/80:
2018-03-10 01:50:11 -- train loss = 0.0072
2018-03-10 01:50:11 -- dev loss = 0.0093
2018-03-10 01:50:11 -- train ROC AUC = 0.9922
2018-03-10 01:50:11 -- dev ROC AUC = 0.9862
2018-03-10 01:50:11 -- 
2018-03-10 01:50:11 -- Epoch = 52/80:
2018-03-10 01:50:36 -- train loss = 0.0070
2018-03-10 01:50:36 -- dev loss = 0.0093
2018-03-10 01:50:36 -- train ROC AUC = 0.9926
2018-03-10 01:50:36 -- dev ROC AUC = 0.9862
2018-03-10 01:50:36 -- 
2018-03-10 01:50:36 -- Epoch = 53/80:
2018-03-10 01:51:02 -- train loss = 0.0070
2018-03-10 01:51:02 -- dev loss = 0.0091
2018-03-10 01:51:02 -- train ROC AUC = 0.9924
2018-03-10 01:51:02 -- dev ROC AUC = 0.9869
2018-03-10 01:51:02 -- 
2018-03-10 01:51:02 -- Epoch = 54/80:
2018-03-10 01:51:32 -- train loss = 0.0069
2018-03-10 01:51:32 -- dev loss = 0.0092
2018-03-10 01:51:32 -- train ROC AUC = 0.9913
2018-03-10 01:51:32 -- dev ROC AUC = 0.9871
2018-03-10 01:51:32 -- New best dev ROC AUC = 0.9871
2018-03-10 01:51:32 -- Saving new best model...
2018-03-10 01:51:37 -- 
2018-03-10 01:51:37 -- Epoch = 55/80:
2018-03-10 01:52:07 -- train loss = 0.0069
2018-03-10 01:52:07 -- dev loss = 0.0093
2018-03-10 01:52:07 -- train ROC AUC = 0.9929
2018-03-10 01:52:07 -- dev ROC AUC = 0.9864
2018-03-10 01:52:07 -- 
2018-03-10 01:52:07 -- Epoch = 56/80:
2018-03-10 01:52:36 -- train loss = 0.0068
2018-03-10 01:52:36 -- dev loss = 0.0092
2018-03-10 01:52:36 -- train ROC AUC = 0.9930
2018-03-10 01:52:36 -- dev ROC AUC = 0.9871
2018-03-10 01:52:36 -- 
2018-03-10 01:52:36 -- Epoch = 57/80:
2018-03-10 01:53:06 -- train loss = 0.0067
2018-03-10 01:53:06 -- dev loss = 0.0093
2018-03-10 01:53:06 -- train ROC AUC = 0.9934
2018-03-10 01:53:06 -- dev ROC AUC = 0.9857
2018-03-10 01:53:06 -- 
2018-03-10 01:53:06 -- Epoch = 58/80:
2018-03-10 01:53:38 -- train loss = 0.0067
2018-03-10 01:53:38 -- dev loss = 0.0092
2018-03-10 01:53:38 -- train ROC AUC = 0.9938
2018-03-10 01:53:38 -- dev ROC AUC = 0.9867
2018-03-10 01:53:38 -- 
2018-03-10 01:53:38 -- Epoch = 59/80:
2018-03-10 01:54:09 -- train loss = 0.0065
2018-03-10 01:54:09 -- dev loss = 0.0092
2018-03-10 01:54:09 -- train ROC AUC = 0.9936
2018-03-10 01:54:09 -- dev ROC AUC = 0.9860
2018-03-10 01:54:09 -- 
2018-03-10 01:54:09 -- Epoch = 60/80:
2018-03-10 01:54:41 -- train loss = 0.0065
2018-03-10 01:54:41 -- dev loss = 0.0093
2018-03-10 01:54:41 -- train ROC AUC = 0.9938
2018-03-10 01:54:41 -- dev ROC AUC = 0.9856
2018-03-10 01:54:41 -- 
2018-03-10 01:54:41 -- Epoch = 61/80:
2018-03-10 01:55:14 -- train loss = 0.0064
2018-03-10 01:55:14 -- dev loss = 0.0093
2018-03-10 01:55:14 -- train ROC AUC = 0.9942
2018-03-10 01:55:14 -- dev ROC AUC = 0.9864
2018-03-10 01:55:14 -- 
2018-03-10 01:55:14 -- Epoch = 62/80:
2018-03-10 01:55:50 -- train loss = 0.0065
2018-03-10 01:55:50 -- dev loss = 0.0094
2018-03-10 01:55:50 -- train ROC AUC = 0.9943
2018-03-10 01:55:50 -- dev ROC AUC = 0.9852
2018-03-10 01:55:50 -- 
2018-03-10 01:55:50 -- Epoch = 63/80:
2018-03-10 01:56:24 -- train loss = 0.0064
2018-03-10 01:56:24 -- dev loss = 0.0093
2018-03-10 01:56:24 -- train ROC AUC = 0.9914
2018-03-10 01:56:24 -- dev ROC AUC = 0.9867
2018-03-10 01:56:24 -- 
2018-03-10 01:56:24 -- Epoch = 64/80:
2018-03-10 01:57:00 -- train loss = 0.0063
2018-03-10 01:57:00 -- dev loss = 0.0093
2018-03-10 01:57:00 -- train ROC AUC = 0.9945
2018-03-10 01:57:00 -- dev ROC AUC = 0.9859
2018-03-10 01:57:00 -- 
2018-03-10 01:57:00 -- Epoch = 65/80:
2018-03-10 01:57:36 -- train loss = 0.0062
2018-03-10 01:57:36 -- dev loss = 0.0093
2018-03-10 01:57:36 -- train ROC AUC = 0.9948
2018-03-10 01:57:36 -- dev ROC AUC = 0.9856
2018-03-10 01:57:36 -- 
2018-03-10 01:57:36 -- Epoch = 66/80:
2018-03-10 01:58:12 -- train loss = 0.0061
2018-03-10 01:58:12 -- dev loss = 0.0094
2018-03-10 01:58:12 -- train ROC AUC = 0.9949
2018-03-10 01:58:12 -- dev ROC AUC = 0.9853
2018-03-10 01:58:12 -- 
2018-03-10 01:58:12 -- Epoch = 67/80:
2018-03-10 01:58:50 -- train loss = 0.0061
2018-03-10 01:58:50 -- dev loss = 0.0094
2018-03-10 01:58:50 -- train ROC AUC = 0.9948
2018-03-10 01:58:50 -- dev ROC AUC = 0.9862
2018-03-10 01:58:50 -- 
2018-03-10 01:58:50 -- Epoch = 68/80:
2018-03-10 01:59:28 -- train loss = 0.0061
2018-03-10 01:59:28 -- dev loss = 0.0094
2018-03-10 01:59:28 -- train ROC AUC = 0.9951
2018-03-10 01:59:28 -- dev ROC AUC = 0.9857
2018-03-10 01:59:28 -- 
2018-03-10 01:59:28 -- Epoch = 69/80:
2018-03-10 02:00:07 -- train loss = 0.0060
2018-03-10 02:00:07 -- dev loss = 0.0097
2018-03-10 02:00:07 -- train ROC AUC = 0.9951
2018-03-10 02:00:07 -- dev ROC AUC = 0.9851
2018-03-10 02:00:07 -- 
2018-03-10 02:00:07 -- Epoch = 70/80:
2018-03-10 02:00:47 -- train loss = 0.0059
2018-03-10 02:00:47 -- dev loss = 0.0095
2018-03-10 02:00:47 -- train ROC AUC = 0.9951
2018-03-10 02:00:47 -- dev ROC AUC = 0.9834
2018-03-10 02:00:47 -- 
2018-03-10 02:00:47 -- Epoch = 71/80:
2018-03-10 02:01:30 -- train loss = 0.0059
2018-03-10 02:01:30 -- dev loss = 0.0095
2018-03-10 02:01:30 -- train ROC AUC = 0.9955
2018-03-10 02:01:30 -- dev ROC AUC = 0.9848
2018-03-10 02:01:30 -- 
2018-03-10 02:01:30 -- Epoch = 72/80:
2018-03-10 02:02:12 -- train loss = 0.0059
2018-03-10 02:02:12 -- dev loss = 0.0094
2018-03-10 02:02:12 -- train ROC AUC = 0.9948
2018-03-10 02:02:12 -- dev ROC AUC = 0.9861
2018-03-10 02:02:12 -- 
2018-03-10 02:02:12 -- Epoch = 73/80:
2018-03-10 02:02:56 -- train loss = 0.0058
2018-03-10 02:02:56 -- dev loss = 0.0095
2018-03-10 02:02:56 -- train ROC AUC = 0.9953
2018-03-10 02:02:56 -- dev ROC AUC = 0.9857
2018-03-10 02:02:56 -- 
2018-03-10 02:02:56 -- Epoch = 74/80:
2018-03-10 02:03:38 -- train loss = 0.0057
2018-03-10 02:03:38 -- dev loss = 0.0095
2018-03-10 02:03:38 -- train ROC AUC = 0.9957
2018-03-10 02:03:38 -- dev ROC AUC = 0.9848
2018-03-10 02:03:38 -- 
2018-03-10 02:03:38 -- Epoch = 75/80:
2018-03-10 02:04:23 -- train loss = 0.0057
2018-03-10 02:04:23 -- dev loss = 0.0095
2018-03-10 02:04:23 -- train ROC AUC = 0.9957
2018-03-10 02:04:23 -- dev ROC AUC = 0.9856
2018-03-10 02:04:23 -- 
2018-03-10 02:04:23 -- Epoch = 76/80:
2018-03-10 02:05:10 -- train loss = 0.0056
2018-03-10 02:05:10 -- dev loss = 0.0101
2018-03-10 02:05:10 -- train ROC AUC = 0.9956
2018-03-10 02:05:10 -- dev ROC AUC = 0.9856
2018-03-10 02:05:10 -- 
2018-03-10 02:05:10 -- Epoch = 77/80:
2018-03-10 02:05:55 -- train loss = 0.0056
2018-03-10 02:05:55 -- dev loss = 0.0096
2018-03-10 02:05:55 -- train ROC AUC = 0.9959
2018-03-10 02:05:55 -- dev ROC AUC = 0.9835
2018-03-10 02:05:55 -- 
2018-03-10 02:05:55 -- Epoch = 78/80:
2018-03-10 02:06:45 -- train loss = 0.0055
2018-03-10 02:06:45 -- dev loss = 0.0096
2018-03-10 02:06:45 -- train ROC AUC = 0.9962
2018-03-10 02:06:45 -- dev ROC AUC = 0.9849
2018-03-10 02:06:45 -- 
2018-03-10 02:06:45 -- Epoch = 79/80:
2018-03-10 02:07:32 -- train loss = 0.0054
2018-03-10 02:07:32 -- dev loss = 0.0097
2018-03-10 02:07:32 -- train ROC AUC = 0.9962
2018-03-10 02:07:32 -- dev ROC AUC = 0.9843
2018-03-10 02:07:32 -- 
2018-03-10 02:07:32 -- Epoch = 80/80:
2018-03-10 02:08:22 -- train loss = 0.0054
2018-03-10 02:08:22 -- dev loss = 0.0097
2018-03-10 02:08:22 -- train ROC AUC = 0.9957
2018-03-10 02:08:22 -- dev ROC AUC = 0.9859
2018-03-10 02:08:22 -- 
2018-03-10 02:08:22 -- Testing...
2018-03-10 02:08:22 -- Rebuilding model...
2018-03-10 02:08:22 -- Restoring best model...
2018-03-10 02:08:25 -- Restoring parameters from out/ff_indep_threat/ff_indep_threat.weights
2018-03-10 02:08:25 -- Predicting labels for test set...
2018-03-10 02:09:01 -- Saving test prediction...
2018-03-10 02:09:02 -- 
2018-03-10 02:09:02 -- Evaluating...
2018-03-10 02:09:03 -- Mean column-wise ROC AUC - train = 0.9913
2018-03-10 02:09:03 -- Mean column-wise ROC AUC - dev = 0.9871
2018-03-10 02:09:03 -- ROC AUC of threat - train = 0.9913
2018-03-10 02:09:03 -- ROC AUC of threat - dev = 0.9871
2018-03-10 02:09:04 -- Mean column-wise average precision - train = 0.6588
2018-03-10 02:09:04 -- Mean column-wise average precision - dev = 0.3748
2018-03-10 02:09:04 -- average precision of threat - train = 0.6588
2018-03-10 02:09:04 -- average precision of threat - dev = 0.3748
