activation: !!python/name:tensorflow.python.ops.gen_nn_ops.relu ''
batch_size: 2048
class_weights: [1.0, 9.58871448, 1.810155, 31.99581504, 1.94160208, 10.88540896]
dropout: false
exp_name: ff_all_weighted
hidden_sizes: [30, 30]
keep_prob: 1
lr: 0.0005
n_epochs: 80
n_features: 300
n_labels: 6
n_layers: 2
optimizer: !!python/name:tensorflow.python.training.adam.AdamOptimizer ''
2018-03-09 23:56:20 -- 
2018-03-09 23:56:20 -- Initializing...
2018-03-09 23:56:20 -- Training...
2018-03-09 23:56:20 -- Building model...
2018-03-09 23:56:22 -- Training model...
2018-03-09 23:56:42 -- 
2018-03-09 23:56:42 -- Epoch = 1/80:
2018-03-09 23:56:46 -- train loss = 0.3132
2018-03-09 23:56:46 -- dev loss = 0.1332
2018-03-09 23:56:46 -- train ROC AUC = 0.4916
2018-03-09 23:56:46 -- dev ROC AUC = 0.4774
2018-03-09 23:56:46 -- New best dev ROC AUC = 0.4774
2018-03-09 23:56:46 -- Saving new best model...
2018-03-09 23:56:46 -- 
2018-03-09 23:56:46 -- Epoch = 2/80:
2018-03-09 23:56:50 -- train loss = 0.0743
2018-03-09 23:56:50 -- dev loss = 0.0513
2018-03-09 23:56:50 -- train ROC AUC = 0.6245
2018-03-09 23:56:50 -- dev ROC AUC = 0.6079
2018-03-09 23:56:50 -- New best dev ROC AUC = 0.6079
2018-03-09 23:56:50 -- Saving new best model...
2018-03-09 23:56:50 -- 
2018-03-09 23:56:50 -- Epoch = 3/80:
2018-03-09 23:56:55 -- train loss = 0.0469
2018-03-09 23:56:55 -- dev loss = 0.0453
2018-03-09 23:56:55 -- train ROC AUC = 0.8055
2018-03-09 23:56:55 -- dev ROC AUC = 0.7973
2018-03-09 23:56:55 -- New best dev ROC AUC = 0.7973
2018-03-09 23:56:55 -- Saving new best model...
2018-03-09 23:56:55 -- 
2018-03-09 23:56:55 -- Epoch = 4/80:
2018-03-09 23:56:59 -- train loss = 0.0427
2018-03-09 23:56:59 -- dev loss = 0.0421
2018-03-09 23:56:59 -- train ROC AUC = 0.8651
2018-03-09 23:56:59 -- dev ROC AUC = 0.8616
2018-03-09 23:56:59 -- New best dev ROC AUC = 0.8616
2018-03-09 23:56:59 -- Saving new best model...
2018-03-09 23:56:59 -- 
2018-03-09 23:56:59 -- Epoch = 5/80:
2018-03-09 23:57:04 -- train loss = 0.0400
2018-03-09 23:57:04 -- dev loss = 0.0397
2018-03-09 23:57:04 -- train ROC AUC = 0.8884
2018-03-09 23:57:04 -- dev ROC AUC = 0.8873
2018-03-09 23:57:04 -- New best dev ROC AUC = 0.8873
2018-03-09 23:57:04 -- Saving new best model...
2018-03-09 23:57:04 -- 
2018-03-09 23:57:04 -- Epoch = 6/80:
2018-03-09 23:57:09 -- train loss = 0.0380
2018-03-09 23:57:09 -- dev loss = 0.0378
2018-03-09 23:57:09 -- train ROC AUC = 0.9012
2018-03-09 23:57:09 -- dev ROC AUC = 0.9008
2018-03-09 23:57:09 -- New best dev ROC AUC = 0.9008
2018-03-09 23:57:09 -- Saving new best model...
2018-03-09 23:57:10 -- 
2018-03-09 23:57:10 -- Epoch = 7/80:
2018-03-09 23:57:15 -- train loss = 0.0364
2018-03-09 23:57:15 -- dev loss = 0.0364
2018-03-09 23:57:15 -- train ROC AUC = 0.9098
2018-03-09 23:57:15 -- dev ROC AUC = 0.9098
2018-03-09 23:57:15 -- New best dev ROC AUC = 0.9098
2018-03-09 23:57:15 -- Saving new best model...
2018-03-09 23:57:15 -- 
2018-03-09 23:57:15 -- Epoch = 8/80:
2018-03-09 23:57:20 -- train loss = 0.0353
2018-03-09 23:57:20 -- dev loss = 0.0354
2018-03-09 23:57:20 -- train ROC AUC = 0.9165
2018-03-09 23:57:20 -- dev ROC AUC = 0.9167
2018-03-09 23:57:20 -- New best dev ROC AUC = 0.9167
2018-03-09 23:57:20 -- Saving new best model...
2018-03-09 23:57:21 -- 
2018-03-09 23:57:21 -- Epoch = 9/80:
2018-03-09 23:57:26 -- train loss = 0.0343
2018-03-09 23:57:26 -- dev loss = 0.0344
2018-03-09 23:57:26 -- train ROC AUC = 0.9229
2018-03-09 23:57:26 -- dev ROC AUC = 0.9234
2018-03-09 23:57:26 -- New best dev ROC AUC = 0.9234
2018-03-09 23:57:26 -- Saving new best model...
2018-03-09 23:57:26 -- 
2018-03-09 23:57:26 -- Epoch = 10/80:
2018-03-09 23:57:32 -- train loss = 0.0334
2018-03-09 23:57:32 -- dev loss = 0.0334
2018-03-09 23:57:32 -- train ROC AUC = 0.9290
2018-03-09 23:57:32 -- dev ROC AUC = 0.9297
2018-03-09 23:57:32 -- New best dev ROC AUC = 0.9297
2018-03-09 23:57:32 -- Saving new best model...
2018-03-09 23:57:32 -- 
2018-03-09 23:57:32 -- Epoch = 11/80:
2018-03-09 23:57:39 -- train loss = 0.0324
2018-03-09 23:57:39 -- dev loss = 0.0325
2018-03-09 23:57:39 -- train ROC AUC = 0.9342
2018-03-09 23:57:39 -- dev ROC AUC = 0.9349
2018-03-09 23:57:39 -- New best dev ROC AUC = 0.9349
2018-03-09 23:57:39 -- Saving new best model...
2018-03-09 23:57:39 -- 
2018-03-09 23:57:39 -- Epoch = 12/80:
2018-03-09 23:57:46 -- train loss = 0.0316
2018-03-09 23:57:46 -- dev loss = 0.0317
2018-03-09 23:57:46 -- train ROC AUC = 0.9381
2018-03-09 23:57:46 -- dev ROC AUC = 0.9390
2018-03-09 23:57:46 -- New best dev ROC AUC = 0.9390
2018-03-09 23:57:46 -- Saving new best model...
2018-03-09 23:57:46 -- 
2018-03-09 23:57:46 -- Epoch = 13/80:
2018-03-09 23:57:52 -- train loss = 0.0309
2018-03-09 23:57:52 -- dev loss = 0.0310
2018-03-09 23:57:52 -- train ROC AUC = 0.9413
2018-03-09 23:57:52 -- dev ROC AUC = 0.9424
2018-03-09 23:57:52 -- New best dev ROC AUC = 0.9424
2018-03-09 23:57:52 -- Saving new best model...
2018-03-09 23:57:53 -- 
2018-03-09 23:57:53 -- Epoch = 14/80:
2018-03-09 23:58:00 -- train loss = 0.0302
2018-03-09 23:58:00 -- dev loss = 0.0303
2018-03-09 23:58:00 -- train ROC AUC = 0.9448
2018-03-09 23:58:00 -- dev ROC AUC = 0.9456
2018-03-09 23:58:00 -- New best dev ROC AUC = 0.9456
2018-03-09 23:58:00 -- Saving new best model...
2018-03-09 23:58:02 -- 
2018-03-09 23:58:02 -- Epoch = 15/80:
2018-03-09 23:58:09 -- train loss = 0.0296
2018-03-09 23:58:09 -- dev loss = 0.0297
2018-03-09 23:58:09 -- train ROC AUC = 0.9476
2018-03-09 23:58:09 -- dev ROC AUC = 0.9485
2018-03-09 23:58:09 -- New best dev ROC AUC = 0.9485
2018-03-09 23:58:09 -- Saving new best model...
2018-03-09 23:58:09 -- 
2018-03-09 23:58:10 -- Epoch = 16/80:
2018-03-09 23:58:17 -- train loss = 0.0290
2018-03-09 23:58:17 -- dev loss = 0.0290
2018-03-09 23:58:17 -- train ROC AUC = 0.9499
2018-03-09 23:58:17 -- dev ROC AUC = 0.9507
2018-03-09 23:58:17 -- New best dev ROC AUC = 0.9507
2018-03-09 23:58:17 -- Saving new best model...
2018-03-09 23:58:17 -- 
2018-03-09 23:58:17 -- Epoch = 17/80:
2018-03-09 23:58:25 -- train loss = 0.0285
2018-03-09 23:58:25 -- dev loss = 0.0286
2018-03-09 23:58:25 -- train ROC AUC = 0.9520
2018-03-09 23:58:25 -- dev ROC AUC = 0.9525
2018-03-09 23:58:25 -- New best dev ROC AUC = 0.9525
2018-03-09 23:58:25 -- Saving new best model...
2018-03-09 23:58:26 -- 
2018-03-09 23:58:26 -- Epoch = 18/80:
2018-03-09 23:58:34 -- train loss = 0.0279
2018-03-09 23:58:34 -- dev loss = 0.0280
2018-03-09 23:58:34 -- train ROC AUC = 0.9537
2018-03-09 23:58:34 -- dev ROC AUC = 0.9542
2018-03-09 23:58:34 -- New best dev ROC AUC = 0.9542
2018-03-09 23:58:34 -- Saving new best model...
2018-03-09 23:58:34 -- 
2018-03-09 23:58:34 -- Epoch = 19/80:
2018-03-09 23:58:43 -- train loss = 0.0275
2018-03-09 23:58:43 -- dev loss = 0.0275
2018-03-09 23:58:43 -- train ROC AUC = 0.9557
2018-03-09 23:58:43 -- dev ROC AUC = 0.9561
2018-03-09 23:58:43 -- New best dev ROC AUC = 0.9561
2018-03-09 23:58:43 -- Saving new best model...
2018-03-09 23:58:43 -- 
2018-03-09 23:58:43 -- Epoch = 20/80:
2018-03-09 23:58:52 -- train loss = 0.0270
2018-03-09 23:58:52 -- dev loss = 0.0271
2018-03-09 23:58:52 -- train ROC AUC = 0.9570
2018-03-09 23:58:52 -- dev ROC AUC = 0.9574
2018-03-09 23:58:52 -- New best dev ROC AUC = 0.9574
2018-03-09 23:58:52 -- Saving new best model...
2018-03-09 23:58:53 -- 
2018-03-09 23:58:53 -- Epoch = 21/80:
2018-03-09 23:59:02 -- train loss = 0.0267
2018-03-09 23:59:02 -- dev loss = 0.0267
2018-03-09 23:59:02 -- train ROC AUC = 0.9585
2018-03-09 23:59:02 -- dev ROC AUC = 0.9587
2018-03-09 23:59:02 -- New best dev ROC AUC = 0.9587
2018-03-09 23:59:02 -- Saving new best model...
2018-03-09 23:59:03 -- 
2018-03-09 23:59:03 -- Epoch = 22/80:
2018-03-09 23:59:13 -- train loss = 0.0262
2018-03-09 23:59:13 -- dev loss = 0.0264
2018-03-09 23:59:13 -- train ROC AUC = 0.9595
2018-03-09 23:59:13 -- dev ROC AUC = 0.9597
2018-03-09 23:59:13 -- New best dev ROC AUC = 0.9597
2018-03-09 23:59:13 -- Saving new best model...
2018-03-09 23:59:13 -- 
2018-03-09 23:59:13 -- Epoch = 23/80:
2018-03-09 23:59:24 -- train loss = 0.0259
2018-03-09 23:59:24 -- dev loss = 0.0260
2018-03-09 23:59:24 -- train ROC AUC = 0.9604
2018-03-09 23:59:24 -- dev ROC AUC = 0.9606
2018-03-09 23:59:24 -- New best dev ROC AUC = 0.9606
2018-03-09 23:59:24 -- Saving new best model...
2018-03-09 23:59:24 -- 
2018-03-09 23:59:24 -- Epoch = 24/80:
2018-03-09 23:59:34 -- train loss = 0.0255
2018-03-09 23:59:34 -- dev loss = 0.0257
2018-03-09 23:59:34 -- train ROC AUC = 0.9612
2018-03-09 23:59:34 -- dev ROC AUC = 0.9614
2018-03-09 23:59:34 -- New best dev ROC AUC = 0.9614
2018-03-09 23:59:34 -- Saving new best model...
2018-03-09 23:59:37 -- 
2018-03-09 23:59:37 -- Epoch = 25/80:
2018-03-09 23:59:48 -- train loss = 0.0253
2018-03-09 23:59:48 -- dev loss = 0.0254
2018-03-09 23:59:48 -- train ROC AUC = 0.9619
2018-03-09 23:59:48 -- dev ROC AUC = 0.9620
2018-03-09 23:59:48 -- New best dev ROC AUC = 0.9620
2018-03-09 23:59:48 -- Saving new best model...
2018-03-09 23:59:48 -- 
2018-03-09 23:59:48 -- Epoch = 26/80:
2018-03-09 23:59:59 -- train loss = 0.0251
2018-03-09 23:59:59 -- dev loss = 0.0251
2018-03-09 23:59:59 -- train ROC AUC = 0.9627
2018-03-09 23:59:59 -- dev ROC AUC = 0.9628
2018-03-09 23:59:59 -- New best dev ROC AUC = 0.9628
2018-03-09 23:59:59 -- Saving new best model...
2018-03-10 00:00:00 -- 
2018-03-10 00:00:00 -- Epoch = 27/80:
2018-03-10 00:00:12 -- train loss = 0.0249
2018-03-10 00:00:12 -- dev loss = 0.0250
2018-03-10 00:00:12 -- train ROC AUC = 0.9632
2018-03-10 00:00:12 -- dev ROC AUC = 0.9633
2018-03-10 00:00:12 -- New best dev ROC AUC = 0.9633
2018-03-10 00:00:12 -- Saving new best model...
2018-03-10 00:00:12 -- 
2018-03-10 00:00:12 -- Epoch = 28/80:
2018-03-10 00:00:24 -- train loss = 0.0246
2018-03-10 00:00:24 -- dev loss = 0.0247
2018-03-10 00:00:24 -- train ROC AUC = 0.9640
2018-03-10 00:00:24 -- dev ROC AUC = 0.9641
2018-03-10 00:00:24 -- New best dev ROC AUC = 0.9641
2018-03-10 00:00:24 -- Saving new best model...
2018-03-10 00:00:25 -- 
2018-03-10 00:00:25 -- Epoch = 29/80:
2018-03-10 00:00:38 -- train loss = 0.0244
2018-03-10 00:00:38 -- dev loss = 0.0246
2018-03-10 00:00:38 -- train ROC AUC = 0.9645
2018-03-10 00:00:38 -- dev ROC AUC = 0.9645
2018-03-10 00:00:38 -- New best dev ROC AUC = 0.9645
2018-03-10 00:00:38 -- Saving new best model...
2018-03-10 00:00:38 -- 
2018-03-10 00:00:38 -- Epoch = 30/80:
2018-03-10 00:00:51 -- train loss = 0.0243
2018-03-10 00:00:51 -- dev loss = 0.0246
2018-03-10 00:00:51 -- train ROC AUC = 0.9648
2018-03-10 00:00:51 -- dev ROC AUC = 0.9645
2018-03-10 00:00:51 -- New best dev ROC AUC = 0.9645
2018-03-10 00:00:51 -- Saving new best model...
2018-03-10 00:00:51 -- 
2018-03-10 00:00:51 -- Epoch = 31/80:
2018-03-10 00:01:05 -- train loss = 0.0241
2018-03-10 00:01:05 -- dev loss = 0.0243
2018-03-10 00:01:05 -- train ROC AUC = 0.9654
2018-03-10 00:01:05 -- dev ROC AUC = 0.9653
2018-03-10 00:01:05 -- New best dev ROC AUC = 0.9653
2018-03-10 00:01:05 -- Saving new best model...
2018-03-10 00:01:07 -- 
2018-03-10 00:01:07 -- Epoch = 32/80:
2018-03-10 00:01:21 -- train loss = 0.0239
2018-03-10 00:01:21 -- dev loss = 0.0241
2018-03-10 00:01:21 -- train ROC AUC = 0.9658
2018-03-10 00:01:21 -- dev ROC AUC = 0.9656
2018-03-10 00:01:21 -- New best dev ROC AUC = 0.9656
2018-03-10 00:01:21 -- Saving new best model...
2018-03-10 00:01:21 -- 
2018-03-10 00:01:21 -- Epoch = 33/80:
2018-03-10 00:01:36 -- train loss = 0.0237
2018-03-10 00:01:36 -- dev loss = 0.0240
2018-03-10 00:01:36 -- train ROC AUC = 0.9661
2018-03-10 00:01:36 -- dev ROC AUC = 0.9658
2018-03-10 00:01:36 -- New best dev ROC AUC = 0.9658
2018-03-10 00:01:36 -- Saving new best model...
2018-03-10 00:01:37 -- 
2018-03-10 00:01:37 -- Epoch = 34/80:
2018-03-10 00:01:52 -- train loss = 0.0236
2018-03-10 00:01:52 -- dev loss = 0.0239
2018-03-10 00:01:52 -- train ROC AUC = 0.9666
2018-03-10 00:01:52 -- dev ROC AUC = 0.9663
2018-03-10 00:01:52 -- New best dev ROC AUC = 0.9663
2018-03-10 00:01:52 -- Saving new best model...
2018-03-10 00:01:53 -- 
2018-03-10 00:01:53 -- Epoch = 35/80:
2018-03-10 00:02:09 -- train loss = 0.0234
2018-03-10 00:02:09 -- dev loss = 0.0238
2018-03-10 00:02:09 -- train ROC AUC = 0.9672
2018-03-10 00:02:09 -- dev ROC AUC = 0.9667
2018-03-10 00:02:09 -- New best dev ROC AUC = 0.9667
2018-03-10 00:02:09 -- Saving new best model...
2018-03-10 00:02:09 -- 
2018-03-10 00:02:09 -- Epoch = 36/80:
2018-03-10 00:02:27 -- train loss = 0.0234
2018-03-10 00:02:27 -- dev loss = 0.0237
2018-03-10 00:02:27 -- train ROC AUC = 0.9675
2018-03-10 00:02:27 -- dev ROC AUC = 0.9669
2018-03-10 00:02:27 -- New best dev ROC AUC = 0.9669
2018-03-10 00:02:27 -- Saving new best model...
2018-03-10 00:02:27 -- 
2018-03-10 00:02:27 -- Epoch = 37/80:
2018-03-10 00:02:45 -- train loss = 0.0232
2018-03-10 00:02:45 -- dev loss = 0.0236
2018-03-10 00:02:45 -- train ROC AUC = 0.9674
2018-03-10 00:02:45 -- dev ROC AUC = 0.9670
2018-03-10 00:02:45 -- New best dev ROC AUC = 0.9670
2018-03-10 00:02:45 -- Saving new best model...
2018-03-10 00:02:47 -- 
2018-03-10 00:02:47 -- Epoch = 38/80:
2018-03-10 00:03:05 -- train loss = 0.0230
2018-03-10 00:03:05 -- dev loss = 0.0236
2018-03-10 00:03:05 -- train ROC AUC = 0.9681
2018-03-10 00:03:05 -- dev ROC AUC = 0.9675
2018-03-10 00:03:05 -- New best dev ROC AUC = 0.9675
2018-03-10 00:03:05 -- Saving new best model...
2018-03-10 00:03:05 -- 
2018-03-10 00:03:05 -- Epoch = 39/80:
2018-03-10 00:03:23 -- train loss = 0.0229
2018-03-10 00:03:23 -- dev loss = 0.0235
2018-03-10 00:03:23 -- train ROC AUC = 0.9681
2018-03-10 00:03:23 -- dev ROC AUC = 0.9674
2018-03-10 00:03:23 -- 
2018-03-10 00:03:23 -- Epoch = 40/80:
2018-03-10 00:03:41 -- train loss = 0.0229
2018-03-10 00:03:41 -- dev loss = 0.0234
2018-03-10 00:03:41 -- train ROC AUC = 0.9685
2018-03-10 00:03:41 -- dev ROC AUC = 0.9678
2018-03-10 00:03:41 -- New best dev ROC AUC = 0.9678
2018-03-10 00:03:41 -- Saving new best model...
2018-03-10 00:03:41 -- 
2018-03-10 00:03:41 -- Epoch = 41/80:
2018-03-10 00:04:00 -- train loss = 0.0227
2018-03-10 00:04:00 -- dev loss = 0.0234
2018-03-10 00:04:00 -- train ROC AUC = 0.9688
2018-03-10 00:04:00 -- dev ROC AUC = 0.9680
2018-03-10 00:04:00 -- New best dev ROC AUC = 0.9680
2018-03-10 00:04:00 -- Saving new best model...
2018-03-10 00:04:01 -- 
2018-03-10 00:04:01 -- Epoch = 42/80:
2018-03-10 00:04:20 -- train loss = 0.0227
2018-03-10 00:04:20 -- dev loss = 0.0233
2018-03-10 00:04:20 -- train ROC AUC = 0.9690
2018-03-10 00:04:20 -- dev ROC AUC = 0.9681
2018-03-10 00:04:20 -- New best dev ROC AUC = 0.9681
2018-03-10 00:04:20 -- Saving new best model...
2018-03-10 00:04:21 -- 
2018-03-10 00:04:21 -- Epoch = 43/80:
2018-03-10 00:04:41 -- train loss = 0.0226
2018-03-10 00:04:41 -- dev loss = 0.0232
2018-03-10 00:04:41 -- train ROC AUC = 0.9692
2018-03-10 00:04:41 -- dev ROC AUC = 0.9683
2018-03-10 00:04:41 -- New best dev ROC AUC = 0.9683
2018-03-10 00:04:41 -- Saving new best model...
2018-03-10 00:04:43 -- 
2018-03-10 00:04:43 -- Epoch = 44/80:
2018-03-10 00:05:03 -- train loss = 0.0225
2018-03-10 00:05:03 -- dev loss = 0.0232
2018-03-10 00:05:03 -- train ROC AUC = 0.9694
2018-03-10 00:05:03 -- dev ROC AUC = 0.9684
2018-03-10 00:05:03 -- New best dev ROC AUC = 0.9684
2018-03-10 00:05:03 -- Saving new best model...
2018-03-10 00:05:04 -- 
2018-03-10 00:05:04 -- Epoch = 45/80:
2018-03-10 00:05:25 -- train loss = 0.0224
2018-03-10 00:05:25 -- dev loss = 0.0231
2018-03-10 00:05:25 -- train ROC AUC = 0.9695
2018-03-10 00:05:25 -- dev ROC AUC = 0.9686
2018-03-10 00:05:25 -- New best dev ROC AUC = 0.9686
2018-03-10 00:05:25 -- Saving new best model...
2018-03-10 00:05:25 -- 
2018-03-10 00:05:25 -- Epoch = 46/80:
2018-03-10 00:05:47 -- train loss = 0.0223
2018-03-10 00:05:47 -- dev loss = 0.0231
2018-03-10 00:05:47 -- train ROC AUC = 0.9698
2018-03-10 00:05:47 -- dev ROC AUC = 0.9688
2018-03-10 00:05:47 -- New best dev ROC AUC = 0.9688
2018-03-10 00:05:47 -- Saving new best model...
2018-03-10 00:05:47 -- 
2018-03-10 00:05:47 -- Epoch = 47/80:
2018-03-10 00:06:10 -- train loss = 0.0222
2018-03-10 00:06:10 -- dev loss = 0.0230
2018-03-10 00:06:10 -- train ROC AUC = 0.9699
2018-03-10 00:06:10 -- dev ROC AUC = 0.9687
2018-03-10 00:06:10 -- 
2018-03-10 00:06:10 -- Epoch = 48/80:
2018-03-10 00:06:33 -- train loss = 0.0221
2018-03-10 00:06:33 -- dev loss = 0.0230
2018-03-10 00:06:33 -- train ROC AUC = 0.9700
2018-03-10 00:06:33 -- dev ROC AUC = 0.9689
2018-03-10 00:06:33 -- New best dev ROC AUC = 0.9689
2018-03-10 00:06:33 -- Saving new best model...
2018-03-10 00:06:34 -- 
2018-03-10 00:06:34 -- Epoch = 49/80:
2018-03-10 00:06:58 -- train loss = 0.0220
2018-03-10 00:06:58 -- dev loss = 0.0230
2018-03-10 00:06:58 -- train ROC AUC = 0.9701
2018-03-10 00:06:58 -- dev ROC AUC = 0.9689
2018-03-10 00:06:58 -- New best dev ROC AUC = 0.9689
2018-03-10 00:06:58 -- Saving new best model...
2018-03-10 00:06:59 -- 
2018-03-10 00:06:59 -- Epoch = 50/80:
2018-03-10 00:07:23 -- train loss = 0.0219
2018-03-10 00:07:23 -- dev loss = 0.0231
2018-03-10 00:07:23 -- train ROC AUC = 0.9701
2018-03-10 00:07:23 -- dev ROC AUC = 0.9690
2018-03-10 00:07:23 -- New best dev ROC AUC = 0.9690
2018-03-10 00:07:23 -- Saving new best model...
2018-03-10 00:07:25 -- 
2018-03-10 00:07:25 -- Epoch = 51/80:
2018-03-10 00:07:49 -- train loss = 0.0219
2018-03-10 00:07:49 -- dev loss = 0.0229
2018-03-10 00:07:49 -- train ROC AUC = 0.9705
2018-03-10 00:07:49 -- dev ROC AUC = 0.9692
2018-03-10 00:07:49 -- New best dev ROC AUC = 0.9692
2018-03-10 00:07:49 -- Saving new best model...
2018-03-10 00:07:50 -- 
2018-03-10 00:07:50 -- Epoch = 52/80:
2018-03-10 00:08:16 -- train loss = 0.0218
2018-03-10 00:08:16 -- dev loss = 0.0229
2018-03-10 00:08:16 -- train ROC AUC = 0.9709
2018-03-10 00:08:16 -- dev ROC AUC = 0.9693
2018-03-10 00:08:16 -- New best dev ROC AUC = 0.9693
2018-03-10 00:08:16 -- Saving new best model...
2018-03-10 00:08:16 -- 
2018-03-10 00:08:16 -- Epoch = 53/80:
2018-03-10 00:08:44 -- train loss = 0.0217
2018-03-10 00:08:44 -- dev loss = 0.0228
2018-03-10 00:08:44 -- train ROC AUC = 0.9710
2018-03-10 00:08:44 -- dev ROC AUC = 0.9694
2018-03-10 00:08:44 -- New best dev ROC AUC = 0.9694
2018-03-10 00:08:44 -- Saving new best model...
2018-03-10 00:08:45 -- 
2018-03-10 00:08:45 -- Epoch = 54/80:
2018-03-10 00:09:12 -- train loss = 0.0217
2018-03-10 00:09:12 -- dev loss = 0.0229
2018-03-10 00:09:12 -- train ROC AUC = 0.9708
2018-03-10 00:09:12 -- dev ROC AUC = 0.9692
2018-03-10 00:09:12 -- 
2018-03-10 00:09:12 -- Epoch = 55/80:
2018-03-10 00:09:39 -- train loss = 0.0216
2018-03-10 00:09:39 -- dev loss = 0.0228
2018-03-10 00:09:39 -- train ROC AUC = 0.9711
2018-03-10 00:09:39 -- dev ROC AUC = 0.9695
2018-03-10 00:09:39 -- New best dev ROC AUC = 0.9695
2018-03-10 00:09:39 -- Saving new best model...
2018-03-10 00:09:41 -- 
2018-03-10 00:09:41 -- Epoch = 56/80:
2018-03-10 00:10:09 -- train loss = 0.0216
2018-03-10 00:10:09 -- dev loss = 0.0229
2018-03-10 00:10:09 -- train ROC AUC = 0.9708
2018-03-10 00:10:09 -- dev ROC AUC = 0.9692
2018-03-10 00:10:09 -- 
2018-03-10 00:10:09 -- Epoch = 57/80:
2018-03-10 00:10:38 -- train loss = 0.0215
2018-03-10 00:10:38 -- dev loss = 0.0229
2018-03-10 00:10:38 -- train ROC AUC = 0.9713
2018-03-10 00:10:38 -- dev ROC AUC = 0.9696
2018-03-10 00:10:38 -- New best dev ROC AUC = 0.9696
2018-03-10 00:10:38 -- Saving new best model...
2018-03-10 00:10:38 -- 
2018-03-10 00:10:38 -- Epoch = 58/80:
2018-03-10 00:11:08 -- train loss = 0.0215
2018-03-10 00:11:08 -- dev loss = 0.0227
2018-03-10 00:11:08 -- train ROC AUC = 0.9715
2018-03-10 00:11:08 -- dev ROC AUC = 0.9697
2018-03-10 00:11:08 -- New best dev ROC AUC = 0.9697
2018-03-10 00:11:08 -- Saving new best model...
2018-03-10 00:11:08 -- 
2018-03-10 00:11:08 -- Epoch = 59/80:
2018-03-10 00:11:39 -- train loss = 0.0214
2018-03-10 00:11:39 -- dev loss = 0.0227
2018-03-10 00:11:39 -- train ROC AUC = 0.9718
2018-03-10 00:11:39 -- dev ROC AUC = 0.9697
2018-03-10 00:11:39 -- New best dev ROC AUC = 0.9697
2018-03-10 00:11:39 -- Saving new best model...
2018-03-10 00:11:39 -- 
2018-03-10 00:11:39 -- Epoch = 60/80:
2018-03-10 00:12:10 -- train loss = 0.0213
2018-03-10 00:12:10 -- dev loss = 0.0227
2018-03-10 00:12:10 -- train ROC AUC = 0.9716
2018-03-10 00:12:10 -- dev ROC AUC = 0.9696
2018-03-10 00:12:10 -- 
2018-03-10 00:12:10 -- Epoch = 61/80:
2018-03-10 00:12:42 -- train loss = 0.0213
2018-03-10 00:12:42 -- dev loss = 0.0227
2018-03-10 00:12:42 -- train ROC AUC = 0.9717
2018-03-10 00:12:42 -- dev ROC AUC = 0.9699
2018-03-10 00:12:42 -- New best dev ROC AUC = 0.9699
2018-03-10 00:12:42 -- Saving new best model...
2018-03-10 00:12:44 -- 
2018-03-10 00:12:44 -- Epoch = 62/80:
2018-03-10 00:13:17 -- train loss = 0.0213
2018-03-10 00:13:17 -- dev loss = 0.0227
2018-03-10 00:13:17 -- train ROC AUC = 0.9719
2018-03-10 00:13:17 -- dev ROC AUC = 0.9698
2018-03-10 00:13:17 -- 
2018-03-10 00:13:17 -- Epoch = 63/80:
2018-03-10 00:13:51 -- train loss = 0.0212
2018-03-10 00:13:51 -- dev loss = 0.0226
2018-03-10 00:13:51 -- train ROC AUC = 0.9722
2018-03-10 00:13:51 -- dev ROC AUC = 0.9700
2018-03-10 00:13:51 -- New best dev ROC AUC = 0.9700
2018-03-10 00:13:51 -- Saving new best model...
2018-03-10 00:13:52 -- 
2018-03-10 00:13:52 -- Epoch = 64/80:
2018-03-10 00:14:26 -- train loss = 0.0211
2018-03-10 00:14:26 -- dev loss = 0.0226
2018-03-10 00:14:26 -- train ROC AUC = 0.9719
2018-03-10 00:14:26 -- dev ROC AUC = 0.9697
2018-03-10 00:14:26 -- 
2018-03-10 00:14:26 -- Epoch = 65/80:
2018-03-10 00:15:01 -- train loss = 0.0211
2018-03-10 00:15:01 -- dev loss = 0.0226
2018-03-10 00:15:01 -- train ROC AUC = 0.9722
2018-03-10 00:15:01 -- dev ROC AUC = 0.9699
2018-03-10 00:15:01 -- 
2018-03-10 00:15:01 -- Epoch = 66/80:
2018-03-10 00:15:37 -- train loss = 0.0210
2018-03-10 00:15:37 -- dev loss = 0.0226
2018-03-10 00:15:37 -- train ROC AUC = 0.9723
2018-03-10 00:15:37 -- dev ROC AUC = 0.9699
2018-03-10 00:15:37 -- 
2018-03-10 00:15:37 -- Epoch = 67/80:
2018-03-10 00:16:14 -- train loss = 0.0210
2018-03-10 00:16:14 -- dev loss = 0.0226
2018-03-10 00:16:14 -- train ROC AUC = 0.9726
2018-03-10 00:16:14 -- dev ROC AUC = 0.9699
2018-03-10 00:16:14 -- 
2018-03-10 00:16:14 -- Epoch = 68/80:
2018-03-10 00:16:52 -- train loss = 0.0209
2018-03-10 00:16:52 -- dev loss = 0.0225
2018-03-10 00:16:52 -- train ROC AUC = 0.9727
2018-03-10 00:16:52 -- dev ROC AUC = 0.9701
2018-03-10 00:16:52 -- New best dev ROC AUC = 0.9701
2018-03-10 00:16:52 -- Saving new best model...
2018-03-10 00:16:53 -- 
2018-03-10 00:16:53 -- Epoch = 69/80:
2018-03-10 00:17:33 -- train loss = 0.0208
2018-03-10 00:17:33 -- dev loss = 0.0226
2018-03-10 00:17:33 -- train ROC AUC = 0.9727
2018-03-10 00:17:33 -- dev ROC AUC = 0.9700
2018-03-10 00:17:33 -- 
2018-03-10 00:17:33 -- Epoch = 70/80:
2018-03-10 00:18:13 -- train loss = 0.0208
2018-03-10 00:18:13 -- dev loss = 0.0226
2018-03-10 00:18:13 -- train ROC AUC = 0.9728
2018-03-10 00:18:13 -- dev ROC AUC = 0.9699
2018-03-10 00:18:13 -- 
2018-03-10 00:18:13 -- Epoch = 71/80:
2018-03-10 00:18:55 -- train loss = 0.0208
2018-03-10 00:18:55 -- dev loss = 0.0225
2018-03-10 00:18:55 -- train ROC AUC = 0.9730
2018-03-10 00:18:55 -- dev ROC AUC = 0.9701
2018-03-10 00:18:55 -- 
2018-03-10 00:18:55 -- Epoch = 72/80:
2018-03-10 00:19:38 -- train loss = 0.0208
2018-03-10 00:19:38 -- dev loss = 0.0225
2018-03-10 00:19:38 -- train ROC AUC = 0.9730
2018-03-10 00:19:38 -- dev ROC AUC = 0.9701
2018-03-10 00:19:38 -- 
2018-03-10 00:19:38 -- Epoch = 73/80:
2018-03-10 00:20:21 -- train loss = 0.0208
2018-03-10 00:20:21 -- dev loss = 0.0225
2018-03-10 00:20:21 -- train ROC AUC = 0.9730
2018-03-10 00:20:21 -- dev ROC AUC = 0.9699
2018-03-10 00:20:21 -- 
2018-03-10 00:20:21 -- Epoch = 74/80:
2018-03-10 00:21:06 -- train loss = 0.0207
2018-03-10 00:21:06 -- dev loss = 0.0225
2018-03-10 00:21:06 -- train ROC AUC = 0.9733
2018-03-10 00:21:06 -- dev ROC AUC = 0.9702
2018-03-10 00:21:06 -- New best dev ROC AUC = 0.9702
2018-03-10 00:21:06 -- Saving new best model...
2018-03-10 00:21:08 -- 
2018-03-10 00:21:08 -- Epoch = 75/80:
2018-03-10 00:21:54 -- train loss = 0.0206
2018-03-10 00:21:54 -- dev loss = 0.0226
2018-03-10 00:21:54 -- train ROC AUC = 0.9733
2018-03-10 00:21:54 -- dev ROC AUC = 0.9703
2018-03-10 00:21:54 -- New best dev ROC AUC = 0.9703
2018-03-10 00:21:54 -- Saving new best model...
2018-03-10 00:22:00 -- 
2018-03-10 00:22:00 -- Epoch = 76/80:
2018-03-10 00:22:46 -- train loss = 0.0206
2018-03-10 00:22:46 -- dev loss = 0.0225
2018-03-10 00:22:46 -- train ROC AUC = 0.9733
2018-03-10 00:22:46 -- dev ROC AUC = 0.9701
2018-03-10 00:22:46 -- 
2018-03-10 00:22:46 -- Epoch = 77/80:
2018-03-10 00:23:31 -- train loss = 0.0204
2018-03-10 00:23:31 -- dev loss = 0.0224
2018-03-10 00:23:31 -- train ROC AUC = 0.9734
2018-03-10 00:23:31 -- dev ROC AUC = 0.9701
2018-03-10 00:23:31 -- 
2018-03-10 00:23:31 -- Epoch = 78/80:
2018-03-10 00:24:16 -- train loss = 0.0205
2018-03-10 00:24:16 -- dev loss = 0.0225
2018-03-10 00:24:16 -- train ROC AUC = 0.9735
2018-03-10 00:24:16 -- dev ROC AUC = 0.9700
2018-03-10 00:24:16 -- 
2018-03-10 00:24:16 -- Epoch = 79/80:
2018-03-10 00:25:03 -- train loss = 0.0204
2018-03-10 00:25:03 -- dev loss = 0.0224
2018-03-10 00:25:03 -- train ROC AUC = 0.9737
2018-03-10 00:25:03 -- dev ROC AUC = 0.9702
2018-03-10 00:25:03 -- 
2018-03-10 00:25:03 -- Epoch = 80/80:
2018-03-10 00:25:50 -- train loss = 0.0204
2018-03-10 00:25:50 -- dev loss = 0.0225
2018-03-10 00:25:50 -- train ROC AUC = 0.9738
2018-03-10 00:25:50 -- dev ROC AUC = 0.9702
2018-03-10 00:25:50 -- 
2018-03-10 00:25:50 -- Testing...
2018-03-10 00:25:50 -- Rebuilding model...
2018-03-10 00:25:51 -- Restoring best model...
2018-03-10 00:25:52 -- Restoring parameters from out/ff_all_weighted/ff_all_weighted.weights
2018-03-10 00:25:53 -- Predicting labels for test set...
2018-03-10 00:26:17 -- Saving test prediction...
2018-03-10 00:26:19 -- 
2018-03-10 00:26:19 -- Evaluating...
2018-03-10 00:26:20 -- Mean column-wise ROC AUC - train = 0.9733
2018-03-10 00:26:20 -- Mean column-wise ROC AUC - dev = 0.9703
2018-03-10 00:26:20 -- ROC AUC of toxic - train = 0.9503
2018-03-10 00:26:20 -- ROC AUC of toxic - dev = 0.9495
2018-03-10 00:26:20 -- ROC AUC of severe_toxic - train = 0.9863
2018-03-10 00:26:20 -- ROC AUC of severe_toxic - dev = 0.9824
2018-03-10 00:26:21 -- ROC AUC of obscene - train = 0.9667
2018-03-10 00:26:21 -- ROC AUC of obscene - dev = 0.9646
2018-03-10 00:26:21 -- ROC AUC of threat - train = 0.9896
2018-03-10 00:26:21 -- ROC AUC of threat - dev = 0.9894
2018-03-10 00:26:21 -- ROC AUC of insult - train = 0.9668
2018-03-10 00:26:21 -- ROC AUC of insult - dev = 0.9625
2018-03-10 00:26:21 -- ROC AUC of identity_hate - train = 0.9800
2018-03-10 00:26:21 -- ROC AUC of identity_hate - dev = 0.9733
2018-03-10 00:26:22 -- Mean column-wise average precision - train = 0.6316
2018-03-10 00:26:22 -- Mean column-wise average precision - dev = 0.5713
2018-03-10 00:26:23 -- average precision of toxic - train = 0.7880
2018-03-10 00:26:23 -- average precision of toxic - dev = 0.7765
2018-03-10 00:26:23 -- average precision of severe_toxic - train = 0.4616
2018-03-10 00:26:23 -- average precision of severe_toxic - dev = 0.3610
2018-03-10 00:26:23 -- average precision of obscene - train = 0.7715
2018-03-10 00:26:23 -- average precision of obscene - dev = 0.7597
2018-03-10 00:26:23 -- average precision of threat - train = 0.5779
2018-03-10 00:26:23 -- average precision of threat - dev = 0.4518
2018-03-10 00:26:23 -- average precision of insult - train = 0.7001
2018-03-10 00:26:23 -- average precision of insult - dev = 0.6884
2018-03-10 00:26:23 -- average precision of identity_hate - train = 0.4903
2018-03-10 00:26:24 -- average precision of identity_hate - dev = 0.3902
