activation: !!python/name:tensorflow.python.ops.gen_nn_ops.relu ''
batch_size: 2048
dropout: false
exp_name: ff_indep_obscene
hidden_sizes: [30, 30]
keep_prob: 1
lr: 0.0005
n_epochs: 80
n_features: 300
n_labels: 1
n_layers: 2
optimizer: !!python/name:tensorflow.python.training.adam.AdamOptimizer ''
2018-03-10 01:03:57 -- 
2018-03-10 01:03:57 -- Initializing...
2018-03-10 01:03:57 -- Training...
2018-03-10 01:03:57 -- Building model...
2018-03-10 01:03:58 -- Training model...
2018-03-10 01:04:25 -- 
2018-03-10 01:04:25 -- Epoch = 1/80:
2018-03-10 01:04:29 -- train loss = 0.4009
2018-03-10 01:04:29 -- dev loss = 0.2024
2018-03-10 01:04:29 -- train ROC AUC = 0.6894
2018-03-10 01:04:29 -- dev ROC AUC = 0.6995
2018-03-10 01:04:29 -- New best dev ROC AUC = 0.6995
2018-03-10 01:04:29 -- Saving new best model...
2018-03-10 01:04:29 -- 
2018-03-10 01:04:29 -- Epoch = 2/80:
2018-03-10 01:04:33 -- train loss = 0.1823
2018-03-10 01:04:33 -- dev loss = 0.1613
2018-03-10 01:04:33 -- train ROC AUC = 0.8859
2018-03-10 01:04:33 -- dev ROC AUC = 0.8933
2018-03-10 01:04:33 -- New best dev ROC AUC = 0.8933
2018-03-10 01:04:33 -- Saving new best model...
2018-03-10 01:04:33 -- 
2018-03-10 01:04:33 -- Epoch = 3/80:
2018-03-10 01:04:37 -- train loss = 0.1510
2018-03-10 01:04:37 -- dev loss = 0.1383
2018-03-10 01:04:37 -- train ROC AUC = 0.9073
2018-03-10 01:04:37 -- dev ROC AUC = 0.9133
2018-03-10 01:04:37 -- New best dev ROC AUC = 0.9133
2018-03-10 01:04:37 -- Saving new best model...
2018-03-10 01:04:37 -- 
2018-03-10 01:04:37 -- Epoch = 4/80:
2018-03-10 01:04:41 -- train loss = 0.1341
2018-03-10 01:04:41 -- dev loss = 0.1230
2018-03-10 01:04:41 -- train ROC AUC = 0.9239
2018-03-10 01:04:41 -- dev ROC AUC = 0.9305
2018-03-10 01:04:41 -- New best dev ROC AUC = 0.9305
2018-03-10 01:04:41 -- Saving new best model...
2018-03-10 01:04:41 -- 
2018-03-10 01:04:41 -- Epoch = 5/80:
2018-03-10 01:04:45 -- train loss = 0.1206
2018-03-10 01:04:45 -- dev loss = 0.1101
2018-03-10 01:04:45 -- train ROC AUC = 0.9370
2018-03-10 01:04:45 -- dev ROC AUC = 0.9440
2018-03-10 01:04:45 -- New best dev ROC AUC = 0.9440
2018-03-10 01:04:45 -- Saving new best model...
2018-03-10 01:04:45 -- 
2018-03-10 01:04:45 -- Epoch = 6/80:
2018-03-10 01:04:50 -- train loss = 0.1116
2018-03-10 01:04:50 -- dev loss = 0.1029
2018-03-10 01:04:50 -- train ROC AUC = 0.9439
2018-03-10 01:04:50 -- dev ROC AUC = 0.9505
2018-03-10 01:04:50 -- New best dev ROC AUC = 0.9505
2018-03-10 01:04:50 -- Saving new best model...
2018-03-10 01:04:54 -- 
2018-03-10 01:04:54 -- Epoch = 7/80:
2018-03-10 01:04:58 -- train loss = 0.1060
2018-03-10 01:04:58 -- dev loss = 0.0984
2018-03-10 01:04:58 -- train ROC AUC = 0.9487
2018-03-10 01:04:58 -- dev ROC AUC = 0.9549
2018-03-10 01:04:58 -- New best dev ROC AUC = 0.9549
2018-03-10 01:04:58 -- Saving new best model...
2018-03-10 01:04:59 -- 
2018-03-10 01:04:59 -- Epoch = 8/80:
2018-03-10 01:05:03 -- train loss = 0.1022
2018-03-10 01:05:03 -- dev loss = 0.0950
2018-03-10 01:05:03 -- train ROC AUC = 0.9518
2018-03-10 01:05:03 -- dev ROC AUC = 0.9575
2018-03-10 01:05:03 -- New best dev ROC AUC = 0.9575
2018-03-10 01:05:03 -- Saving new best model...
2018-03-10 01:05:04 -- 
2018-03-10 01:05:04 -- Epoch = 9/80:
2018-03-10 01:05:09 -- train loss = 0.0991
2018-03-10 01:05:09 -- dev loss = 0.0927
2018-03-10 01:05:09 -- train ROC AUC = 0.9541
2018-03-10 01:05:09 -- dev ROC AUC = 0.9593
2018-03-10 01:05:09 -- New best dev ROC AUC = 0.9593
2018-03-10 01:05:09 -- Saving new best model...
2018-03-10 01:05:09 -- 
2018-03-10 01:05:09 -- Epoch = 10/80:
2018-03-10 01:05:14 -- train loss = 0.0963
2018-03-10 01:05:14 -- dev loss = 0.0899
2018-03-10 01:05:14 -- train ROC AUC = 0.9563
2018-03-10 01:05:14 -- dev ROC AUC = 0.9613
2018-03-10 01:05:14 -- New best dev ROC AUC = 0.9613
2018-03-10 01:05:14 -- Saving new best model...
2018-03-10 01:05:15 -- 
2018-03-10 01:05:15 -- Epoch = 11/80:
2018-03-10 01:05:20 -- train loss = 0.0941
2018-03-10 01:05:20 -- dev loss = 0.0881
2018-03-10 01:05:20 -- train ROC AUC = 0.9578
2018-03-10 01:05:20 -- dev ROC AUC = 0.9621
2018-03-10 01:05:20 -- New best dev ROC AUC = 0.9621
2018-03-10 01:05:20 -- Saving new best model...
2018-03-10 01:05:20 -- 
2018-03-10 01:05:20 -- Epoch = 12/80:
2018-03-10 01:05:26 -- train loss = 0.0923
2018-03-10 01:05:26 -- dev loss = 0.0871
2018-03-10 01:05:26 -- train ROC AUC = 0.9592
2018-03-10 01:05:26 -- dev ROC AUC = 0.9630
2018-03-10 01:05:26 -- New best dev ROC AUC = 0.9630
2018-03-10 01:05:26 -- Saving new best model...
2018-03-10 01:05:27 -- 
2018-03-10 01:05:27 -- Epoch = 13/80:
2018-03-10 01:05:33 -- train loss = 0.0908
2018-03-10 01:05:33 -- dev loss = 0.0853
2018-03-10 01:05:33 -- train ROC AUC = 0.9606
2018-03-10 01:05:33 -- dev ROC AUC = 0.9641
2018-03-10 01:05:33 -- New best dev ROC AUC = 0.9641
2018-03-10 01:05:33 -- Saving new best model...
2018-03-10 01:05:33 -- 
2018-03-10 01:05:33 -- Epoch = 14/80:
2018-03-10 01:05:40 -- train loss = 0.0894
2018-03-10 01:05:40 -- dev loss = 0.0846
2018-03-10 01:05:40 -- train ROC AUC = 0.9610
2018-03-10 01:05:40 -- dev ROC AUC = 0.9639
2018-03-10 01:05:40 -- 
2018-03-10 01:05:40 -- Epoch = 15/80:
2018-03-10 01:05:47 -- train loss = 0.0882
2018-03-10 01:05:47 -- dev loss = 0.0835
2018-03-10 01:05:47 -- train ROC AUC = 0.9623
2018-03-10 01:05:47 -- dev ROC AUC = 0.9652
2018-03-10 01:05:47 -- New best dev ROC AUC = 0.9652
2018-03-10 01:05:47 -- Saving new best model...
2018-03-10 01:05:48 -- 
2018-03-10 01:05:48 -- Epoch = 16/80:
2018-03-10 01:05:55 -- train loss = 0.0874
2018-03-10 01:05:55 -- dev loss = 0.0838
2018-03-10 01:05:55 -- train ROC AUC = 0.9625
2018-03-10 01:05:55 -- dev ROC AUC = 0.9651
2018-03-10 01:05:55 -- 
2018-03-10 01:05:55 -- Epoch = 17/80:
2018-03-10 01:06:03 -- train loss = 0.0862
2018-03-10 01:06:03 -- dev loss = 0.0825
2018-03-10 01:06:03 -- train ROC AUC = 0.9627
2018-03-10 01:06:03 -- dev ROC AUC = 0.9650
2018-03-10 01:06:03 -- 
2018-03-10 01:06:03 -- Epoch = 18/80:
2018-03-10 01:06:11 -- train loss = 0.0859
2018-03-10 01:06:11 -- dev loss = 0.0818
2018-03-10 01:06:11 -- train ROC AUC = 0.9637
2018-03-10 01:06:11 -- dev ROC AUC = 0.9656
2018-03-10 01:06:11 -- New best dev ROC AUC = 0.9656
2018-03-10 01:06:11 -- Saving new best model...
2018-03-10 01:06:11 -- 
2018-03-10 01:06:11 -- Epoch = 19/80:
2018-03-10 01:06:19 -- train loss = 0.0850
2018-03-10 01:06:19 -- dev loss = 0.0822
2018-03-10 01:06:19 -- train ROC AUC = 0.9644
2018-03-10 01:06:19 -- dev ROC AUC = 0.9662
2018-03-10 01:06:19 -- New best dev ROC AUC = 0.9662
2018-03-10 01:06:19 -- Saving new best model...
2018-03-10 01:06:19 -- 
2018-03-10 01:06:19 -- Epoch = 20/80:
2018-03-10 01:06:28 -- train loss = 0.0845
2018-03-10 01:06:28 -- dev loss = 0.0815
2018-03-10 01:06:28 -- train ROC AUC = 0.9643
2018-03-10 01:06:28 -- dev ROC AUC = 0.9660
2018-03-10 01:06:28 -- 
2018-03-10 01:06:28 -- Epoch = 21/80:
2018-03-10 01:06:37 -- train loss = 0.0839
2018-03-10 01:06:37 -- dev loss = 0.0808
2018-03-10 01:06:37 -- train ROC AUC = 0.9647
2018-03-10 01:06:37 -- dev ROC AUC = 0.9660
2018-03-10 01:06:37 -- 
2018-03-10 01:06:37 -- Epoch = 22/80:
2018-03-10 01:06:46 -- train loss = 0.0838
2018-03-10 01:06:46 -- dev loss = 0.0805
2018-03-10 01:06:46 -- train ROC AUC = 0.9658
2018-03-10 01:06:46 -- dev ROC AUC = 0.9670
2018-03-10 01:06:46 -- New best dev ROC AUC = 0.9670
2018-03-10 01:06:46 -- Saving new best model...
2018-03-10 01:06:46 -- 
2018-03-10 01:06:46 -- Epoch = 23/80:
2018-03-10 01:06:56 -- train loss = 0.0830
2018-03-10 01:06:56 -- dev loss = 0.0802
2018-03-10 01:06:56 -- train ROC AUC = 0.9662
2018-03-10 01:06:56 -- dev ROC AUC = 0.9672
2018-03-10 01:06:56 -- New best dev ROC AUC = 0.9672
2018-03-10 01:06:56 -- Saving new best model...
2018-03-10 01:06:59 -- 
2018-03-10 01:06:59 -- Epoch = 24/80:
2018-03-10 01:07:09 -- train loss = 0.0825
2018-03-10 01:07:09 -- dev loss = 0.0798
2018-03-10 01:07:09 -- train ROC AUC = 0.9665
2018-03-10 01:07:09 -- dev ROC AUC = 0.9674
2018-03-10 01:07:09 -- New best dev ROC AUC = 0.9674
2018-03-10 01:07:09 -- Saving new best model...
2018-03-10 01:07:10 -- 
2018-03-10 01:07:10 -- Epoch = 25/80:
2018-03-10 01:07:20 -- train loss = 0.0818
2018-03-10 01:07:20 -- dev loss = 0.0795
2018-03-10 01:07:20 -- train ROC AUC = 0.9670
2018-03-10 01:07:20 -- dev ROC AUC = 0.9674
2018-03-10 01:07:20 -- 
2018-03-10 01:07:20 -- Epoch = 26/80:
2018-03-10 01:07:30 -- train loss = 0.0816
2018-03-10 01:07:30 -- dev loss = 0.0793
2018-03-10 01:07:30 -- train ROC AUC = 0.9671
2018-03-10 01:07:30 -- dev ROC AUC = 0.9672
2018-03-10 01:07:30 -- 
2018-03-10 01:07:30 -- Epoch = 27/80:
2018-03-10 01:07:41 -- train loss = 0.0811
2018-03-10 01:07:41 -- dev loss = 0.0791
2018-03-10 01:07:41 -- train ROC AUC = 0.9676
2018-03-10 01:07:41 -- dev ROC AUC = 0.9676
2018-03-10 01:07:41 -- New best dev ROC AUC = 0.9676
2018-03-10 01:07:41 -- Saving new best model...
2018-03-10 01:07:42 -- 
2018-03-10 01:07:42 -- Epoch = 28/80:
2018-03-10 01:07:54 -- train loss = 0.0806
2018-03-10 01:07:54 -- dev loss = 0.0789
2018-03-10 01:07:54 -- train ROC AUC = 0.9679
2018-03-10 01:07:54 -- dev ROC AUC = 0.9676
2018-03-10 01:07:54 -- 
2018-03-10 01:07:54 -- Epoch = 29/80:
2018-03-10 01:08:06 -- train loss = 0.0806
2018-03-10 01:08:06 -- dev loss = 0.0787
2018-03-10 01:08:06 -- train ROC AUC = 0.9679
2018-03-10 01:08:06 -- dev ROC AUC = 0.9676
2018-03-10 01:08:06 -- 
2018-03-10 01:08:06 -- Epoch = 30/80:
2018-03-10 01:08:19 -- train loss = 0.0802
2018-03-10 01:08:19 -- dev loss = 0.0783
2018-03-10 01:08:19 -- train ROC AUC = 0.9686
2018-03-10 01:08:19 -- dev ROC AUC = 0.9681
2018-03-10 01:08:19 -- New best dev ROC AUC = 0.9681
2018-03-10 01:08:19 -- Saving new best model...
2018-03-10 01:08:20 -- 
2018-03-10 01:08:20 -- Epoch = 31/80:
2018-03-10 01:08:33 -- train loss = 0.0795
2018-03-10 01:08:33 -- dev loss = 0.0782
2018-03-10 01:08:33 -- train ROC AUC = 0.9687
2018-03-10 01:08:33 -- dev ROC AUC = 0.9682
2018-03-10 01:08:33 -- New best dev ROC AUC = 0.9682
2018-03-10 01:08:33 -- Saving new best model...
2018-03-10 01:08:33 -- 
2018-03-10 01:08:33 -- Epoch = 32/80:
2018-03-10 01:08:47 -- train loss = 0.0793
2018-03-10 01:08:47 -- dev loss = 0.0795
2018-03-10 01:08:47 -- train ROC AUC = 0.9690
2018-03-10 01:08:47 -- dev ROC AUC = 0.9682
2018-03-10 01:08:47 -- New best dev ROC AUC = 0.9682
2018-03-10 01:08:47 -- Saving new best model...
2018-03-10 01:08:48 -- 
2018-03-10 01:08:48 -- Epoch = 33/80:
2018-03-10 01:09:02 -- train loss = 0.0790
2018-03-10 01:09:02 -- dev loss = 0.0784
2018-03-10 01:09:02 -- train ROC AUC = 0.9694
2018-03-10 01:09:02 -- dev ROC AUC = 0.9681
2018-03-10 01:09:02 -- 
2018-03-10 01:09:02 -- Epoch = 34/80:
2018-03-10 01:09:16 -- train loss = 0.0786
2018-03-10 01:09:16 -- dev loss = 0.0778
2018-03-10 01:09:16 -- train ROC AUC = 0.9696
2018-03-10 01:09:16 -- dev ROC AUC = 0.9684
2018-03-10 01:09:16 -- New best dev ROC AUC = 0.9684
2018-03-10 01:09:16 -- Saving new best model...
2018-03-10 01:09:17 -- 
2018-03-10 01:09:17 -- Epoch = 35/80:
2018-03-10 01:09:32 -- train loss = 0.0784
2018-03-10 01:09:32 -- dev loss = 0.0782
2018-03-10 01:09:32 -- train ROC AUC = 0.9697
2018-03-10 01:09:32 -- dev ROC AUC = 0.9682
2018-03-10 01:09:32 -- 
2018-03-10 01:09:32 -- Epoch = 36/80:
2018-03-10 01:09:47 -- train loss = 0.0783
2018-03-10 01:09:47 -- dev loss = 0.0779
2018-03-10 01:09:47 -- train ROC AUC = 0.9699
2018-03-10 01:09:47 -- dev ROC AUC = 0.9683
2018-03-10 01:09:47 -- 
2018-03-10 01:09:47 -- Epoch = 37/80:
2018-03-10 01:10:05 -- train loss = 0.0781
2018-03-10 01:10:05 -- dev loss = 0.0779
2018-03-10 01:10:05 -- train ROC AUC = 0.9702
2018-03-10 01:10:05 -- dev ROC AUC = 0.9683
2018-03-10 01:10:05 -- 
2018-03-10 01:10:05 -- Epoch = 38/80:
2018-03-10 01:10:22 -- train loss = 0.0778
2018-03-10 01:10:22 -- dev loss = 0.0772
2018-03-10 01:10:22 -- train ROC AUC = 0.9705
2018-03-10 01:10:22 -- dev ROC AUC = 0.9688
2018-03-10 01:10:22 -- New best dev ROC AUC = 0.9688
2018-03-10 01:10:22 -- Saving new best model...
2018-03-10 01:10:26 -- 
2018-03-10 01:10:26 -- Epoch = 39/80:
2018-03-10 01:10:44 -- train loss = 0.0774
2018-03-10 01:10:44 -- dev loss = 0.0780
2018-03-10 01:10:44 -- train ROC AUC = 0.9705
2018-03-10 01:10:44 -- dev ROC AUC = 0.9681
2018-03-10 01:10:44 -- 
2018-03-10 01:10:44 -- Epoch = 40/80:
2018-03-10 01:11:02 -- train loss = 0.0771
2018-03-10 01:11:02 -- dev loss = 0.0773
2018-03-10 01:11:02 -- train ROC AUC = 0.9709
2018-03-10 01:11:02 -- dev ROC AUC = 0.9689
2018-03-10 01:11:02 -- New best dev ROC AUC = 0.9689
2018-03-10 01:11:02 -- Saving new best model...
2018-03-10 01:11:02 -- 
2018-03-10 01:11:02 -- Epoch = 41/80:
2018-03-10 01:11:21 -- train loss = 0.0768
2018-03-10 01:11:21 -- dev loss = 0.0771
2018-03-10 01:11:21 -- train ROC AUC = 0.9711
2018-03-10 01:11:21 -- dev ROC AUC = 0.9685
2018-03-10 01:11:21 -- 
2018-03-10 01:11:21 -- Epoch = 42/80:
2018-03-10 01:11:42 -- train loss = 0.0768
2018-03-10 01:11:42 -- dev loss = 0.0773
2018-03-10 01:11:42 -- train ROC AUC = 0.9711
2018-03-10 01:11:42 -- dev ROC AUC = 0.9684
2018-03-10 01:11:42 -- 
2018-03-10 01:11:42 -- Epoch = 43/80:
2018-03-10 01:12:04 -- train loss = 0.0761
2018-03-10 01:12:04 -- dev loss = 0.0773
2018-03-10 01:12:04 -- train ROC AUC = 0.9715
2018-03-10 01:12:04 -- dev ROC AUC = 0.9684
2018-03-10 01:12:04 -- 
2018-03-10 01:12:04 -- Epoch = 44/80:
2018-03-10 01:12:27 -- train loss = 0.0758
2018-03-10 01:12:27 -- dev loss = 0.0772
2018-03-10 01:12:27 -- train ROC AUC = 0.9714
2018-03-10 01:12:27 -- dev ROC AUC = 0.9681
2018-03-10 01:12:27 -- 
2018-03-10 01:12:27 -- Epoch = 45/80:
2018-03-10 01:12:48 -- train loss = 0.0756
2018-03-10 01:12:48 -- dev loss = 0.0771
2018-03-10 01:12:48 -- train ROC AUC = 0.9718
2018-03-10 01:12:48 -- dev ROC AUC = 0.9686
2018-03-10 01:12:48 -- 
2018-03-10 01:12:48 -- Epoch = 46/80:
2018-03-10 01:13:12 -- train loss = 0.0756
2018-03-10 01:13:12 -- dev loss = 0.0768
2018-03-10 01:13:12 -- train ROC AUC = 0.9717
2018-03-10 01:13:12 -- dev ROC AUC = 0.9687
2018-03-10 01:13:12 -- 
2018-03-10 01:13:12 -- Epoch = 47/80:
2018-03-10 01:13:36 -- train loss = 0.0753
2018-03-10 01:13:36 -- dev loss = 0.0768
2018-03-10 01:13:36 -- train ROC AUC = 0.9722
2018-03-10 01:13:36 -- dev ROC AUC = 0.9690
2018-03-10 01:13:36 -- New best dev ROC AUC = 0.9690
2018-03-10 01:13:36 -- Saving new best model...
2018-03-10 01:13:37 -- 
2018-03-10 01:13:37 -- Epoch = 48/80:
2018-03-10 01:14:01 -- train loss = 0.0750
2018-03-10 01:14:01 -- dev loss = 0.0767
2018-03-10 01:14:01 -- train ROC AUC = 0.9722
2018-03-10 01:14:01 -- dev ROC AUC = 0.9689
2018-03-10 01:14:01 -- 
2018-03-10 01:14:01 -- Epoch = 49/80:
2018-03-10 01:14:25 -- train loss = 0.0751
2018-03-10 01:14:25 -- dev loss = 0.0770
2018-03-10 01:14:25 -- train ROC AUC = 0.9724
2018-03-10 01:14:25 -- dev ROC AUC = 0.9691
2018-03-10 01:14:25 -- New best dev ROC AUC = 0.9691
2018-03-10 01:14:25 -- Saving new best model...
2018-03-10 01:14:26 -- 
2018-03-10 01:14:26 -- Epoch = 50/80:
2018-03-10 01:14:49 -- train loss = 0.0747
2018-03-10 01:14:49 -- dev loss = 0.0765
2018-03-10 01:14:49 -- train ROC AUC = 0.9728
2018-03-10 01:14:49 -- dev ROC AUC = 0.9690
2018-03-10 01:14:49 -- 
2018-03-10 01:14:49 -- Epoch = 51/80:
2018-03-10 01:15:14 -- train loss = 0.0740
2018-03-10 01:15:14 -- dev loss = 0.0767
2018-03-10 01:15:14 -- train ROC AUC = 0.9729
2018-03-10 01:15:14 -- dev ROC AUC = 0.9688
2018-03-10 01:15:14 -- 
2018-03-10 01:15:14 -- Epoch = 52/80:
2018-03-10 01:15:41 -- train loss = 0.0741
2018-03-10 01:15:41 -- dev loss = 0.0765
2018-03-10 01:15:41 -- train ROC AUC = 0.9730
2018-03-10 01:15:41 -- dev ROC AUC = 0.9687
2018-03-10 01:15:41 -- 
2018-03-10 01:15:41 -- Epoch = 53/80:
2018-03-10 01:16:08 -- train loss = 0.0739
2018-03-10 01:16:08 -- dev loss = 0.0766
2018-03-10 01:16:08 -- train ROC AUC = 0.9731
2018-03-10 01:16:08 -- dev ROC AUC = 0.9693
2018-03-10 01:16:08 -- New best dev ROC AUC = 0.9693
2018-03-10 01:16:08 -- Saving new best model...
2018-03-10 01:16:13 -- 
2018-03-10 01:16:13 -- Epoch = 54/80:
2018-03-10 01:16:41 -- train loss = 0.0740
2018-03-10 01:16:41 -- dev loss = 0.0767
2018-03-10 01:16:41 -- train ROC AUC = 0.9735
2018-03-10 01:16:41 -- dev ROC AUC = 0.9689
2018-03-10 01:16:41 -- 
2018-03-10 01:16:41 -- Epoch = 55/80:
2018-03-10 01:17:11 -- train loss = 0.0733
2018-03-10 01:17:11 -- dev loss = 0.0767
2018-03-10 01:17:11 -- train ROC AUC = 0.9732
2018-03-10 01:17:11 -- dev ROC AUC = 0.9688
2018-03-10 01:17:11 -- 
2018-03-10 01:17:11 -- Epoch = 56/80:
2018-03-10 01:17:41 -- train loss = 0.0735
2018-03-10 01:17:41 -- dev loss = 0.0764
2018-03-10 01:17:41 -- train ROC AUC = 0.9737
2018-03-10 01:17:41 -- dev ROC AUC = 0.9691
2018-03-10 01:17:41 -- 
2018-03-10 01:17:41 -- Epoch = 57/80:
2018-03-10 01:18:12 -- train loss = 0.0729
2018-03-10 01:18:12 -- dev loss = 0.0765
2018-03-10 01:18:12 -- train ROC AUC = 0.9736
2018-03-10 01:18:12 -- dev ROC AUC = 0.9685
2018-03-10 01:18:12 -- 
2018-03-10 01:18:12 -- Epoch = 58/80:
2018-03-10 01:18:43 -- train loss = 0.0731
2018-03-10 01:18:43 -- dev loss = 0.0776
2018-03-10 01:18:43 -- train ROC AUC = 0.9739
2018-03-10 01:18:43 -- dev ROC AUC = 0.9688
2018-03-10 01:18:43 -- 
2018-03-10 01:18:43 -- Epoch = 59/80:
2018-03-10 01:19:14 -- train loss = 0.0730
2018-03-10 01:19:14 -- dev loss = 0.0762
2018-03-10 01:19:14 -- train ROC AUC = 0.9741
2018-03-10 01:19:14 -- dev ROC AUC = 0.9691
2018-03-10 01:19:14 -- 
2018-03-10 01:19:14 -- Epoch = 60/80:
2018-03-10 01:19:47 -- train loss = 0.0720
2018-03-10 01:19:47 -- dev loss = 0.0765
2018-03-10 01:19:47 -- train ROC AUC = 0.9743
2018-03-10 01:19:47 -- dev ROC AUC = 0.9692
2018-03-10 01:19:47 -- 
2018-03-10 01:19:47 -- Epoch = 61/80:
2018-03-10 01:20:19 -- train loss = 0.0722
2018-03-10 01:20:19 -- dev loss = 0.0762
2018-03-10 01:20:19 -- train ROC AUC = 0.9745
2018-03-10 01:20:19 -- dev ROC AUC = 0.9692
2018-03-10 01:20:19 -- 
2018-03-10 01:20:19 -- Epoch = 62/80:
2018-03-10 01:20:52 -- train loss = 0.0723
2018-03-10 01:20:52 -- dev loss = 0.0761
2018-03-10 01:20:52 -- train ROC AUC = 0.9746
2018-03-10 01:20:52 -- dev ROC AUC = 0.9693
2018-03-10 01:20:52 -- 
2018-03-10 01:20:52 -- Epoch = 63/80:
2018-03-10 01:21:25 -- train loss = 0.0714
2018-03-10 01:21:25 -- dev loss = 0.0771
2018-03-10 01:21:25 -- train ROC AUC = 0.9746
2018-03-10 01:21:25 -- dev ROC AUC = 0.9693
2018-03-10 01:21:25 -- New best dev ROC AUC = 0.9693
2018-03-10 01:21:25 -- Saving new best model...
2018-03-10 01:21:26 -- 
2018-03-10 01:21:26 -- Epoch = 64/80:
2018-03-10 01:22:03 -- train loss = 0.0714
2018-03-10 01:22:03 -- dev loss = 0.0766
2018-03-10 01:22:03 -- train ROC AUC = 0.9750
2018-03-10 01:22:03 -- dev ROC AUC = 0.9692
2018-03-10 01:22:03 -- 
2018-03-10 01:22:03 -- Epoch = 65/80:
2018-03-10 01:22:40 -- train loss = 0.0716
2018-03-10 01:22:40 -- dev loss = 0.0766
2018-03-10 01:22:40 -- train ROC AUC = 0.9750
2018-03-10 01:22:40 -- dev ROC AUC = 0.9691
2018-03-10 01:22:40 -- 
2018-03-10 01:22:40 -- Epoch = 66/80:
2018-03-10 01:23:18 -- train loss = 0.0714
2018-03-10 01:23:18 -- dev loss = 0.0789
2018-03-10 01:23:18 -- train ROC AUC = 0.9750
2018-03-10 01:23:18 -- dev ROC AUC = 0.9684
2018-03-10 01:23:18 -- 
2018-03-10 01:23:18 -- Epoch = 67/80:
2018-03-10 01:23:59 -- train loss = 0.0710
2018-03-10 01:23:59 -- dev loss = 0.0766
2018-03-10 01:23:59 -- train ROC AUC = 0.9753
2018-03-10 01:23:59 -- dev ROC AUC = 0.9687
2018-03-10 01:23:59 -- 
2018-03-10 01:23:59 -- Epoch = 68/80:
2018-03-10 01:24:38 -- train loss = 0.0709
2018-03-10 01:24:38 -- dev loss = 0.0764
2018-03-10 01:24:38 -- train ROC AUC = 0.9752
2018-03-10 01:24:38 -- dev ROC AUC = 0.9687
2018-03-10 01:24:38 -- 
2018-03-10 01:24:38 -- Epoch = 69/80:
2018-03-10 01:25:19 -- train loss = 0.0710
2018-03-10 01:25:19 -- dev loss = 0.0764
2018-03-10 01:25:19 -- train ROC AUC = 0.9754
2018-03-10 01:25:19 -- dev ROC AUC = 0.9681
2018-03-10 01:25:19 -- 
2018-03-10 01:25:19 -- Epoch = 70/80:
2018-03-10 01:26:00 -- train loss = 0.0704
2018-03-10 01:26:00 -- dev loss = 0.0764
2018-03-10 01:26:00 -- train ROC AUC = 0.9756
2018-03-10 01:26:00 -- dev ROC AUC = 0.9691
2018-03-10 01:26:00 -- 
2018-03-10 01:26:00 -- Epoch = 71/80:
2018-03-10 01:26:43 -- train loss = 0.0701
2018-03-10 01:26:43 -- dev loss = 0.0768
2018-03-10 01:26:43 -- train ROC AUC = 0.9757
2018-03-10 01:26:43 -- dev ROC AUC = 0.9685
2018-03-10 01:26:43 -- 
2018-03-10 01:26:43 -- Epoch = 72/80:
2018-03-10 01:27:26 -- train loss = 0.0702
2018-03-10 01:27:26 -- dev loss = 0.0764
2018-03-10 01:27:26 -- train ROC AUC = 0.9760
2018-03-10 01:27:26 -- dev ROC AUC = 0.9691
2018-03-10 01:27:26 -- 
2018-03-10 01:27:26 -- Epoch = 73/80:
2018-03-10 01:28:10 -- train loss = 0.0700
2018-03-10 01:28:10 -- dev loss = 0.0767
2018-03-10 01:28:10 -- train ROC AUC = 0.9760
2018-03-10 01:28:10 -- dev ROC AUC = 0.9689
2018-03-10 01:28:10 -- 
2018-03-10 01:28:10 -- Epoch = 74/80:
2018-03-10 01:28:57 -- train loss = 0.0701
2018-03-10 01:28:57 -- dev loss = 0.0763
2018-03-10 01:28:57 -- train ROC AUC = 0.9761
2018-03-10 01:28:57 -- dev ROC AUC = 0.9688
2018-03-10 01:28:57 -- 
2018-03-10 01:28:57 -- Epoch = 75/80:
2018-03-10 01:29:45 -- train loss = 0.0697
2018-03-10 01:29:45 -- dev loss = 0.0765
2018-03-10 01:29:45 -- train ROC AUC = 0.9762
2018-03-10 01:29:45 -- dev ROC AUC = 0.9684
2018-03-10 01:29:45 -- 
2018-03-10 01:29:45 -- Epoch = 76/80:
2018-03-10 01:30:33 -- train loss = 0.0697
2018-03-10 01:30:33 -- dev loss = 0.0771
2018-03-10 01:30:33 -- train ROC AUC = 0.9764
2018-03-10 01:30:33 -- dev ROC AUC = 0.9682
2018-03-10 01:30:33 -- 
2018-03-10 01:30:33 -- Epoch = 77/80:
2018-03-10 01:31:18 -- train loss = 0.0691
2018-03-10 01:31:18 -- dev loss = 0.0766
2018-03-10 01:31:18 -- train ROC AUC = 0.9764
2018-03-10 01:31:18 -- dev ROC AUC = 0.9687
2018-03-10 01:31:18 -- 
2018-03-10 01:31:18 -- Epoch = 78/80:
2018-03-10 01:32:05 -- train loss = 0.0692
2018-03-10 01:32:05 -- dev loss = 0.0769
2018-03-10 01:32:05 -- train ROC AUC = 0.9763
2018-03-10 01:32:05 -- dev ROC AUC = 0.9679
2018-03-10 01:32:05 -- 
2018-03-10 01:32:05 -- Epoch = 79/80:
2018-03-10 01:32:53 -- train loss = 0.0691
2018-03-10 01:32:53 -- dev loss = 0.0765
2018-03-10 01:32:53 -- train ROC AUC = 0.9768
2018-03-10 01:32:53 -- dev ROC AUC = 0.9683
2018-03-10 01:32:53 -- 
2018-03-10 01:32:53 -- Epoch = 80/80:
2018-03-10 01:33:42 -- train loss = 0.0690
2018-03-10 01:33:42 -- dev loss = 0.0763
2018-03-10 01:33:42 -- train ROC AUC = 0.9769
2018-03-10 01:33:42 -- dev ROC AUC = 0.9682
2018-03-10 01:33:42 -- 
2018-03-10 01:33:42 -- Testing...
2018-03-10 01:33:42 -- Rebuilding model...
2018-03-10 01:33:43 -- Restoring best model...
2018-03-10 01:33:45 -- Restoring parameters from out/ff_indep_obscene/ff_indep_obscene.weights
2018-03-10 01:33:46 -- Predicting labels for test set...
2018-03-10 01:34:13 -- Saving test prediction...
2018-03-10 01:34:14 -- 
2018-03-10 01:34:14 -- Evaluating...
2018-03-10 01:34:15 -- Mean column-wise ROC AUC - train = 0.9746
2018-03-10 01:34:15 -- Mean column-wise ROC AUC - dev = 0.9693
2018-03-10 01:34:15 -- ROC AUC of obscene - train = 0.9746
2018-03-10 01:34:15 -- ROC AUC of obscene - dev = 0.9693
2018-03-10 01:34:16 -- Mean column-wise average precision - train = 0.8239
2018-03-10 01:34:16 -- Mean column-wise average precision - dev = 0.8000
2018-03-10 01:34:16 -- average precision of obscene - train = 0.8239
2018-03-10 01:34:16 -- average precision of obscene - dev = 0.8000
