activation: !!python/name:tensorflow.python.ops.gen_nn_ops.relu ''
batch_size: 2048
dropout: false
exp_name: ff_indep_severe_toxic
hidden_sizes: [30, 30]
keep_prob: 1
lr: 0.0005
n_epochs: 80
n_features: 300
n_labels: 1
n_layers: 2
optimizer: !!python/name:tensorflow.python.training.adam.AdamOptimizer ''
2018-03-10 00:29:58 -- 
2018-03-10 00:29:58 -- Initializing...
2018-03-10 00:29:58 -- Training...
2018-03-10 00:29:58 -- Building model...
2018-03-10 00:29:59 -- Training model...
2018-03-10 00:30:25 -- 
2018-03-10 00:30:25 -- Epoch = 1/80:
2018-03-10 00:30:29 -- train loss = 0.4165
2018-03-10 00:30:29 -- dev loss = 0.1096
2018-03-10 00:30:29 -- train ROC AUC = 0.5898
2018-03-10 00:30:29 -- dev ROC AUC = 0.6049
2018-03-10 00:30:29 -- New best dev ROC AUC = 0.6049
2018-03-10 00:30:29 -- Saving new best model...
2018-03-10 00:30:29 -- 
2018-03-10 00:30:29 -- Epoch = 2/80:
2018-03-10 00:30:33 -- train loss = 0.0672
2018-03-10 00:30:33 -- dev loss = 0.0501
2018-03-10 00:30:33 -- train ROC AUC = 0.7823
2018-03-10 00:30:33 -- dev ROC AUC = 0.7959
2018-03-10 00:30:33 -- New best dev ROC AUC = 0.7959
2018-03-10 00:30:33 -- Saving new best model...
2018-03-10 00:30:33 -- 
2018-03-10 00:30:33 -- Epoch = 3/80:
2018-03-10 00:30:36 -- train loss = 0.0481
2018-03-10 00:30:36 -- dev loss = 0.0434
2018-03-10 00:30:36 -- train ROC AUC = 0.9140
2018-03-10 00:30:36 -- dev ROC AUC = 0.9146
2018-03-10 00:30:36 -- New best dev ROC AUC = 0.9146
2018-03-10 00:30:36 -- Saving new best model...
2018-03-10 00:30:37 -- 
2018-03-10 00:30:37 -- Epoch = 4/80:
2018-03-10 00:30:40 -- train loss = 0.0421
2018-03-10 00:30:40 -- dev loss = 0.0394
2018-03-10 00:30:40 -- train ROC AUC = 0.9450
2018-03-10 00:30:40 -- dev ROC AUC = 0.9382
2018-03-10 00:30:40 -- New best dev ROC AUC = 0.9382
2018-03-10 00:30:40 -- Saving new best model...
2018-03-10 00:30:40 -- 
2018-03-10 00:30:40 -- Epoch = 5/80:
2018-03-10 00:30:45 -- train loss = 0.0382
2018-03-10 00:30:45 -- dev loss = 0.0365
2018-03-10 00:30:45 -- train ROC AUC = 0.9553
2018-03-10 00:30:45 -- dev ROC AUC = 0.9483
2018-03-10 00:30:45 -- New best dev ROC AUC = 0.9483
2018-03-10 00:30:45 -- Saving new best model...
2018-03-10 00:30:45 -- 
2018-03-10 00:30:45 -- Epoch = 6/80:
2018-03-10 00:30:49 -- train loss = 0.0357
2018-03-10 00:30:49 -- dev loss = 0.0348
2018-03-10 00:30:49 -- train ROC AUC = 0.9604
2018-03-10 00:30:49 -- dev ROC AUC = 0.9535
2018-03-10 00:30:49 -- New best dev ROC AUC = 0.9535
2018-03-10 00:30:49 -- Saving new best model...
2018-03-10 00:30:49 -- 
2018-03-10 00:30:49 -- Epoch = 7/80:
2018-03-10 00:30:54 -- train loss = 0.0342
2018-03-10 00:30:54 -- dev loss = 0.0337
2018-03-10 00:30:54 -- train ROC AUC = 0.9637
2018-03-10 00:30:54 -- dev ROC AUC = 0.9572
2018-03-10 00:30:54 -- New best dev ROC AUC = 0.9572
2018-03-10 00:30:54 -- Saving new best model...
2018-03-10 00:30:54 -- 
2018-03-10 00:30:54 -- Epoch = 8/80:
2018-03-10 00:30:59 -- train loss = 0.0330
2018-03-10 00:30:59 -- dev loss = 0.0329
2018-03-10 00:30:59 -- train ROC AUC = 0.9665
2018-03-10 00:30:59 -- dev ROC AUC = 0.9601
2018-03-10 00:30:59 -- New best dev ROC AUC = 0.9601
2018-03-10 00:30:59 -- Saving new best model...
2018-03-10 00:30:59 -- 
2018-03-10 00:30:59 -- Epoch = 9/80:
2018-03-10 00:31:04 -- train loss = 0.0322
2018-03-10 00:31:04 -- dev loss = 0.0321
2018-03-10 00:31:04 -- train ROC AUC = 0.9687
2018-03-10 00:31:04 -- dev ROC AUC = 0.9627
2018-03-10 00:31:04 -- New best dev ROC AUC = 0.9627
2018-03-10 00:31:04 -- Saving new best model...
2018-03-10 00:31:04 -- 
2018-03-10 00:31:04 -- Epoch = 10/80:
2018-03-10 00:31:09 -- train loss = 0.0314
2018-03-10 00:31:09 -- dev loss = 0.0312
2018-03-10 00:31:09 -- train ROC AUC = 0.9710
2018-03-10 00:31:09 -- dev ROC AUC = 0.9652
2018-03-10 00:31:09 -- New best dev ROC AUC = 0.9652
2018-03-10 00:31:09 -- Saving new best model...
2018-03-10 00:31:09 -- 
2018-03-10 00:31:09 -- Epoch = 11/80:
2018-03-10 00:31:15 -- train loss = 0.0305
2018-03-10 00:31:15 -- dev loss = 0.0305
2018-03-10 00:31:15 -- train ROC AUC = 0.9728
2018-03-10 00:31:15 -- dev ROC AUC = 0.9674
2018-03-10 00:31:15 -- New best dev ROC AUC = 0.9674
2018-03-10 00:31:15 -- Saving new best model...
2018-03-10 00:31:15 -- 
2018-03-10 00:31:15 -- Epoch = 12/80:
2018-03-10 00:31:21 -- train loss = 0.0301
2018-03-10 00:31:21 -- dev loss = 0.0300
2018-03-10 00:31:21 -- train ROC AUC = 0.9734
2018-03-10 00:31:21 -- dev ROC AUC = 0.9686
2018-03-10 00:31:21 -- New best dev ROC AUC = 0.9686
2018-03-10 00:31:21 -- Saving new best model...
2018-03-10 00:31:21 -- 
2018-03-10 00:31:21 -- Epoch = 13/80:
2018-03-10 00:31:27 -- train loss = 0.0295
2018-03-10 00:31:27 -- dev loss = 0.0296
2018-03-10 00:31:27 -- train ROC AUC = 0.9756
2018-03-10 00:31:27 -- dev ROC AUC = 0.9703
2018-03-10 00:31:27 -- New best dev ROC AUC = 0.9703
2018-03-10 00:31:27 -- Saving new best model...
2018-03-10 00:31:27 -- 
2018-03-10 00:31:27 -- Epoch = 14/80:
2018-03-10 00:31:34 -- train loss = 0.0290
2018-03-10 00:31:34 -- dev loss = 0.0292
2018-03-10 00:31:34 -- train ROC AUC = 0.9766
2018-03-10 00:31:34 -- dev ROC AUC = 0.9714
2018-03-10 00:31:34 -- New best dev ROC AUC = 0.9714
2018-03-10 00:31:34 -- Saving new best model...
2018-03-10 00:31:34 -- 
2018-03-10 00:31:34 -- Epoch = 15/80:
2018-03-10 00:31:40 -- train loss = 0.0286
2018-03-10 00:31:40 -- dev loss = 0.0289
2018-03-10 00:31:40 -- train ROC AUC = 0.9774
2018-03-10 00:31:40 -- dev ROC AUC = 0.9721
2018-03-10 00:31:40 -- New best dev ROC AUC = 0.9721
2018-03-10 00:31:40 -- Saving new best model...
2018-03-10 00:31:41 -- 
2018-03-10 00:31:41 -- Epoch = 16/80:
2018-03-10 00:31:48 -- train loss = 0.0284
2018-03-10 00:31:48 -- dev loss = 0.0287
2018-03-10 00:31:48 -- train ROC AUC = 0.9783
2018-03-10 00:31:48 -- dev ROC AUC = 0.9729
2018-03-10 00:31:48 -- New best dev ROC AUC = 0.9729
2018-03-10 00:31:48 -- Saving new best model...
2018-03-10 00:31:53 -- 
2018-03-10 00:31:53 -- Epoch = 17/80:
2018-03-10 00:32:01 -- train loss = 0.0280
2018-03-10 00:32:01 -- dev loss = 0.0285
2018-03-10 00:32:01 -- train ROC AUC = 0.9787
2018-03-10 00:32:01 -- dev ROC AUC = 0.9733
2018-03-10 00:32:01 -- New best dev ROC AUC = 0.9733
2018-03-10 00:32:01 -- Saving new best model...
2018-03-10 00:32:01 -- 
2018-03-10 00:32:01 -- Epoch = 18/80:
2018-03-10 00:32:09 -- train loss = 0.0277
2018-03-10 00:32:09 -- dev loss = 0.0283
2018-03-10 00:32:09 -- train ROC AUC = 0.9794
2018-03-10 00:32:09 -- dev ROC AUC = 0.9740
2018-03-10 00:32:09 -- New best dev ROC AUC = 0.9740
2018-03-10 00:32:09 -- Saving new best model...
2018-03-10 00:32:10 -- 
2018-03-10 00:32:10 -- Epoch = 19/80:
2018-03-10 00:32:19 -- train loss = 0.0275
2018-03-10 00:32:19 -- dev loss = 0.0280
2018-03-10 00:32:19 -- train ROC AUC = 0.9800
2018-03-10 00:32:19 -- dev ROC AUC = 0.9746
2018-03-10 00:32:19 -- New best dev ROC AUC = 0.9746
2018-03-10 00:32:19 -- Saving new best model...
2018-03-10 00:32:19 -- 
2018-03-10 00:32:19 -- Epoch = 20/80:
2018-03-10 00:32:28 -- train loss = 0.0273
2018-03-10 00:32:28 -- dev loss = 0.0278
2018-03-10 00:32:28 -- train ROC AUC = 0.9806
2018-03-10 00:32:28 -- dev ROC AUC = 0.9751
2018-03-10 00:32:28 -- New best dev ROC AUC = 0.9751
2018-03-10 00:32:28 -- Saving new best model...
2018-03-10 00:32:28 -- 
2018-03-10 00:32:28 -- Epoch = 21/80:
2018-03-10 00:32:38 -- train loss = 0.0271
2018-03-10 00:32:38 -- dev loss = 0.0277
2018-03-10 00:32:38 -- train ROC AUC = 0.9809
2018-03-10 00:32:38 -- dev ROC AUC = 0.9752
2018-03-10 00:32:38 -- New best dev ROC AUC = 0.9752
2018-03-10 00:32:38 -- Saving new best model...
2018-03-10 00:32:38 -- 
2018-03-10 00:32:38 -- Epoch = 22/80:
2018-03-10 00:32:48 -- train loss = 0.0268
2018-03-10 00:32:48 -- dev loss = 0.0277
2018-03-10 00:32:48 -- train ROC AUC = 0.9813
2018-03-10 00:32:48 -- dev ROC AUC = 0.9757
2018-03-10 00:32:48 -- New best dev ROC AUC = 0.9757
2018-03-10 00:32:48 -- Saving new best model...
2018-03-10 00:32:48 -- 
2018-03-10 00:32:48 -- Epoch = 23/80:
2018-03-10 00:32:58 -- train loss = 0.0267
2018-03-10 00:32:58 -- dev loss = 0.0275
2018-03-10 00:32:58 -- train ROC AUC = 0.9817
2018-03-10 00:32:58 -- dev ROC AUC = 0.9761
2018-03-10 00:32:58 -- New best dev ROC AUC = 0.9761
2018-03-10 00:32:58 -- Saving new best model...
2018-03-10 00:32:59 -- 
2018-03-10 00:32:59 -- Epoch = 24/80:
2018-03-10 00:33:10 -- train loss = 0.0267
2018-03-10 00:33:10 -- dev loss = 0.0273
2018-03-10 00:33:10 -- train ROC AUC = 0.9820
2018-03-10 00:33:10 -- dev ROC AUC = 0.9762
2018-03-10 00:33:10 -- New best dev ROC AUC = 0.9762
2018-03-10 00:33:10 -- Saving new best model...
2018-03-10 00:33:10 -- 
2018-03-10 00:33:10 -- Epoch = 25/80:
2018-03-10 00:33:21 -- train loss = 0.0263
2018-03-10 00:33:21 -- dev loss = 0.0273
2018-03-10 00:33:21 -- train ROC AUC = 0.9823
2018-03-10 00:33:21 -- dev ROC AUC = 0.9765
2018-03-10 00:33:21 -- New best dev ROC AUC = 0.9765
2018-03-10 00:33:21 -- Saving new best model...
2018-03-10 00:33:28 -- 
2018-03-10 00:33:28 -- Epoch = 26/80:
2018-03-10 00:33:39 -- train loss = 0.0260
2018-03-10 00:33:39 -- dev loss = 0.0270
2018-03-10 00:33:39 -- train ROC AUC = 0.9829
2018-03-10 00:33:39 -- dev ROC AUC = 0.9771
2018-03-10 00:33:39 -- New best dev ROC AUC = 0.9771
2018-03-10 00:33:39 -- Saving new best model...
2018-03-10 00:33:39 -- 
2018-03-10 00:33:39 -- Epoch = 27/80:
2018-03-10 00:33:51 -- train loss = 0.0259
2018-03-10 00:33:51 -- dev loss = 0.0271
2018-03-10 00:33:51 -- train ROC AUC = 0.9831
2018-03-10 00:33:51 -- dev ROC AUC = 0.9773
2018-03-10 00:33:51 -- New best dev ROC AUC = 0.9773
2018-03-10 00:33:51 -- Saving new best model...
2018-03-10 00:33:51 -- 
2018-03-10 00:33:51 -- Epoch = 28/80:
2018-03-10 00:34:04 -- train loss = 0.0258
2018-03-10 00:34:04 -- dev loss = 0.0269
2018-03-10 00:34:04 -- train ROC AUC = 0.9835
2018-03-10 00:34:04 -- dev ROC AUC = 0.9776
2018-03-10 00:34:04 -- New best dev ROC AUC = 0.9776
2018-03-10 00:34:04 -- Saving new best model...
2018-03-10 00:34:04 -- 
2018-03-10 00:34:04 -- Epoch = 29/80:
2018-03-10 00:34:17 -- train loss = 0.0256
2018-03-10 00:34:17 -- dev loss = 0.0268
2018-03-10 00:34:17 -- train ROC AUC = 0.9837
2018-03-10 00:34:17 -- dev ROC AUC = 0.9777
2018-03-10 00:34:17 -- New best dev ROC AUC = 0.9777
2018-03-10 00:34:17 -- Saving new best model...
2018-03-10 00:34:17 -- 
2018-03-10 00:34:17 -- Epoch = 30/80:
2018-03-10 00:34:30 -- train loss = 0.0255
2018-03-10 00:34:30 -- dev loss = 0.0269
2018-03-10 00:34:30 -- train ROC AUC = 0.9841
2018-03-10 00:34:30 -- dev ROC AUC = 0.9777
2018-03-10 00:34:30 -- New best dev ROC AUC = 0.9777
2018-03-10 00:34:30 -- Saving new best model...
2018-03-10 00:34:31 -- 
2018-03-10 00:34:31 -- Epoch = 31/80:
2018-03-10 00:34:43 -- train loss = 0.0251
2018-03-10 00:34:43 -- dev loss = 0.0267
2018-03-10 00:34:43 -- train ROC AUC = 0.9845
2018-03-10 00:34:43 -- dev ROC AUC = 0.9781
2018-03-10 00:34:43 -- New best dev ROC AUC = 0.9781
2018-03-10 00:34:43 -- Saving new best model...
2018-03-10 00:34:44 -- 
2018-03-10 00:34:44 -- Epoch = 32/80:
2018-03-10 00:34:58 -- train loss = 0.0250
2018-03-10 00:34:58 -- dev loss = 0.0269
2018-03-10 00:34:58 -- train ROC AUC = 0.9846
2018-03-10 00:34:58 -- dev ROC AUC = 0.9780
2018-03-10 00:34:58 -- 
2018-03-10 00:34:58 -- Epoch = 33/80:
2018-03-10 00:35:13 -- train loss = 0.0248
2018-03-10 00:35:13 -- dev loss = 0.0265
2018-03-10 00:35:13 -- train ROC AUC = 0.9847
2018-03-10 00:35:13 -- dev ROC AUC = 0.9781
2018-03-10 00:35:13 -- New best dev ROC AUC = 0.9781
2018-03-10 00:35:13 -- Saving new best model...
2018-03-10 00:35:14 -- 
2018-03-10 00:35:14 -- Epoch = 34/80:
2018-03-10 00:35:29 -- train loss = 0.0249
2018-03-10 00:35:29 -- dev loss = 0.0265
2018-03-10 00:35:29 -- train ROC AUC = 0.9853
2018-03-10 00:35:29 -- dev ROC AUC = 0.9786
2018-03-10 00:35:29 -- New best dev ROC AUC = 0.9786
2018-03-10 00:35:29 -- Saving new best model...
2018-03-10 00:35:32 -- 
2018-03-10 00:35:32 -- Epoch = 35/80:
2018-03-10 00:35:47 -- train loss = 0.0246
2018-03-10 00:35:47 -- dev loss = 0.0265
2018-03-10 00:35:47 -- train ROC AUC = 0.9856
2018-03-10 00:35:47 -- dev ROC AUC = 0.9786
2018-03-10 00:35:47 -- 
2018-03-10 00:35:47 -- Epoch = 36/80:
2018-03-10 00:36:03 -- train loss = 0.0243
2018-03-10 00:36:03 -- dev loss = 0.0264
2018-03-10 00:36:03 -- train ROC AUC = 0.9860
2018-03-10 00:36:03 -- dev ROC AUC = 0.9787
2018-03-10 00:36:03 -- New best dev ROC AUC = 0.9787
2018-03-10 00:36:03 -- Saving new best model...
2018-03-10 00:36:03 -- 
2018-03-10 00:36:03 -- Epoch = 37/80:
2018-03-10 00:36:19 -- train loss = 0.0241
2018-03-10 00:36:19 -- dev loss = 0.0266
2018-03-10 00:36:19 -- train ROC AUC = 0.9860
2018-03-10 00:36:19 -- dev ROC AUC = 0.9785
2018-03-10 00:36:19 -- 
2018-03-10 00:36:19 -- Epoch = 38/80:
2018-03-10 00:36:35 -- train loss = 0.0241
2018-03-10 00:36:35 -- dev loss = 0.0263
2018-03-10 00:36:35 -- train ROC AUC = 0.9863
2018-03-10 00:36:35 -- dev ROC AUC = 0.9789
2018-03-10 00:36:35 -- New best dev ROC AUC = 0.9789
2018-03-10 00:36:35 -- Saving new best model...
2018-03-10 00:36:36 -- 
2018-03-10 00:36:36 -- Epoch = 39/80:
2018-03-10 00:36:53 -- train loss = 0.0239
2018-03-10 00:36:53 -- dev loss = 0.0263
2018-03-10 00:36:53 -- train ROC AUC = 0.9865
2018-03-10 00:36:53 -- dev ROC AUC = 0.9790
2018-03-10 00:36:53 -- New best dev ROC AUC = 0.9790
2018-03-10 00:36:53 -- Saving new best model...
2018-03-10 00:36:53 -- 
2018-03-10 00:36:53 -- Epoch = 40/80:
2018-03-10 00:37:11 -- train loss = 0.0238
2018-03-10 00:37:11 -- dev loss = 0.0263
2018-03-10 00:37:11 -- train ROC AUC = 0.9866
2018-03-10 00:37:11 -- dev ROC AUC = 0.9789
2018-03-10 00:37:11 -- 
2018-03-10 00:37:11 -- Epoch = 41/80:
2018-03-10 00:37:29 -- train loss = 0.0236
2018-03-10 00:37:29 -- dev loss = 0.0263
2018-03-10 00:37:29 -- train ROC AUC = 0.9870
2018-03-10 00:37:29 -- dev ROC AUC = 0.9790
2018-03-10 00:37:29 -- 
2018-03-10 00:37:29 -- Epoch = 42/80:
2018-03-10 00:37:49 -- train loss = 0.0238
2018-03-10 00:37:49 -- dev loss = 0.0262
2018-03-10 00:37:49 -- train ROC AUC = 0.9868
2018-03-10 00:37:49 -- dev ROC AUC = 0.9790
2018-03-10 00:37:49 -- 
2018-03-10 00:37:49 -- Epoch = 43/80:
2018-03-10 00:38:09 -- train loss = 0.0234
2018-03-10 00:38:09 -- dev loss = 0.0263
2018-03-10 00:38:09 -- train ROC AUC = 0.9872
2018-03-10 00:38:09 -- dev ROC AUC = 0.9793
2018-03-10 00:38:09 -- New best dev ROC AUC = 0.9793
2018-03-10 00:38:09 -- Saving new best model...
2018-03-10 00:38:10 -- 
2018-03-10 00:38:10 -- Epoch = 44/80:
2018-03-10 00:38:30 -- train loss = 0.0232
2018-03-10 00:38:30 -- dev loss = 0.0262
2018-03-10 00:38:30 -- train ROC AUC = 0.9876
2018-03-10 00:38:30 -- dev ROC AUC = 0.9791
2018-03-10 00:38:30 -- 
2018-03-10 00:38:30 -- Epoch = 45/80:
2018-03-10 00:38:51 -- train loss = 0.0232
2018-03-10 00:38:51 -- dev loss = 0.0261
2018-03-10 00:38:51 -- train ROC AUC = 0.9876
2018-03-10 00:38:51 -- dev ROC AUC = 0.9793
2018-03-10 00:38:51 -- New best dev ROC AUC = 0.9793
2018-03-10 00:38:51 -- Saving new best model...
2018-03-10 00:38:54 -- 
2018-03-10 00:38:54 -- Epoch = 46/80:
2018-03-10 00:39:16 -- train loss = 0.0229
2018-03-10 00:39:16 -- dev loss = 0.0264
2018-03-10 00:39:16 -- train ROC AUC = 0.9880
2018-03-10 00:39:16 -- dev ROC AUC = 0.9793
2018-03-10 00:39:16 -- 
2018-03-10 00:39:16 -- Epoch = 47/80:
2018-03-10 00:39:38 -- train loss = 0.0229
2018-03-10 00:39:38 -- dev loss = 0.0261
2018-03-10 00:39:38 -- train ROC AUC = 0.9882
2018-03-10 00:39:38 -- dev ROC AUC = 0.9791
2018-03-10 00:39:38 -- 
2018-03-10 00:39:38 -- Epoch = 48/80:
2018-03-10 00:40:01 -- train loss = 0.0227
2018-03-10 00:40:01 -- dev loss = 0.0265
2018-03-10 00:40:01 -- train ROC AUC = 0.9880
2018-03-10 00:40:01 -- dev ROC AUC = 0.9793
2018-03-10 00:40:01 -- 
2018-03-10 00:40:01 -- Epoch = 49/80:
2018-03-10 00:40:24 -- train loss = 0.0226
2018-03-10 00:40:24 -- dev loss = 0.0265
2018-03-10 00:40:24 -- train ROC AUC = 0.9885
2018-03-10 00:40:24 -- dev ROC AUC = 0.9789
2018-03-10 00:40:24 -- 
2018-03-10 00:40:24 -- Epoch = 50/80:
2018-03-10 00:40:49 -- train loss = 0.0226
2018-03-10 00:40:49 -- dev loss = 0.0267
2018-03-10 00:40:49 -- train ROC AUC = 0.9882
2018-03-10 00:40:49 -- dev ROC AUC = 0.9791
2018-03-10 00:40:49 -- 
2018-03-10 00:40:49 -- Epoch = 51/80:
2018-03-10 00:41:13 -- train loss = 0.0223
2018-03-10 00:41:13 -- dev loss = 0.0261
2018-03-10 00:41:13 -- train ROC AUC = 0.9888
2018-03-10 00:41:13 -- dev ROC AUC = 0.9793
2018-03-10 00:41:13 -- 
2018-03-10 00:41:13 -- Epoch = 52/80:
2018-03-10 00:41:38 -- train loss = 0.0222
2018-03-10 00:41:38 -- dev loss = 0.0264
2018-03-10 00:41:38 -- train ROC AUC = 0.9890
2018-03-10 00:41:38 -- dev ROC AUC = 0.9790
2018-03-10 00:41:38 -- 
2018-03-10 00:41:38 -- Epoch = 53/80:
2018-03-10 00:42:04 -- train loss = 0.0220
2018-03-10 00:42:04 -- dev loss = 0.0262
2018-03-10 00:42:04 -- train ROC AUC = 0.9892
2018-03-10 00:42:04 -- dev ROC AUC = 0.9793
2018-03-10 00:42:04 -- 
2018-03-10 00:42:04 -- Epoch = 54/80:
2018-03-10 00:42:32 -- train loss = 0.0219
2018-03-10 00:42:32 -- dev loss = 0.0264
2018-03-10 00:42:32 -- train ROC AUC = 0.9894
2018-03-10 00:42:32 -- dev ROC AUC = 0.9790
2018-03-10 00:42:32 -- 
2018-03-10 00:42:32 -- Epoch = 55/80:
2018-03-10 00:43:00 -- train loss = 0.0219
2018-03-10 00:43:00 -- dev loss = 0.0267
2018-03-10 00:43:00 -- train ROC AUC = 0.9893
2018-03-10 00:43:00 -- dev ROC AUC = 0.9792
2018-03-10 00:43:00 -- 
2018-03-10 00:43:00 -- Epoch = 56/80:
2018-03-10 00:43:29 -- train loss = 0.0217
2018-03-10 00:43:29 -- dev loss = 0.0266
2018-03-10 00:43:29 -- train ROC AUC = 0.9897
2018-03-10 00:43:29 -- dev ROC AUC = 0.9789
2018-03-10 00:43:29 -- 
2018-03-10 00:43:29 -- Epoch = 57/80:
2018-03-10 00:44:00 -- train loss = 0.0215
2018-03-10 00:44:00 -- dev loss = 0.0269
2018-03-10 00:44:00 -- train ROC AUC = 0.9896
2018-03-10 00:44:00 -- dev ROC AUC = 0.9791
2018-03-10 00:44:00 -- 
2018-03-10 00:44:00 -- Epoch = 58/80:
2018-03-10 00:44:31 -- train loss = 0.0216
2018-03-10 00:44:31 -- dev loss = 0.0266
2018-03-10 00:44:31 -- train ROC AUC = 0.9899
2018-03-10 00:44:31 -- dev ROC AUC = 0.9788
2018-03-10 00:44:31 -- 
2018-03-10 00:44:31 -- Epoch = 59/80:
2018-03-10 00:45:01 -- train loss = 0.0213
2018-03-10 00:45:01 -- dev loss = 0.0267
2018-03-10 00:45:01 -- train ROC AUC = 0.9900
2018-03-10 00:45:01 -- dev ROC AUC = 0.9787
2018-03-10 00:45:01 -- 
2018-03-10 00:45:01 -- Epoch = 60/80:
2018-03-10 00:45:33 -- train loss = 0.0214
2018-03-10 00:45:33 -- dev loss = 0.0269
2018-03-10 00:45:33 -- train ROC AUC = 0.9900
2018-03-10 00:45:33 -- dev ROC AUC = 0.9787
2018-03-10 00:45:33 -- 
2018-03-10 00:45:33 -- Epoch = 61/80:
2018-03-10 00:46:09 -- train loss = 0.0212
2018-03-10 00:46:09 -- dev loss = 0.0266
2018-03-10 00:46:09 -- train ROC AUC = 0.9903
2018-03-10 00:46:09 -- dev ROC AUC = 0.9788
2018-03-10 00:46:09 -- 
2018-03-10 00:46:09 -- Epoch = 62/80:
2018-03-10 00:46:44 -- train loss = 0.0210
2018-03-10 00:46:44 -- dev loss = 0.0268
2018-03-10 00:46:44 -- train ROC AUC = 0.9905
2018-03-10 00:46:44 -- dev ROC AUC = 0.9784
2018-03-10 00:46:44 -- 
2018-03-10 00:46:44 -- Epoch = 63/80:
2018-03-10 00:47:18 -- train loss = 0.0210
2018-03-10 00:47:18 -- dev loss = 0.0270
2018-03-10 00:47:18 -- train ROC AUC = 0.9905
2018-03-10 00:47:18 -- dev ROC AUC = 0.9789
2018-03-10 00:47:18 -- 
2018-03-10 00:47:18 -- Epoch = 64/80:
2018-03-10 00:47:54 -- train loss = 0.0209
2018-03-10 00:47:54 -- dev loss = 0.0270
2018-03-10 00:47:54 -- train ROC AUC = 0.9904
2018-03-10 00:47:54 -- dev ROC AUC = 0.9782
2018-03-10 00:47:54 -- 
2018-03-10 00:47:54 -- Epoch = 65/80:
2018-03-10 00:48:29 -- train loss = 0.0207
2018-03-10 00:48:29 -- dev loss = 0.0272
2018-03-10 00:48:29 -- train ROC AUC = 0.9908
2018-03-10 00:48:29 -- dev ROC AUC = 0.9782
2018-03-10 00:48:29 -- 
2018-03-10 00:48:29 -- Epoch = 66/80:
2018-03-10 00:49:09 -- train loss = 0.0205
2018-03-10 00:49:09 -- dev loss = 0.0270
2018-03-10 00:49:09 -- train ROC AUC = 0.9908
2018-03-10 00:49:09 -- dev ROC AUC = 0.9785
2018-03-10 00:49:09 -- 
2018-03-10 00:49:09 -- Epoch = 67/80:
2018-03-10 00:49:45 -- train loss = 0.0205
2018-03-10 00:49:45 -- dev loss = 0.0270
2018-03-10 00:49:45 -- train ROC AUC = 0.9909
2018-03-10 00:49:45 -- dev ROC AUC = 0.9786
2018-03-10 00:49:45 -- 
2018-03-10 00:49:45 -- Epoch = 68/80:
2018-03-10 00:50:22 -- train loss = 0.0205
2018-03-10 00:50:22 -- dev loss = 0.0269
2018-03-10 00:50:22 -- train ROC AUC = 0.9910
2018-03-10 00:50:22 -- dev ROC AUC = 0.9785
2018-03-10 00:50:22 -- 
2018-03-10 00:50:22 -- Epoch = 69/80:
2018-03-10 00:51:02 -- train loss = 0.0202
2018-03-10 00:51:02 -- dev loss = 0.0269
2018-03-10 00:51:02 -- train ROC AUC = 0.9913
2018-03-10 00:51:02 -- dev ROC AUC = 0.9782
2018-03-10 00:51:02 -- 
2018-03-10 00:51:02 -- Epoch = 70/80:
2018-03-10 00:51:44 -- train loss = 0.0202
2018-03-10 00:51:44 -- dev loss = 0.0272
2018-03-10 00:51:44 -- train ROC AUC = 0.9913
2018-03-10 00:51:44 -- dev ROC AUC = 0.9780
2018-03-10 00:51:44 -- 
2018-03-10 00:51:44 -- Epoch = 71/80:
2018-03-10 00:52:24 -- train loss = 0.0201
2018-03-10 00:52:24 -- dev loss = 0.0273
2018-03-10 00:52:24 -- train ROC AUC = 0.9916
2018-03-10 00:52:24 -- dev ROC AUC = 0.9772
2018-03-10 00:52:24 -- 
2018-03-10 00:52:24 -- Epoch = 72/80:
2018-03-10 00:53:06 -- train loss = 0.0198
2018-03-10 00:53:06 -- dev loss = 0.0272
2018-03-10 00:53:06 -- train ROC AUC = 0.9916
2018-03-10 00:53:06 -- dev ROC AUC = 0.9770
2018-03-10 00:53:06 -- 
2018-03-10 00:53:06 -- Epoch = 73/80:
2018-03-10 00:53:48 -- train loss = 0.0198
2018-03-10 00:53:48 -- dev loss = 0.0272
2018-03-10 00:53:48 -- train ROC AUC = 0.9917
2018-03-10 00:53:48 -- dev ROC AUC = 0.9777
2018-03-10 00:53:48 -- 
2018-03-10 00:53:48 -- Epoch = 74/80:
2018-03-10 00:54:32 -- train loss = 0.0199
2018-03-10 00:54:32 -- dev loss = 0.0282
2018-03-10 00:54:32 -- train ROC AUC = 0.9916
2018-03-10 00:54:32 -- dev ROC AUC = 0.9765
2018-03-10 00:54:32 -- 
2018-03-10 00:54:32 -- Epoch = 75/80:
2018-03-10 00:55:16 -- train loss = 0.0200
2018-03-10 00:55:16 -- dev loss = 0.0272
2018-03-10 00:55:16 -- train ROC AUC = 0.9918
2018-03-10 00:55:16 -- dev ROC AUC = 0.9775
2018-03-10 00:55:16 -- 
2018-03-10 00:55:16 -- Epoch = 76/80:
2018-03-10 00:56:01 -- train loss = 0.0196
2018-03-10 00:56:01 -- dev loss = 0.0278
2018-03-10 00:56:01 -- train ROC AUC = 0.9919
2018-03-10 00:56:01 -- dev ROC AUC = 0.9766
2018-03-10 00:56:01 -- 
2018-03-10 00:56:01 -- Epoch = 77/80:
2018-03-10 00:56:48 -- train loss = 0.0196
2018-03-10 00:56:48 -- dev loss = 0.0282
2018-03-10 00:56:48 -- train ROC AUC = 0.9915
2018-03-10 00:56:48 -- dev ROC AUC = 0.9771
2018-03-10 00:56:48 -- 
2018-03-10 00:56:48 -- Epoch = 78/80:
2018-03-10 00:57:39 -- train loss = 0.0197
2018-03-10 00:57:39 -- dev loss = 0.0275
2018-03-10 00:57:39 -- train ROC AUC = 0.9919
2018-03-10 00:57:39 -- dev ROC AUC = 0.9772
2018-03-10 00:57:39 -- 
2018-03-10 00:57:39 -- Epoch = 79/80:
2018-03-10 00:58:29 -- train loss = 0.0194
2018-03-10 00:58:29 -- dev loss = 0.0278
2018-03-10 00:58:29 -- train ROC AUC = 0.9922
2018-03-10 00:58:29 -- dev ROC AUC = 0.9772
2018-03-10 00:58:29 -- 
2018-03-10 00:58:29 -- Epoch = 80/80:
2018-03-10 00:59:18 -- train loss = 0.0193
2018-03-10 00:59:18 -- dev loss = 0.0277
2018-03-10 00:59:18 -- train ROC AUC = 0.9925
2018-03-10 00:59:18 -- dev ROC AUC = 0.9764
2018-03-10 00:59:18 -- 
2018-03-10 00:59:18 -- Testing...
2018-03-10 00:59:18 -- Rebuilding model...
2018-03-10 00:59:18 -- Restoring best model...
2018-03-10 00:59:21 -- Restoring parameters from out/ff_indep_severe_toxic/ff_indep_severe_toxic.weights
2018-03-10 00:59:21 -- Predicting labels for test set...
2018-03-10 00:59:58 -- Saving test prediction...
2018-03-10 00:59:59 -- 
2018-03-10 00:59:59 -- Evaluating...
2018-03-10 01:00:00 -- Mean column-wise ROC AUC - train = 0.9876
2018-03-10 01:00:00 -- Mean column-wise ROC AUC - dev = 0.9793
2018-03-10 01:00:00 -- ROC AUC of severe_toxic - train = 0.9876
2018-03-10 01:00:00 -- ROC AUC of severe_toxic - dev = 0.9793
2018-03-10 01:00:00 -- Mean column-wise average precision - train = 0.5201
2018-03-10 01:00:00 -- Mean column-wise average precision - dev = 0.3776
2018-03-10 01:00:00 -- average precision of severe_toxic - train = 0.5201
2018-03-10 01:00:01 -- average precision of severe_toxic - dev = 0.3776
