activation: !!python/name:tensorflow.python.ops.gen_nn_ops.relu ''
batch_size: 2048
dropout: false
exp_name: ff_indep_insult
hidden_sizes: [30, 30]
keep_prob: 1
lr: 0.0005
n_epochs: 80
n_features: 300
n_labels: 1
n_layers: 2
optimizer: !!python/name:tensorflow.python.training.adam.AdamOptimizer ''
2018-03-10 02:13:07 -- 
2018-03-10 02:13:07 -- Initializing...
2018-03-10 02:13:07 -- Training...
2018-03-10 02:13:07 -- Building model...
2018-03-10 02:13:08 -- Training model...
2018-03-10 02:13:34 -- 
2018-03-10 02:13:34 -- Epoch = 1/80:
2018-03-10 02:13:37 -- train loss = 0.4034
2018-03-10 02:13:37 -- dev loss = 0.1981
2018-03-10 02:13:37 -- train ROC AUC = 0.5711
2018-03-10 02:13:37 -- dev ROC AUC = 0.5747
2018-03-10 02:13:37 -- New best dev ROC AUC = 0.5747
2018-03-10 02:13:37 -- Saving new best model...
2018-03-10 02:13:37 -- 
2018-03-10 02:13:37 -- Epoch = 2/80:
2018-03-10 02:13:41 -- train loss = 0.1760
2018-03-10 02:13:41 -- dev loss = 0.1587
2018-03-10 02:13:41 -- train ROC AUC = 0.8841
2018-03-10 02:13:41 -- dev ROC AUC = 0.8845
2018-03-10 02:13:41 -- New best dev ROC AUC = 0.8845
2018-03-10 02:13:41 -- Saving new best model...
2018-03-10 02:13:41 -- 
2018-03-10 02:13:41 -- Epoch = 3/80:
2018-03-10 02:13:45 -- train loss = 0.1451
2018-03-10 02:13:45 -- dev loss = 0.1357
2018-03-10 02:13:45 -- train ROC AUC = 0.9093
2018-03-10 02:13:45 -- dev ROC AUC = 0.9099
2018-03-10 02:13:45 -- New best dev ROC AUC = 0.9099
2018-03-10 02:13:45 -- Saving new best model...
2018-03-10 02:13:45 -- 
2018-03-10 02:13:45 -- Epoch = 4/80:
2018-03-10 02:13:49 -- train loss = 0.1287
2018-03-10 02:13:49 -- dev loss = 0.1250
2018-03-10 02:13:49 -- train ROC AUC = 0.9237
2018-03-10 02:13:49 -- dev ROC AUC = 0.9239
2018-03-10 02:13:49 -- New best dev ROC AUC = 0.9239
2018-03-10 02:13:49 -- Saving new best model...
2018-03-10 02:13:49 -- 
2018-03-10 02:13:49 -- Epoch = 5/80:
2018-03-10 02:13:54 -- train loss = 0.1199
2018-03-10 02:13:54 -- dev loss = 0.1190
2018-03-10 02:13:54 -- train ROC AUC = 0.9322
2018-03-10 02:13:54 -- dev ROC AUC = 0.9326
2018-03-10 02:13:54 -- New best dev ROC AUC = 0.9326
2018-03-10 02:13:54 -- Saving new best model...
2018-03-10 02:13:54 -- 
2018-03-10 02:13:54 -- Epoch = 6/80:
2018-03-10 02:13:58 -- train loss = 0.1143
2018-03-10 02:13:58 -- dev loss = 0.1140
2018-03-10 02:13:58 -- train ROC AUC = 0.9380
2018-03-10 02:13:58 -- dev ROC AUC = 0.9382
2018-03-10 02:13:58 -- New best dev ROC AUC = 0.9382
2018-03-10 02:13:58 -- Saving new best model...
2018-03-10 02:13:59 -- 
2018-03-10 02:13:59 -- Epoch = 7/80:
2018-03-10 02:14:03 -- train loss = 0.1101
2018-03-10 02:14:03 -- dev loss = 0.1104
2018-03-10 02:14:03 -- train ROC AUC = 0.9423
2018-03-10 02:14:03 -- dev ROC AUC = 0.9423
2018-03-10 02:14:03 -- New best dev ROC AUC = 0.9423
2018-03-10 02:14:03 -- Saving new best model...
2018-03-10 02:14:04 -- 
2018-03-10 02:14:04 -- Epoch = 8/80:
2018-03-10 02:14:09 -- train loss = 0.1070
2018-03-10 02:14:09 -- dev loss = 0.1076
2018-03-10 02:14:09 -- train ROC AUC = 0.9456
2018-03-10 02:14:09 -- dev ROC AUC = 0.9456
2018-03-10 02:14:09 -- New best dev ROC AUC = 0.9456
2018-03-10 02:14:09 -- Saving new best model...
2018-03-10 02:14:09 -- 
2018-03-10 02:14:09 -- Epoch = 9/80:
2018-03-10 02:14:14 -- train loss = 0.1045
2018-03-10 02:14:14 -- dev loss = 0.1057
2018-03-10 02:14:14 -- train ROC AUC = 0.9480
2018-03-10 02:14:14 -- dev ROC AUC = 0.9478
2018-03-10 02:14:14 -- New best dev ROC AUC = 0.9478
2018-03-10 02:14:14 -- Saving new best model...
2018-03-10 02:14:14 -- 
2018-03-10 02:14:15 -- Epoch = 10/80:
2018-03-10 02:14:20 -- train loss = 0.1020
2018-03-10 02:14:20 -- dev loss = 0.1037
2018-03-10 02:14:20 -- train ROC AUC = 0.9500
2018-03-10 02:14:20 -- dev ROC AUC = 0.9499
2018-03-10 02:14:20 -- New best dev ROC AUC = 0.9499
2018-03-10 02:14:20 -- Saving new best model...
2018-03-10 02:14:20 -- 
2018-03-10 02:14:20 -- Epoch = 11/80:
2018-03-10 02:14:26 -- train loss = 0.1003
2018-03-10 02:14:26 -- dev loss = 0.1019
2018-03-10 02:14:26 -- train ROC AUC = 0.9517
2018-03-10 02:14:26 -- dev ROC AUC = 0.9518
2018-03-10 02:14:26 -- New best dev ROC AUC = 0.9518
2018-03-10 02:14:26 -- Saving new best model...
2018-03-10 02:14:27 -- 
2018-03-10 02:14:27 -- Epoch = 12/80:
2018-03-10 02:14:33 -- train loss = 0.0986
2018-03-10 02:14:33 -- dev loss = 0.1004
2018-03-10 02:14:33 -- train ROC AUC = 0.9533
2018-03-10 02:14:33 -- dev ROC AUC = 0.9535
2018-03-10 02:14:33 -- New best dev ROC AUC = 0.9535
2018-03-10 02:14:33 -- Saving new best model...
2018-03-10 02:14:33 -- 
2018-03-10 02:14:33 -- Epoch = 13/80:
2018-03-10 02:14:39 -- train loss = 0.0970
2018-03-10 02:14:39 -- dev loss = 0.0991
2018-03-10 02:14:39 -- train ROC AUC = 0.9550
2018-03-10 02:14:39 -- dev ROC AUC = 0.9551
2018-03-10 02:14:39 -- New best dev ROC AUC = 0.9551
2018-03-10 02:14:39 -- Saving new best model...
2018-03-10 02:14:40 -- 
2018-03-10 02:14:40 -- Epoch = 14/80:
2018-03-10 02:14:46 -- train loss = 0.0958
2018-03-10 02:14:46 -- dev loss = 0.0977
2018-03-10 02:14:46 -- train ROC AUC = 0.9557
2018-03-10 02:14:46 -- dev ROC AUC = 0.9562
2018-03-10 02:14:46 -- New best dev ROC AUC = 0.9562
2018-03-10 02:14:46 -- Saving new best model...
2018-03-10 02:14:46 -- 
2018-03-10 02:14:46 -- Epoch = 15/80:
2018-03-10 02:14:53 -- train loss = 0.0945
2018-03-10 02:14:53 -- dev loss = 0.0966
2018-03-10 02:14:53 -- train ROC AUC = 0.9573
2018-03-10 02:14:53 -- dev ROC AUC = 0.9575
2018-03-10 02:14:53 -- New best dev ROC AUC = 0.9575
2018-03-10 02:14:53 -- Saving new best model...
2018-03-10 02:14:57 -- 
2018-03-10 02:14:57 -- Epoch = 16/80:
2018-03-10 02:15:05 -- train loss = 0.0933
2018-03-10 02:15:05 -- dev loss = 0.0957
2018-03-10 02:15:05 -- train ROC AUC = 0.9580
2018-03-10 02:15:05 -- dev ROC AUC = 0.9581
2018-03-10 02:15:05 -- New best dev ROC AUC = 0.9581
2018-03-10 02:15:05 -- Saving new best model...
2018-03-10 02:15:05 -- 
2018-03-10 02:15:05 -- Epoch = 17/80:
2018-03-10 02:15:13 -- train loss = 0.0923
2018-03-10 02:15:13 -- dev loss = 0.0946
2018-03-10 02:15:13 -- train ROC AUC = 0.9594
2018-03-10 02:15:13 -- dev ROC AUC = 0.9595
2018-03-10 02:15:13 -- New best dev ROC AUC = 0.9595
2018-03-10 02:15:13 -- Saving new best model...
2018-03-10 02:15:13 -- 
2018-03-10 02:15:13 -- Epoch = 18/80:
2018-03-10 02:15:21 -- train loss = 0.0911
2018-03-10 02:15:21 -- dev loss = 0.0943
2018-03-10 02:15:21 -- train ROC AUC = 0.9597
2018-03-10 02:15:21 -- dev ROC AUC = 0.9599
2018-03-10 02:15:21 -- New best dev ROC AUC = 0.9599
2018-03-10 02:15:21 -- Saving new best model...
2018-03-10 02:15:22 -- 
2018-03-10 02:15:22 -- Epoch = 19/80:
2018-03-10 02:15:30 -- train loss = 0.0903
2018-03-10 02:15:30 -- dev loss = 0.0930
2018-03-10 02:15:30 -- train ROC AUC = 0.9608
2018-03-10 02:15:30 -- dev ROC AUC = 0.9606
2018-03-10 02:15:30 -- New best dev ROC AUC = 0.9606
2018-03-10 02:15:30 -- Saving new best model...
2018-03-10 02:15:30 -- 
2018-03-10 02:15:30 -- Epoch = 20/80:
2018-03-10 02:15:39 -- train loss = 0.0894
2018-03-10 02:15:39 -- dev loss = 0.0929
2018-03-10 02:15:39 -- train ROC AUC = 0.9618
2018-03-10 02:15:39 -- dev ROC AUC = 0.9616
2018-03-10 02:15:39 -- New best dev ROC AUC = 0.9616
2018-03-10 02:15:39 -- Saving new best model...
2018-03-10 02:15:39 -- 
2018-03-10 02:15:39 -- Epoch = 21/80:
2018-03-10 02:15:48 -- train loss = 0.0889
2018-03-10 02:15:48 -- dev loss = 0.0917
2018-03-10 02:15:48 -- train ROC AUC = 0.9621
2018-03-10 02:15:48 -- dev ROC AUC = 0.9617
2018-03-10 02:15:48 -- New best dev ROC AUC = 0.9617
2018-03-10 02:15:48 -- Saving new best model...
2018-03-10 02:15:48 -- 
2018-03-10 02:15:48 -- Epoch = 22/80:
2018-03-10 02:15:58 -- train loss = 0.0881
2018-03-10 02:15:58 -- dev loss = 0.0912
2018-03-10 02:15:58 -- train ROC AUC = 0.9632
2018-03-10 02:15:58 -- dev ROC AUC = 0.9625
2018-03-10 02:15:58 -- New best dev ROC AUC = 0.9625
2018-03-10 02:15:58 -- Saving new best model...
2018-03-10 02:15:58 -- 
2018-03-10 02:15:58 -- Epoch = 23/80:
2018-03-10 02:16:08 -- train loss = 0.0873
2018-03-10 02:16:08 -- dev loss = 0.0911
2018-03-10 02:16:08 -- train ROC AUC = 0.9633
2018-03-10 02:16:08 -- dev ROC AUC = 0.9627
2018-03-10 02:16:08 -- New best dev ROC AUC = 0.9627
2018-03-10 02:16:08 -- Saving new best model...
2018-03-10 02:16:08 -- 
2018-03-10 02:16:08 -- Epoch = 24/80:
2018-03-10 02:16:19 -- train loss = 0.0871
2018-03-10 02:16:19 -- dev loss = 0.0904
2018-03-10 02:16:19 -- train ROC AUC = 0.9640
2018-03-10 02:16:19 -- dev ROC AUC = 0.9631
2018-03-10 02:16:19 -- New best dev ROC AUC = 0.9631
2018-03-10 02:16:19 -- Saving new best model...
2018-03-10 02:16:19 -- 
2018-03-10 02:16:19 -- Epoch = 25/80:
2018-03-10 02:16:30 -- train loss = 0.0862
2018-03-10 02:16:30 -- dev loss = 0.0901
2018-03-10 02:16:30 -- train ROC AUC = 0.9644
2018-03-10 02:16:30 -- dev ROC AUC = 0.9633
2018-03-10 02:16:30 -- New best dev ROC AUC = 0.9633
2018-03-10 02:16:30 -- Saving new best model...
2018-03-10 02:16:34 -- 
2018-03-10 02:16:34 -- Epoch = 26/80:
2018-03-10 02:16:46 -- train loss = 0.0859
2018-03-10 02:16:46 -- dev loss = 0.0895
2018-03-10 02:16:46 -- train ROC AUC = 0.9650
2018-03-10 02:16:46 -- dev ROC AUC = 0.9638
2018-03-10 02:16:46 -- New best dev ROC AUC = 0.9638
2018-03-10 02:16:46 -- Saving new best model...
2018-03-10 02:16:46 -- 
2018-03-10 02:16:46 -- Epoch = 27/80:
2018-03-10 02:16:58 -- train loss = 0.0854
2018-03-10 02:16:58 -- dev loss = 0.0894
2018-03-10 02:16:58 -- train ROC AUC = 0.9654
2018-03-10 02:16:58 -- dev ROC AUC = 0.9641
2018-03-10 02:16:58 -- New best dev ROC AUC = 0.9641
2018-03-10 02:16:58 -- Saving new best model...
2018-03-10 02:16:58 -- 
2018-03-10 02:16:58 -- Epoch = 28/80:
2018-03-10 02:17:11 -- train loss = 0.0849
2018-03-10 02:17:11 -- dev loss = 0.0891
2018-03-10 02:17:11 -- train ROC AUC = 0.9658
2018-03-10 02:17:11 -- dev ROC AUC = 0.9643
2018-03-10 02:17:11 -- New best dev ROC AUC = 0.9643
2018-03-10 02:17:11 -- Saving new best model...
2018-03-10 02:17:11 -- 
2018-03-10 02:17:11 -- Epoch = 29/80:
2018-03-10 02:17:25 -- train loss = 0.0844
2018-03-10 02:17:25 -- dev loss = 0.0890
2018-03-10 02:17:25 -- train ROC AUC = 0.9656
2018-03-10 02:17:25 -- dev ROC AUC = 0.9642
2018-03-10 02:17:25 -- 
2018-03-10 02:17:25 -- Epoch = 30/80:
2018-03-10 02:17:38 -- train loss = 0.0841
2018-03-10 02:17:38 -- dev loss = 0.0886
2018-03-10 02:17:38 -- train ROC AUC = 0.9663
2018-03-10 02:17:38 -- dev ROC AUC = 0.9647
2018-03-10 02:17:38 -- New best dev ROC AUC = 0.9647
2018-03-10 02:17:38 -- Saving new best model...
2018-03-10 02:17:38 -- 
2018-03-10 02:17:38 -- Epoch = 31/80:
2018-03-10 02:17:52 -- train loss = 0.0837
2018-03-10 02:17:52 -- dev loss = 0.0887
2018-03-10 02:17:52 -- train ROC AUC = 0.9666
2018-03-10 02:17:52 -- dev ROC AUC = 0.9647
2018-03-10 02:17:52 -- New best dev ROC AUC = 0.9647
2018-03-10 02:17:52 -- Saving new best model...
2018-03-10 02:17:53 -- 
2018-03-10 02:17:53 -- Epoch = 32/80:
2018-03-10 02:18:08 -- train loss = 0.0835
2018-03-10 02:18:08 -- dev loss = 0.0882
2018-03-10 02:18:08 -- train ROC AUC = 0.9670
2018-03-10 02:18:08 -- dev ROC AUC = 0.9651
2018-03-10 02:18:08 -- New best dev ROC AUC = 0.9651
2018-03-10 02:18:08 -- Saving new best model...
2018-03-10 02:18:08 -- 
2018-03-10 02:18:08 -- Epoch = 33/80:
2018-03-10 02:18:24 -- train loss = 0.0831
2018-03-10 02:18:24 -- dev loss = 0.0884
2018-03-10 02:18:24 -- train ROC AUC = 0.9674
2018-03-10 02:18:24 -- dev ROC AUC = 0.9652
2018-03-10 02:18:24 -- New best dev ROC AUC = 0.9652
2018-03-10 02:18:24 -- Saving new best model...
2018-03-10 02:18:31 -- 
2018-03-10 02:18:31 -- Epoch = 34/80:
2018-03-10 02:18:47 -- train loss = 0.0830
2018-03-10 02:18:47 -- dev loss = 0.0885
2018-03-10 02:18:47 -- train ROC AUC = 0.9674
2018-03-10 02:18:47 -- dev ROC AUC = 0.9650
2018-03-10 02:18:47 -- 
2018-03-10 02:18:47 -- Epoch = 35/80:
2018-03-10 02:19:03 -- train loss = 0.0825
2018-03-10 02:19:03 -- dev loss = 0.0880
2018-03-10 02:19:03 -- train ROC AUC = 0.9678
2018-03-10 02:19:03 -- dev ROC AUC = 0.9656
2018-03-10 02:19:03 -- New best dev ROC AUC = 0.9656
2018-03-10 02:19:03 -- Saving new best model...
2018-03-10 02:19:03 -- 
2018-03-10 02:19:03 -- Epoch = 36/80:
2018-03-10 02:19:19 -- train loss = 0.0821
2018-03-10 02:19:19 -- dev loss = 0.0882
2018-03-10 02:19:19 -- train ROC AUC = 0.9682
2018-03-10 02:19:19 -- dev ROC AUC = 0.9653
2018-03-10 02:19:19 -- 
2018-03-10 02:19:19 -- Epoch = 37/80:
2018-03-10 02:19:37 -- train loss = 0.0819
2018-03-10 02:19:37 -- dev loss = 0.0875
2018-03-10 02:19:37 -- train ROC AUC = 0.9683
2018-03-10 02:19:37 -- dev ROC AUC = 0.9657
2018-03-10 02:19:37 -- New best dev ROC AUC = 0.9657
2018-03-10 02:19:37 -- Saving new best model...
2018-03-10 02:19:38 -- 
2018-03-10 02:19:38 -- Epoch = 38/80:
2018-03-10 02:19:56 -- train loss = 0.0818
2018-03-10 02:19:56 -- dev loss = 0.0874
2018-03-10 02:19:56 -- train ROC AUC = 0.9686
2018-03-10 02:19:56 -- dev ROC AUC = 0.9657
2018-03-10 02:19:56 -- New best dev ROC AUC = 0.9657
2018-03-10 02:19:56 -- Saving new best model...
2018-03-10 02:19:56 -- 
2018-03-10 02:19:57 -- Epoch = 39/80:
2018-03-10 02:20:15 -- train loss = 0.0812
2018-03-10 02:20:15 -- dev loss = 0.0873
2018-03-10 02:20:15 -- train ROC AUC = 0.9687
2018-03-10 02:20:15 -- dev ROC AUC = 0.9659
2018-03-10 02:20:15 -- New best dev ROC AUC = 0.9659
2018-03-10 02:20:15 -- Saving new best model...
2018-03-10 02:20:15 -- 
2018-03-10 02:20:16 -- Epoch = 40/80:
2018-03-10 02:20:36 -- train loss = 0.0811
2018-03-10 02:20:36 -- dev loss = 0.0873
2018-03-10 02:20:36 -- train ROC AUC = 0.9690
2018-03-10 02:20:36 -- dev ROC AUC = 0.9660
2018-03-10 02:20:36 -- New best dev ROC AUC = 0.9660
2018-03-10 02:20:36 -- Saving new best model...
2018-03-10 02:20:36 -- 
2018-03-10 02:20:36 -- Epoch = 41/80:
2018-03-10 02:20:56 -- train loss = 0.0808
2018-03-10 02:20:56 -- dev loss = 0.0884
2018-03-10 02:20:56 -- train ROC AUC = 0.9689
2018-03-10 02:20:56 -- dev ROC AUC = 0.9658
2018-03-10 02:20:56 -- 
2018-03-10 02:20:56 -- Epoch = 42/80:
2018-03-10 02:21:16 -- train loss = 0.0806
2018-03-10 02:21:16 -- dev loss = 0.0869
2018-03-10 02:21:16 -- train ROC AUC = 0.9695
2018-03-10 02:21:16 -- dev ROC AUC = 0.9661
2018-03-10 02:21:16 -- New best dev ROC AUC = 0.9661
2018-03-10 02:21:16 -- Saving new best model...
2018-03-10 02:21:21 -- 
2018-03-10 02:21:21 -- Epoch = 43/80:
2018-03-10 02:21:42 -- train loss = 0.0800
2018-03-10 02:21:42 -- dev loss = 0.0870
2018-03-10 02:21:42 -- train ROC AUC = 0.9698
2018-03-10 02:21:42 -- dev ROC AUC = 0.9661
2018-03-10 02:21:42 -- New best dev ROC AUC = 0.9661
2018-03-10 02:21:42 -- Saving new best model...
2018-03-10 02:21:43 -- 
2018-03-10 02:21:43 -- Epoch = 44/80:
2018-03-10 02:22:04 -- train loss = 0.0798
2018-03-10 02:22:04 -- dev loss = 0.0871
2018-03-10 02:22:04 -- train ROC AUC = 0.9700
2018-03-10 02:22:04 -- dev ROC AUC = 0.9661
2018-03-10 02:22:04 -- 
2018-03-10 02:22:04 -- Epoch = 45/80:
2018-03-10 02:22:25 -- train loss = 0.0796
2018-03-10 02:22:25 -- dev loss = 0.0868
2018-03-10 02:22:25 -- train ROC AUC = 0.9698
2018-03-10 02:22:25 -- dev ROC AUC = 0.9661
2018-03-10 02:22:25 -- 
2018-03-10 02:22:25 -- Epoch = 46/80:
2018-03-10 02:22:48 -- train loss = 0.0793
2018-03-10 02:22:48 -- dev loss = 0.0871
2018-03-10 02:22:48 -- train ROC AUC = 0.9701
2018-03-10 02:22:48 -- dev ROC AUC = 0.9663
2018-03-10 02:22:48 -- New best dev ROC AUC = 0.9663
2018-03-10 02:22:48 -- Saving new best model...
2018-03-10 02:22:49 -- 
2018-03-10 02:22:49 -- Epoch = 47/80:
2018-03-10 02:23:12 -- train loss = 0.0790
2018-03-10 02:23:12 -- dev loss = 0.0866
2018-03-10 02:23:12 -- train ROC AUC = 0.9705
2018-03-10 02:23:12 -- dev ROC AUC = 0.9663
2018-03-10 02:23:12 -- 
2018-03-10 02:23:12 -- Epoch = 48/80:
2018-03-10 02:23:37 -- train loss = 0.0791
2018-03-10 02:23:37 -- dev loss = 0.0866
2018-03-10 02:23:37 -- train ROC AUC = 0.9707
2018-03-10 02:23:37 -- dev ROC AUC = 0.9665
2018-03-10 02:23:37 -- New best dev ROC AUC = 0.9665
2018-03-10 02:23:37 -- Saving new best model...
2018-03-10 02:23:38 -- 
2018-03-10 02:23:38 -- Epoch = 49/80:
2018-03-10 02:24:02 -- train loss = 0.0783
2018-03-10 02:24:02 -- dev loss = 0.0866
2018-03-10 02:24:02 -- train ROC AUC = 0.9709
2018-03-10 02:24:02 -- dev ROC AUC = 0.9664
2018-03-10 02:24:02 -- 
2018-03-10 02:24:02 -- Epoch = 50/80:
2018-03-10 02:24:28 -- train loss = 0.0783
2018-03-10 02:24:28 -- dev loss = 0.0873
2018-03-10 02:24:28 -- train ROC AUC = 0.9709
2018-03-10 02:24:28 -- dev ROC AUC = 0.9664
2018-03-10 02:24:28 -- 
2018-03-10 02:24:28 -- Epoch = 51/80:
2018-03-10 02:24:53 -- train loss = 0.0784
2018-03-10 02:24:53 -- dev loss = 0.0866
2018-03-10 02:24:53 -- train ROC AUC = 0.9713
2018-03-10 02:24:53 -- dev ROC AUC = 0.9663
2018-03-10 02:24:53 -- 
2018-03-10 02:24:53 -- Epoch = 52/80:
2018-03-10 02:25:19 -- train loss = 0.0782
2018-03-10 02:25:19 -- dev loss = 0.0864
2018-03-10 02:25:19 -- train ROC AUC = 0.9715
2018-03-10 02:25:19 -- dev ROC AUC = 0.9664
2018-03-10 02:25:19 -- 
2018-03-10 02:25:19 -- Epoch = 53/80:
2018-03-10 02:25:46 -- train loss = 0.0777
2018-03-10 02:25:46 -- dev loss = 0.0865
2018-03-10 02:25:46 -- train ROC AUC = 0.9716
2018-03-10 02:25:46 -- dev ROC AUC = 0.9666
2018-03-10 02:25:46 -- New best dev ROC AUC = 0.9666
2018-03-10 02:25:46 -- Saving new best model...
2018-03-10 02:25:46 -- 
2018-03-10 02:25:46 -- Epoch = 54/80:
2018-03-10 02:26:15 -- train loss = 0.0777
2018-03-10 02:26:15 -- dev loss = 0.0861
2018-03-10 02:26:15 -- train ROC AUC = 0.9718
2018-03-10 02:26:15 -- dev ROC AUC = 0.9668
2018-03-10 02:26:15 -- New best dev ROC AUC = 0.9668
2018-03-10 02:26:15 -- Saving new best model...
2018-03-10 02:26:19 -- 
2018-03-10 02:26:19 -- Epoch = 55/80:
2018-03-10 02:26:47 -- train loss = 0.0774
2018-03-10 02:26:47 -- dev loss = 0.0865
2018-03-10 02:26:47 -- train ROC AUC = 0.9717
2018-03-10 02:26:47 -- dev ROC AUC = 0.9665
2018-03-10 02:26:47 -- 
2018-03-10 02:26:47 -- Epoch = 56/80:
2018-03-10 02:27:17 -- train loss = 0.0770
2018-03-10 02:27:17 -- dev loss = 0.0865
2018-03-10 02:27:17 -- train ROC AUC = 0.9717
2018-03-10 02:27:17 -- dev ROC AUC = 0.9665
2018-03-10 02:27:17 -- 
2018-03-10 02:27:17 -- Epoch = 57/80:
2018-03-10 02:27:48 -- train loss = 0.0768
2018-03-10 02:27:48 -- dev loss = 0.0861
2018-03-10 02:27:48 -- train ROC AUC = 0.9722
2018-03-10 02:27:48 -- dev ROC AUC = 0.9666
2018-03-10 02:27:48 -- 
2018-03-10 02:27:48 -- Epoch = 58/80:
2018-03-10 02:28:19 -- train loss = 0.0767
2018-03-10 02:28:19 -- dev loss = 0.0861
2018-03-10 02:28:19 -- train ROC AUC = 0.9725
2018-03-10 02:28:19 -- dev ROC AUC = 0.9666
2018-03-10 02:28:19 -- 
2018-03-10 02:28:19 -- Epoch = 59/80:
2018-03-10 02:28:51 -- train loss = 0.0767
2018-03-10 02:28:51 -- dev loss = 0.0866
2018-03-10 02:28:51 -- train ROC AUC = 0.9727
2018-03-10 02:28:51 -- dev ROC AUC = 0.9665
2018-03-10 02:28:51 -- 
2018-03-10 02:28:51 -- Epoch = 60/80:
2018-03-10 02:29:24 -- train loss = 0.0762
2018-03-10 02:29:24 -- dev loss = 0.0867
2018-03-10 02:29:24 -- train ROC AUC = 0.9727
2018-03-10 02:29:24 -- dev ROC AUC = 0.9667
2018-03-10 02:29:24 -- 
2018-03-10 02:29:24 -- Epoch = 61/80:
2018-03-10 02:29:56 -- train loss = 0.0761
2018-03-10 02:29:56 -- dev loss = 0.0860
2018-03-10 02:29:56 -- train ROC AUC = 0.9731
2018-03-10 02:29:56 -- dev ROC AUC = 0.9667
2018-03-10 02:29:56 -- 
2018-03-10 02:29:56 -- Epoch = 62/80:
2018-03-10 02:30:31 -- train loss = 0.0757
2018-03-10 02:30:31 -- dev loss = 0.0859
2018-03-10 02:30:31 -- train ROC AUC = 0.9730
2018-03-10 02:30:31 -- dev ROC AUC = 0.9666
2018-03-10 02:30:31 -- 
2018-03-10 02:30:31 -- Epoch = 63/80:
2018-03-10 02:31:05 -- train loss = 0.0755
2018-03-10 02:31:05 -- dev loss = 0.0866
2018-03-10 02:31:05 -- train ROC AUC = 0.9733
2018-03-10 02:31:05 -- dev ROC AUC = 0.9663
2018-03-10 02:31:05 -- 
2018-03-10 02:31:05 -- Epoch = 64/80:
2018-03-10 02:31:41 -- train loss = 0.0754
2018-03-10 02:31:41 -- dev loss = 0.0861
2018-03-10 02:31:41 -- train ROC AUC = 0.9735
2018-03-10 02:31:41 -- dev ROC AUC = 0.9666
2018-03-10 02:31:41 -- 
2018-03-10 02:31:41 -- Epoch = 65/80:
2018-03-10 02:32:17 -- train loss = 0.0756
2018-03-10 02:32:17 -- dev loss = 0.0861
2018-03-10 02:32:17 -- train ROC AUC = 0.9734
2018-03-10 02:32:17 -- dev ROC AUC = 0.9663
2018-03-10 02:32:17 -- 
2018-03-10 02:32:17 -- Epoch = 66/80:
2018-03-10 02:32:53 -- train loss = 0.0751
2018-03-10 02:32:53 -- dev loss = 0.0861
2018-03-10 02:32:53 -- train ROC AUC = 0.9737
2018-03-10 02:32:53 -- dev ROC AUC = 0.9666
2018-03-10 02:32:53 -- 
2018-03-10 02:32:53 -- Epoch = 67/80:
2018-03-10 02:33:32 -- train loss = 0.0748
2018-03-10 02:33:32 -- dev loss = 0.0864
2018-03-10 02:33:32 -- train ROC AUC = 0.9734
2018-03-10 02:33:32 -- dev ROC AUC = 0.9666
2018-03-10 02:33:32 -- 
2018-03-10 02:33:32 -- Epoch = 68/80:
2018-03-10 02:34:10 -- train loss = 0.0752
2018-03-10 02:34:10 -- dev loss = 0.0886
2018-03-10 02:34:10 -- train ROC AUC = 0.9738
2018-03-10 02:34:10 -- dev ROC AUC = 0.9669
2018-03-10 02:34:10 -- New best dev ROC AUC = 0.9669
2018-03-10 02:34:10 -- Saving new best model...
2018-03-10 02:34:11 -- 
2018-03-10 02:34:11 -- Epoch = 69/80:
2018-03-10 02:34:51 -- train loss = 0.0749
2018-03-10 02:34:51 -- dev loss = 0.0861
2018-03-10 02:34:51 -- train ROC AUC = 0.9742
2018-03-10 02:34:51 -- dev ROC AUC = 0.9668
2018-03-10 02:34:51 -- 
2018-03-10 02:34:51 -- Epoch = 70/80:
2018-03-10 02:35:32 -- train loss = 0.0745
2018-03-10 02:35:32 -- dev loss = 0.0879
2018-03-10 02:35:32 -- train ROC AUC = 0.9743
2018-03-10 02:35:32 -- dev ROC AUC = 0.9663
2018-03-10 02:35:32 -- 
2018-03-10 02:35:32 -- Epoch = 71/80:
2018-03-10 02:36:13 -- train loss = 0.0743
2018-03-10 02:36:13 -- dev loss = 0.0860
2018-03-10 02:36:13 -- train ROC AUC = 0.9743
2018-03-10 02:36:13 -- dev ROC AUC = 0.9664
2018-03-10 02:36:13 -- 
2018-03-10 02:36:13 -- Epoch = 72/80:
2018-03-10 02:36:56 -- train loss = 0.0740
2018-03-10 02:36:56 -- dev loss = 0.0868
2018-03-10 02:36:56 -- train ROC AUC = 0.9744
2018-03-10 02:36:56 -- dev ROC AUC = 0.9666
2018-03-10 02:36:56 -- 
2018-03-10 02:36:56 -- Epoch = 73/80:
2018-03-10 02:37:41 -- train loss = 0.0742
2018-03-10 02:37:41 -- dev loss = 0.0863
2018-03-10 02:37:41 -- train ROC AUC = 0.9745
2018-03-10 02:37:41 -- dev ROC AUC = 0.9665
2018-03-10 02:37:41 -- 
2018-03-10 02:37:41 -- Epoch = 74/80:
2018-03-10 02:38:25 -- train loss = 0.0737
2018-03-10 02:38:25 -- dev loss = 0.0859
2018-03-10 02:38:25 -- train ROC AUC = 0.9749
2018-03-10 02:38:25 -- dev ROC AUC = 0.9666
2018-03-10 02:38:25 -- 
2018-03-10 02:38:25 -- Epoch = 75/80:
2018-03-10 02:39:12 -- train loss = 0.0738
2018-03-10 02:39:12 -- dev loss = 0.0864
2018-03-10 02:39:12 -- train ROC AUC = 0.9750
2018-03-10 02:39:12 -- dev ROC AUC = 0.9663
2018-03-10 02:39:12 -- 
2018-03-10 02:39:12 -- Epoch = 76/80:
2018-03-10 02:40:00 -- train loss = 0.0734
2018-03-10 02:40:00 -- dev loss = 0.0866
2018-03-10 02:40:00 -- train ROC AUC = 0.9748
2018-03-10 02:40:00 -- dev ROC AUC = 0.9667
2018-03-10 02:40:00 -- 
2018-03-10 02:40:00 -- Epoch = 77/80:
2018-03-10 02:40:48 -- train loss = 0.0732
2018-03-10 02:40:48 -- dev loss = 0.0862
2018-03-10 02:40:48 -- train ROC AUC = 0.9752
2018-03-10 02:40:48 -- dev ROC AUC = 0.9665
2018-03-10 02:40:48 -- 
2018-03-10 02:40:48 -- Epoch = 78/80:
2018-03-10 02:41:36 -- train loss = 0.0727
2018-03-10 02:41:36 -- dev loss = 0.0872
2018-03-10 02:41:36 -- train ROC AUC = 0.9752
2018-03-10 02:41:36 -- dev ROC AUC = 0.9669
2018-03-10 02:41:36 -- New best dev ROC AUC = 0.9669
2018-03-10 02:41:36 -- Saving new best model...
2018-03-10 02:41:37 -- 
2018-03-10 02:41:37 -- Epoch = 79/80:
2018-03-10 02:42:30 -- train loss = 0.0729
2018-03-10 02:42:30 -- dev loss = 0.0866
2018-03-10 02:42:30 -- train ROC AUC = 0.9754
2018-03-10 02:42:30 -- dev ROC AUC = 0.9663
2018-03-10 02:42:30 -- 
2018-03-10 02:42:30 -- Epoch = 80/80:
2018-03-10 02:43:21 -- train loss = 0.0728
2018-03-10 02:43:21 -- dev loss = 0.0871
2018-03-10 02:43:21 -- train ROC AUC = 0.9755
2018-03-10 02:43:21 -- dev ROC AUC = 0.9664
2018-03-10 02:43:21 -- 
2018-03-10 02:43:21 -- Testing...
2018-03-10 02:43:21 -- Rebuilding model...
2018-03-10 02:43:22 -- Restoring best model...
2018-03-10 02:43:24 -- Restoring parameters from out/ff_indep_insult/ff_indep_insult.weights
2018-03-10 02:43:24 -- Predicting labels for test set...
2018-03-10 02:43:55 -- Saving test prediction...
2018-03-10 02:43:55 -- 
2018-03-10 02:43:55 -- Evaluating...
2018-03-10 02:44:02 -- Mean column-wise ROC AUC - train = 0.9752
2018-03-10 02:44:02 -- Mean column-wise ROC AUC - dev = 0.9669
2018-03-10 02:44:02 -- ROC AUC of insult - train = 0.9752
2018-03-10 02:44:02 -- ROC AUC of insult - dev = 0.9669
2018-03-10 02:44:03 -- Mean column-wise average precision - train = 0.7794
2018-03-10 02:44:03 -- Mean column-wise average precision - dev = 0.7091
2018-03-10 02:44:03 -- average precision of insult - train = 0.7794
2018-03-10 02:44:03 -- average precision of insult - dev = 0.7091
