activation: !!python/name:tensorflow.python.ops.gen_nn_ops.relu ''
batch_size: 2048
dropout: false
exp_name: ff_indep_identity_hate
hidden_sizes: [30, 30]
keep_prob: 1
lr: 0.0005
n_epochs: 80
n_features: 300
n_labels: 1
n_layers: 2
optimizer: !!python/name:tensorflow.python.training.adam.AdamOptimizer ''
2018-03-10 02:48:02 -- 
2018-03-10 02:48:02 -- Initializing...
2018-03-10 02:48:02 -- Training...
2018-03-10 02:48:02 -- Building model...
2018-03-10 02:48:03 -- Training model...
2018-03-10 02:48:26 -- 
2018-03-10 02:48:26 -- Epoch = 1/80:
2018-03-10 02:48:30 -- train loss = 0.5297
2018-03-10 02:48:30 -- dev loss = 0.2325
2018-03-10 02:48:30 -- train ROC AUC = 0.4733
2018-03-10 02:48:30 -- dev ROC AUC = 0.4304
2018-03-10 02:48:30 -- New best dev ROC AUC = 0.4304
2018-03-10 02:48:30 -- Saving new best model...
2018-03-10 02:48:30 -- 
2018-03-10 02:48:30 -- Epoch = 2/80:
2018-03-10 02:48:34 -- train loss = 0.1222
2018-03-10 02:48:34 -- dev loss = 0.0629
2018-03-10 02:48:34 -- train ROC AUC = 0.5447
2018-03-10 02:48:34 -- dev ROC AUC = 0.4979
2018-03-10 02:48:34 -- New best dev ROC AUC = 0.4979
2018-03-10 02:48:34 -- Saving new best model...
2018-03-10 02:48:34 -- 
2018-03-10 02:48:34 -- Epoch = 3/80:
2018-03-10 02:48:38 -- train loss = 0.0543
2018-03-10 02:48:38 -- dev loss = 0.0482
2018-03-10 02:48:38 -- train ROC AUC = 0.6626
2018-03-10 02:48:38 -- dev ROC AUC = 0.6258
2018-03-10 02:48:38 -- New best dev ROC AUC = 0.6258
2018-03-10 02:48:38 -- Saving new best model...
2018-03-10 02:48:38 -- 
2018-03-10 02:48:38 -- Epoch = 4/80:
2018-03-10 02:48:42 -- train loss = 0.0482
2018-03-10 02:48:42 -- dev loss = 0.0452
2018-03-10 02:48:42 -- train ROC AUC = 0.7805
2018-03-10 02:48:42 -- dev ROC AUC = 0.7748
2018-03-10 02:48:42 -- New best dev ROC AUC = 0.7748
2018-03-10 02:48:42 -- Saving new best model...
2018-03-10 02:48:42 -- 
2018-03-10 02:48:42 -- Epoch = 5/80:
2018-03-10 02:48:46 -- train loss = 0.0456
2018-03-10 02:48:46 -- dev loss = 0.0431
2018-03-10 02:48:46 -- train ROC AUC = 0.8458
2018-03-10 02:48:46 -- dev ROC AUC = 0.8516
2018-03-10 02:48:46 -- New best dev ROC AUC = 0.8516
2018-03-10 02:48:46 -- Saving new best model...
2018-03-10 02:48:46 -- 
2018-03-10 02:48:46 -- Epoch = 6/80:
2018-03-10 02:48:51 -- train loss = 0.0436
2018-03-10 02:48:51 -- dev loss = 0.0413
2018-03-10 02:48:51 -- train ROC AUC = 0.8768
2018-03-10 02:48:51 -- dev ROC AUC = 0.8843
2018-03-10 02:48:51 -- New best dev ROC AUC = 0.8843
2018-03-10 02:48:51 -- Saving new best model...
2018-03-10 02:48:51 -- 
2018-03-10 02:48:51 -- Epoch = 7/80:
2018-03-10 02:48:56 -- train loss = 0.0422
2018-03-10 02:48:56 -- dev loss = 0.0399
2018-03-10 02:48:56 -- train ROC AUC = 0.8935
2018-03-10 02:48:56 -- dev ROC AUC = 0.9019
2018-03-10 02:48:56 -- New best dev ROC AUC = 0.9019
2018-03-10 02:48:56 -- Saving new best model...
2018-03-10 02:48:56 -- 
2018-03-10 02:48:56 -- Epoch = 8/80:
2018-03-10 02:49:01 -- train loss = 0.0410
2018-03-10 02:49:01 -- dev loss = 0.0388
2018-03-10 02:49:01 -- train ROC AUC = 0.9041
2018-03-10 02:49:01 -- dev ROC AUC = 0.9130
2018-03-10 02:49:01 -- New best dev ROC AUC = 0.9130
2018-03-10 02:49:01 -- Saving new best model...
2018-03-10 02:49:01 -- 
2018-03-10 02:49:01 -- Epoch = 9/80:
2018-03-10 02:49:06 -- train loss = 0.0400
2018-03-10 02:49:06 -- dev loss = 0.0378
2018-03-10 02:49:06 -- train ROC AUC = 0.9117
2018-03-10 02:49:06 -- dev ROC AUC = 0.9209
2018-03-10 02:49:06 -- New best dev ROC AUC = 0.9209
2018-03-10 02:49:06 -- Saving new best model...
2018-03-10 02:49:07 -- 
2018-03-10 02:49:07 -- Epoch = 10/80:
2018-03-10 02:49:12 -- train loss = 0.0389
2018-03-10 02:49:12 -- dev loss = 0.0369
2018-03-10 02:49:12 -- train ROC AUC = 0.9181
2018-03-10 02:49:12 -- dev ROC AUC = 0.9273
2018-03-10 02:49:12 -- New best dev ROC AUC = 0.9273
2018-03-10 02:49:12 -- Saving new best model...
2018-03-10 02:49:16 -- 
2018-03-10 02:49:16 -- Epoch = 11/80:
2018-03-10 02:49:22 -- train loss = 0.0382
2018-03-10 02:49:22 -- dev loss = 0.0360
2018-03-10 02:49:22 -- train ROC AUC = 0.9247
2018-03-10 02:49:22 -- dev ROC AUC = 0.9334
2018-03-10 02:49:22 -- New best dev ROC AUC = 0.9334
2018-03-10 02:49:22 -- Saving new best model...
2018-03-10 02:49:22 -- 
2018-03-10 02:49:22 -- Epoch = 12/80:
2018-03-10 02:49:28 -- train loss = 0.0371
2018-03-10 02:49:28 -- dev loss = 0.0352
2018-03-10 02:49:28 -- train ROC AUC = 0.9309
2018-03-10 02:49:28 -- dev ROC AUC = 0.9392
2018-03-10 02:49:28 -- New best dev ROC AUC = 0.9392
2018-03-10 02:49:28 -- Saving new best model...
2018-03-10 02:49:29 -- 
2018-03-10 02:49:29 -- Epoch = 13/80:
2018-03-10 02:49:35 -- train loss = 0.0363
2018-03-10 02:49:35 -- dev loss = 0.0345
2018-03-10 02:49:35 -- train ROC AUC = 0.9380
2018-03-10 02:49:35 -- dev ROC AUC = 0.9452
2018-03-10 02:49:35 -- New best dev ROC AUC = 0.9452
2018-03-10 02:49:35 -- Saving new best model...
2018-03-10 02:49:35 -- 
2018-03-10 02:49:35 -- Epoch = 14/80:
2018-03-10 02:49:42 -- train loss = 0.0352
2018-03-10 02:49:42 -- dev loss = 0.0333
2018-03-10 02:49:42 -- train ROC AUC = 0.9423
2018-03-10 02:49:42 -- dev ROC AUC = 0.9490
2018-03-10 02:49:42 -- New best dev ROC AUC = 0.9490
2018-03-10 02:49:42 -- Saving new best model...
2018-03-10 02:49:42 -- 
2018-03-10 02:49:42 -- Epoch = 15/80:
2018-03-10 02:49:49 -- train loss = 0.0337
2018-03-10 02:49:49 -- dev loss = 0.0317
2018-03-10 02:49:49 -- train ROC AUC = 0.9495
2018-03-10 02:49:49 -- dev ROC AUC = 0.9550
2018-03-10 02:49:49 -- New best dev ROC AUC = 0.9550
2018-03-10 02:49:49 -- Saving new best model...
2018-03-10 02:49:50 -- 
2018-03-10 02:49:50 -- Epoch = 16/80:
2018-03-10 02:49:57 -- train loss = 0.0324
2018-03-10 02:49:57 -- dev loss = 0.0308
2018-03-10 02:49:57 -- train ROC AUC = 0.9527
2018-03-10 02:49:57 -- dev ROC AUC = 0.9568
2018-03-10 02:49:57 -- New best dev ROC AUC = 0.9568
2018-03-10 02:49:57 -- Saving new best model...
2018-03-10 02:49:57 -- 
2018-03-10 02:49:57 -- Epoch = 17/80:
2018-03-10 02:50:06 -- train loss = 0.0313
2018-03-10 02:50:06 -- dev loss = 0.0300
2018-03-10 02:50:06 -- train ROC AUC = 0.9562
2018-03-10 02:50:06 -- dev ROC AUC = 0.9603
2018-03-10 02:50:06 -- New best dev ROC AUC = 0.9603
2018-03-10 02:50:06 -- Saving new best model...
2018-03-10 02:50:06 -- 
2018-03-10 02:50:06 -- Epoch = 18/80:
2018-03-10 02:50:14 -- train loss = 0.0305
2018-03-10 02:50:14 -- dev loss = 0.0294
2018-03-10 02:50:14 -- train ROC AUC = 0.9583
2018-03-10 02:50:14 -- dev ROC AUC = 0.9621
2018-03-10 02:50:14 -- New best dev ROC AUC = 0.9621
2018-03-10 02:50:14 -- Saving new best model...
2018-03-10 02:50:14 -- 
2018-03-10 02:50:14 -- Epoch = 19/80:
2018-03-10 02:50:23 -- train loss = 0.0300
2018-03-10 02:50:23 -- dev loss = 0.0292
2018-03-10 02:50:23 -- train ROC AUC = 0.9599
2018-03-10 02:50:23 -- dev ROC AUC = 0.9635
2018-03-10 02:50:23 -- New best dev ROC AUC = 0.9635
2018-03-10 02:50:23 -- Saving new best model...
2018-03-10 02:50:23 -- 
2018-03-10 02:50:23 -- Epoch = 20/80:
2018-03-10 02:50:32 -- train loss = 0.0296
2018-03-10 02:50:32 -- dev loss = 0.0289
2018-03-10 02:50:32 -- train ROC AUC = 0.9605
2018-03-10 02:50:32 -- dev ROC AUC = 0.9636
2018-03-10 02:50:32 -- New best dev ROC AUC = 0.9636
2018-03-10 02:50:32 -- Saving new best model...
2018-03-10 02:50:32 -- 
2018-03-10 02:50:32 -- Epoch = 21/80:
2018-03-10 02:50:42 -- train loss = 0.0290
2018-03-10 02:50:42 -- dev loss = 0.0284
2018-03-10 02:50:42 -- train ROC AUC = 0.9628
2018-03-10 02:50:42 -- dev ROC AUC = 0.9662
2018-03-10 02:50:42 -- New best dev ROC AUC = 0.9662
2018-03-10 02:50:42 -- Saving new best model...
2018-03-10 02:50:42 -- 
2018-03-10 02:50:42 -- Epoch = 22/80:
2018-03-10 02:50:52 -- train loss = 0.0289
2018-03-10 02:50:52 -- dev loss = 0.0282
2018-03-10 02:50:52 -- train ROC AUC = 0.9632
2018-03-10 02:50:52 -- dev ROC AUC = 0.9660
2018-03-10 02:50:52 -- 
2018-03-10 02:50:52 -- Epoch = 23/80:
2018-03-10 02:51:02 -- train loss = 0.0284
2018-03-10 02:51:02 -- dev loss = 0.0279
2018-03-10 02:51:02 -- train ROC AUC = 0.9643
2018-03-10 02:51:02 -- dev ROC AUC = 0.9667
2018-03-10 02:51:02 -- New best dev ROC AUC = 0.9667
2018-03-10 02:51:02 -- Saving new best model...
2018-03-10 02:51:02 -- 
2018-03-10 02:51:02 -- Epoch = 24/80:
2018-03-10 02:51:13 -- train loss = 0.0282
2018-03-10 02:51:13 -- dev loss = 0.0278
2018-03-10 02:51:13 -- train ROC AUC = 0.9655
2018-03-10 02:51:13 -- dev ROC AUC = 0.9682
2018-03-10 02:51:13 -- New best dev ROC AUC = 0.9682
2018-03-10 02:51:13 -- Saving new best model...
2018-03-10 02:51:16 -- 
2018-03-10 02:51:16 -- Epoch = 25/80:
2018-03-10 02:51:27 -- train loss = 0.0279
2018-03-10 02:51:27 -- dev loss = 0.0275
2018-03-10 02:51:27 -- train ROC AUC = 0.9662
2018-03-10 02:51:27 -- dev ROC AUC = 0.9683
2018-03-10 02:51:27 -- New best dev ROC AUC = 0.9683
2018-03-10 02:51:27 -- Saving new best model...
2018-03-10 02:51:27 -- 
2018-03-10 02:51:27 -- Epoch = 26/80:
2018-03-10 02:51:39 -- train loss = 0.0277
2018-03-10 02:51:39 -- dev loss = 0.0275
2018-03-10 02:51:39 -- train ROC AUC = 0.9672
2018-03-10 02:51:39 -- dev ROC AUC = 0.9692
2018-03-10 02:51:39 -- New best dev ROC AUC = 0.9692
2018-03-10 02:51:39 -- Saving new best model...
2018-03-10 02:51:39 -- 
2018-03-10 02:51:39 -- Epoch = 27/80:
2018-03-10 02:51:51 -- train loss = 0.0274
2018-03-10 02:51:51 -- dev loss = 0.0272
2018-03-10 02:51:51 -- train ROC AUC = 0.9670
2018-03-10 02:51:51 -- dev ROC AUC = 0.9684
2018-03-10 02:51:51 -- 
2018-03-10 02:51:51 -- Epoch = 28/80:
2018-03-10 02:52:04 -- train loss = 0.0272
2018-03-10 02:52:04 -- dev loss = 0.0269
2018-03-10 02:52:04 -- train ROC AUC = 0.9683
2018-03-10 02:52:04 -- dev ROC AUC = 0.9697
2018-03-10 02:52:04 -- New best dev ROC AUC = 0.9697
2018-03-10 02:52:04 -- Saving new best model...
2018-03-10 02:52:04 -- 
2018-03-10 02:52:04 -- Epoch = 29/80:
2018-03-10 02:52:17 -- train loss = 0.0270
2018-03-10 02:52:17 -- dev loss = 0.0270
2018-03-10 02:52:17 -- train ROC AUC = 0.9693
2018-03-10 02:52:17 -- dev ROC AUC = 0.9704
2018-03-10 02:52:17 -- New best dev ROC AUC = 0.9704
2018-03-10 02:52:17 -- Saving new best model...
2018-03-10 02:52:17 -- 
2018-03-10 02:52:17 -- Epoch = 30/80:
2018-03-10 02:52:31 -- train loss = 0.0268
2018-03-10 02:52:31 -- dev loss = 0.0268
2018-03-10 02:52:31 -- train ROC AUC = 0.9699
2018-03-10 02:52:31 -- dev ROC AUC = 0.9710
2018-03-10 02:52:31 -- New best dev ROC AUC = 0.9710
2018-03-10 02:52:31 -- Saving new best model...
2018-03-10 02:52:31 -- 
2018-03-10 02:52:31 -- Epoch = 31/80:
2018-03-10 02:52:45 -- train loss = 0.0265
2018-03-10 02:52:45 -- dev loss = 0.0265
2018-03-10 02:52:45 -- train ROC AUC = 0.9708
2018-03-10 02:52:45 -- dev ROC AUC = 0.9715
2018-03-10 02:52:45 -- New best dev ROC AUC = 0.9715
2018-03-10 02:52:45 -- Saving new best model...
2018-03-10 02:52:46 -- 
2018-03-10 02:52:46 -- Epoch = 32/80:
2018-03-10 02:52:59 -- train loss = 0.0262
2018-03-10 02:52:59 -- dev loss = 0.0264
2018-03-10 02:52:59 -- train ROC AUC = 0.9716
2018-03-10 02:52:59 -- dev ROC AUC = 0.9723
2018-03-10 02:52:59 -- New best dev ROC AUC = 0.9723
2018-03-10 02:52:59 -- Saving new best model...
2018-03-10 02:53:00 -- 
2018-03-10 02:53:00 -- Epoch = 33/80:
2018-03-10 02:53:14 -- train loss = 0.0260
2018-03-10 02:53:14 -- dev loss = 0.0263
2018-03-10 02:53:14 -- train ROC AUC = 0.9719
2018-03-10 02:53:14 -- dev ROC AUC = 0.9718
2018-03-10 02:53:14 -- 
2018-03-10 02:53:14 -- Epoch = 34/80:
2018-03-10 02:53:29 -- train loss = 0.0257
2018-03-10 02:53:29 -- dev loss = 0.0261
2018-03-10 02:53:29 -- train ROC AUC = 0.9719
2018-03-10 02:53:29 -- dev ROC AUC = 0.9717
2018-03-10 02:53:29 -- 
2018-03-10 02:53:29 -- Epoch = 35/80:
2018-03-10 02:53:45 -- train loss = 0.0256
2018-03-10 02:53:45 -- dev loss = 0.0260
2018-03-10 02:53:45 -- train ROC AUC = 0.9731
2018-03-10 02:53:45 -- dev ROC AUC = 0.9727
2018-03-10 02:53:45 -- New best dev ROC AUC = 0.9727
2018-03-10 02:53:45 -- Saving new best model...
2018-03-10 02:53:50 -- 
2018-03-10 02:53:50 -- Epoch = 36/80:
2018-03-10 02:54:08 -- train loss = 0.0253
2018-03-10 02:54:08 -- dev loss = 0.0259
2018-03-10 02:54:08 -- train ROC AUC = 0.9738
2018-03-10 02:54:08 -- dev ROC AUC = 0.9734
2018-03-10 02:54:08 -- New best dev ROC AUC = 0.9734
2018-03-10 02:54:08 -- Saving new best model...
2018-03-10 02:54:08 -- 
2018-03-10 02:54:08 -- Epoch = 37/80:
2018-03-10 02:54:26 -- train loss = 0.0254
2018-03-10 02:54:26 -- dev loss = 0.0258
2018-03-10 02:54:26 -- train ROC AUC = 0.9741
2018-03-10 02:54:26 -- dev ROC AUC = 0.9731
2018-03-10 02:54:26 -- 
2018-03-10 02:54:26 -- Epoch = 38/80:
2018-03-10 02:54:44 -- train loss = 0.0251
2018-03-10 02:54:44 -- dev loss = 0.0257
2018-03-10 02:54:44 -- train ROC AUC = 0.9744
2018-03-10 02:54:44 -- dev ROC AUC = 0.9730
2018-03-10 02:54:44 -- 
2018-03-10 02:54:44 -- Epoch = 39/80:
2018-03-10 02:55:03 -- train loss = 0.0248
2018-03-10 02:55:03 -- dev loss = 0.0256
2018-03-10 02:55:03 -- train ROC AUC = 0.9752
2018-03-10 02:55:03 -- dev ROC AUC = 0.9737
2018-03-10 02:55:03 -- New best dev ROC AUC = 0.9737
2018-03-10 02:55:03 -- Saving new best model...
2018-03-10 02:55:03 -- 
2018-03-10 02:55:03 -- Epoch = 40/80:
2018-03-10 02:55:23 -- train loss = 0.0248
2018-03-10 02:55:23 -- dev loss = 0.0256
2018-03-10 02:55:23 -- train ROC AUC = 0.9751
2018-03-10 02:55:23 -- dev ROC AUC = 0.9727
2018-03-10 02:55:23 -- 
2018-03-10 02:55:23 -- Epoch = 41/80:
2018-03-10 02:55:43 -- train loss = 0.0245
2018-03-10 02:55:43 -- dev loss = 0.0254
2018-03-10 02:55:43 -- train ROC AUC = 0.9760
2018-03-10 02:55:43 -- dev ROC AUC = 0.9734
2018-03-10 02:55:43 -- 
2018-03-10 02:55:43 -- Epoch = 42/80:
2018-03-10 02:56:04 -- train loss = 0.0243
2018-03-10 02:56:04 -- dev loss = 0.0253
2018-03-10 02:56:04 -- train ROC AUC = 0.9768
2018-03-10 02:56:04 -- dev ROC AUC = 0.9744
2018-03-10 02:56:04 -- New best dev ROC AUC = 0.9744
2018-03-10 02:56:04 -- Saving new best model...
2018-03-10 02:56:05 -- 
2018-03-10 02:56:05 -- Epoch = 43/80:
2018-03-10 02:56:26 -- train loss = 0.0241
2018-03-10 02:56:26 -- dev loss = 0.0252
2018-03-10 02:56:26 -- train ROC AUC = 0.9770
2018-03-10 02:56:26 -- dev ROC AUC = 0.9745
2018-03-10 02:56:26 -- New best dev ROC AUC = 0.9745
2018-03-10 02:56:26 -- Saving new best model...
2018-03-10 02:56:26 -- 
2018-03-10 02:56:26 -- Epoch = 44/80:
2018-03-10 02:56:47 -- train loss = 0.0241
2018-03-10 02:56:47 -- dev loss = 0.0252
2018-03-10 02:56:47 -- train ROC AUC = 0.9771
2018-03-10 02:56:47 -- dev ROC AUC = 0.9743
2018-03-10 02:56:47 -- 
2018-03-10 02:56:47 -- Epoch = 45/80:
2018-03-10 02:57:09 -- train loss = 0.0238
2018-03-10 02:57:09 -- dev loss = 0.0252
2018-03-10 02:57:09 -- train ROC AUC = 0.9773
2018-03-10 02:57:09 -- dev ROC AUC = 0.9739
2018-03-10 02:57:09 -- 
2018-03-10 02:57:09 -- Epoch = 46/80:
2018-03-10 02:57:30 -- train loss = 0.0237
2018-03-10 02:57:30 -- dev loss = 0.0251
2018-03-10 02:57:30 -- train ROC AUC = 0.9781
2018-03-10 02:57:30 -- dev ROC AUC = 0.9746
2018-03-10 02:57:30 -- New best dev ROC AUC = 0.9746
2018-03-10 02:57:30 -- Saving new best model...
2018-03-10 02:57:36 -- 
2018-03-10 02:57:37 -- Epoch = 47/80:
2018-03-10 02:57:59 -- train loss = 0.0234
2018-03-10 02:57:59 -- dev loss = 0.0251
2018-03-10 02:57:59 -- train ROC AUC = 0.9783
2018-03-10 02:57:59 -- dev ROC AUC = 0.9744
2018-03-10 02:57:59 -- 
2018-03-10 02:57:59 -- Epoch = 48/80:
2018-03-10 02:58:22 -- train loss = 0.0233
2018-03-10 02:58:22 -- dev loss = 0.0250
2018-03-10 02:58:22 -- train ROC AUC = 0.9787
2018-03-10 02:58:22 -- dev ROC AUC = 0.9751
2018-03-10 02:58:22 -- New best dev ROC AUC = 0.9751
2018-03-10 02:58:22 -- Saving new best model...
2018-03-10 02:58:23 -- 
2018-03-10 02:58:23 -- Epoch = 49/80:
2018-03-10 02:58:48 -- train loss = 0.0232
2018-03-10 02:58:48 -- dev loss = 0.0250
2018-03-10 02:58:48 -- train ROC AUC = 0.9792
2018-03-10 02:58:48 -- dev ROC AUC = 0.9751
2018-03-10 02:58:48 -- 
2018-03-10 02:58:48 -- Epoch = 50/80:
2018-03-10 02:59:13 -- train loss = 0.0232
2018-03-10 02:59:13 -- dev loss = 0.0249
2018-03-10 02:59:13 -- train ROC AUC = 0.9795
2018-03-10 02:59:13 -- dev ROC AUC = 0.9753
2018-03-10 02:59:13 -- New best dev ROC AUC = 0.9753
2018-03-10 02:59:13 -- Saving new best model...
2018-03-10 02:59:13 -- 
2018-03-10 02:59:13 -- Epoch = 51/80:
2018-03-10 02:59:40 -- train loss = 0.0229
2018-03-10 02:59:40 -- dev loss = 0.0249
2018-03-10 02:59:40 -- train ROC AUC = 0.9797
2018-03-10 02:59:40 -- dev ROC AUC = 0.9753
2018-03-10 02:59:40 -- 
2018-03-10 02:59:40 -- Epoch = 52/80:
2018-03-10 03:00:07 -- train loss = 0.0228
2018-03-10 03:00:07 -- dev loss = 0.0248
2018-03-10 03:00:07 -- train ROC AUC = 0.9799
2018-03-10 03:00:07 -- dev ROC AUC = 0.9755
2018-03-10 03:00:07 -- New best dev ROC AUC = 0.9755
2018-03-10 03:00:07 -- Saving new best model...
2018-03-10 03:00:08 -- 
2018-03-10 03:00:08 -- Epoch = 53/80:
2018-03-10 03:00:36 -- train loss = 0.0228
2018-03-10 03:00:36 -- dev loss = 0.0249
2018-03-10 03:00:36 -- train ROC AUC = 0.9804
2018-03-10 03:00:36 -- dev ROC AUC = 0.9754
2018-03-10 03:00:36 -- 
2018-03-10 03:00:36 -- Epoch = 54/80:
2018-03-10 03:01:04 -- train loss = 0.0226
2018-03-10 03:01:04 -- dev loss = 0.0249
2018-03-10 03:01:04 -- train ROC AUC = 0.9806
2018-03-10 03:01:04 -- dev ROC AUC = 0.9749
2018-03-10 03:01:04 -- 
2018-03-10 03:01:04 -- Epoch = 55/80:
2018-03-10 03:01:34 -- train loss = 0.0226
2018-03-10 03:01:34 -- dev loss = 0.0248
2018-03-10 03:01:34 -- train ROC AUC = 0.9808
2018-03-10 03:01:34 -- dev ROC AUC = 0.9751
2018-03-10 03:01:34 -- 
2018-03-10 03:01:34 -- Epoch = 56/80:
2018-03-10 03:02:04 -- train loss = 0.0223
2018-03-10 03:02:04 -- dev loss = 0.0249
2018-03-10 03:02:04 -- train ROC AUC = 0.9810
2018-03-10 03:02:04 -- dev ROC AUC = 0.9748
2018-03-10 03:02:04 -- 
2018-03-10 03:02:04 -- Epoch = 57/80:
2018-03-10 03:02:33 -- train loss = 0.0221
2018-03-10 03:02:33 -- dev loss = 0.0250
2018-03-10 03:02:33 -- train ROC AUC = 0.9815
2018-03-10 03:02:33 -- dev ROC AUC = 0.9747
2018-03-10 03:02:33 -- 
2018-03-10 03:02:33 -- Epoch = 58/80:
2018-03-10 03:03:04 -- train loss = 0.0220
2018-03-10 03:03:04 -- dev loss = 0.0251
2018-03-10 03:03:04 -- train ROC AUC = 0.9812
2018-03-10 03:03:04 -- dev ROC AUC = 0.9742
2018-03-10 03:03:04 -- 
2018-03-10 03:03:04 -- Epoch = 59/80:
2018-03-10 03:03:36 -- train loss = 0.0219
2018-03-10 03:03:36 -- dev loss = 0.0251
2018-03-10 03:03:36 -- train ROC AUC = 0.9820
2018-03-10 03:03:36 -- dev ROC AUC = 0.9746
2018-03-10 03:03:36 -- 
2018-03-10 03:03:36 -- Epoch = 60/80:
2018-03-10 03:04:08 -- train loss = 0.0218
2018-03-10 03:04:08 -- dev loss = 0.0248
2018-03-10 03:04:08 -- train ROC AUC = 0.9822
2018-03-10 03:04:08 -- dev ROC AUC = 0.9754
2018-03-10 03:04:08 -- 
2018-03-10 03:04:08 -- Epoch = 61/80:
2018-03-10 03:04:41 -- train loss = 0.0215
2018-03-10 03:04:41 -- dev loss = 0.0248
2018-03-10 03:04:41 -- train ROC AUC = 0.9825
2018-03-10 03:04:41 -- dev ROC AUC = 0.9752
2018-03-10 03:04:41 -- 
2018-03-10 03:04:41 -- Epoch = 62/80:
2018-03-10 03:05:15 -- train loss = 0.0213
2018-03-10 03:05:15 -- dev loss = 0.0248
2018-03-10 03:05:15 -- train ROC AUC = 0.9823
2018-03-10 03:05:15 -- dev ROC AUC = 0.9749
2018-03-10 03:05:15 -- 
2018-03-10 03:05:15 -- Epoch = 63/80:
2018-03-10 03:05:50 -- train loss = 0.0213
2018-03-10 03:05:50 -- dev loss = 0.0251
2018-03-10 03:05:50 -- train ROC AUC = 0.9825
2018-03-10 03:05:50 -- dev ROC AUC = 0.9739
2018-03-10 03:05:50 -- 
2018-03-10 03:05:50 -- Epoch = 64/80:
2018-03-10 03:06:28 -- train loss = 0.0212
2018-03-10 03:06:28 -- dev loss = 0.0248
2018-03-10 03:06:28 -- train ROC AUC = 0.9832
2018-03-10 03:06:28 -- dev ROC AUC = 0.9755
2018-03-10 03:06:28 -- 
2018-03-10 03:06:28 -- Epoch = 65/80:
2018-03-10 03:07:07 -- train loss = 0.0212
2018-03-10 03:07:07 -- dev loss = 0.0248
2018-03-10 03:07:07 -- train ROC AUC = 0.9834
2018-03-10 03:07:07 -- dev ROC AUC = 0.9749
2018-03-10 03:07:07 -- 
2018-03-10 03:07:07 -- Epoch = 66/80:
2018-03-10 03:07:46 -- train loss = 0.0210
2018-03-10 03:07:46 -- dev loss = 0.0249
2018-03-10 03:07:46 -- train ROC AUC = 0.9837
2018-03-10 03:07:46 -- dev ROC AUC = 0.9749
2018-03-10 03:07:46 -- 
2018-03-10 03:07:46 -- Epoch = 67/80:
2018-03-10 03:08:28 -- train loss = 0.0207
2018-03-10 03:08:28 -- dev loss = 0.0252
2018-03-10 03:08:28 -- train ROC AUC = 0.9840
2018-03-10 03:08:28 -- dev ROC AUC = 0.9745
2018-03-10 03:08:28 -- 
2018-03-10 03:08:28 -- Epoch = 68/80:
2018-03-10 03:09:07 -- train loss = 0.0208
2018-03-10 03:09:07 -- dev loss = 0.0250
2018-03-10 03:09:07 -- train ROC AUC = 0.9842
2018-03-10 03:09:07 -- dev ROC AUC = 0.9748
2018-03-10 03:09:07 -- 
2018-03-10 03:09:07 -- Epoch = 69/80:
2018-03-10 03:09:47 -- train loss = 0.0205
2018-03-10 03:09:47 -- dev loss = 0.0250
2018-03-10 03:09:47 -- train ROC AUC = 0.9846
2018-03-10 03:09:47 -- dev ROC AUC = 0.9744
2018-03-10 03:09:47 -- 
2018-03-10 03:09:47 -- Epoch = 70/80:
2018-03-10 03:10:28 -- train loss = 0.0203
2018-03-10 03:10:28 -- dev loss = 0.0250
2018-03-10 03:10:28 -- train ROC AUC = 0.9848
2018-03-10 03:10:28 -- dev ROC AUC = 0.9742
2018-03-10 03:10:28 -- 
2018-03-10 03:10:28 -- Epoch = 71/80:
2018-03-10 03:11:10 -- train loss = 0.0205
2018-03-10 03:11:10 -- dev loss = 0.0250
2018-03-10 03:11:10 -- train ROC AUC = 0.9850
2018-03-10 03:11:10 -- dev ROC AUC = 0.9749
2018-03-10 03:11:10 -- 
2018-03-10 03:11:10 -- Epoch = 72/80:
2018-03-10 03:11:53 -- train loss = 0.0203
2018-03-10 03:11:53 -- dev loss = 0.0250
2018-03-10 03:11:53 -- train ROC AUC = 0.9852
2018-03-10 03:11:53 -- dev ROC AUC = 0.9745
2018-03-10 03:11:53 -- 
2018-03-10 03:11:53 -- Epoch = 73/80:
2018-03-10 03:12:36 -- train loss = 0.0199
2018-03-10 03:12:36 -- dev loss = 0.0253
2018-03-10 03:12:36 -- train ROC AUC = 0.9854
2018-03-10 03:12:36 -- dev ROC AUC = 0.9732
2018-03-10 03:12:36 -- 
2018-03-10 03:12:36 -- Epoch = 74/80:
2018-03-10 03:13:19 -- train loss = 0.0200
2018-03-10 03:13:19 -- dev loss = 0.0251
2018-03-10 03:13:19 -- train ROC AUC = 0.9855
2018-03-10 03:13:19 -- dev ROC AUC = 0.9736
2018-03-10 03:13:19 -- 
2018-03-10 03:13:19 -- Epoch = 75/80:
2018-03-10 03:14:02 -- train loss = 0.0197
2018-03-10 03:14:02 -- dev loss = 0.0251
2018-03-10 03:14:02 -- train ROC AUC = 0.9855
2018-03-10 03:14:02 -- dev ROC AUC = 0.9737
2018-03-10 03:14:02 -- 
2018-03-10 03:14:02 -- Epoch = 76/80:
2018-03-10 03:14:51 -- train loss = 0.0196
2018-03-10 03:14:51 -- dev loss = 0.0252
2018-03-10 03:14:51 -- train ROC AUC = 0.9856
2018-03-10 03:14:51 -- dev ROC AUC = 0.9727
2018-03-10 03:14:51 -- 
2018-03-10 03:14:51 -- Epoch = 77/80:
2018-03-10 03:15:37 -- train loss = 0.0195
2018-03-10 03:15:37 -- dev loss = 0.0254
2018-03-10 03:15:37 -- train ROC AUC = 0.9860
2018-03-10 03:15:37 -- dev ROC AUC = 0.9729
2018-03-10 03:15:37 -- 
2018-03-10 03:15:37 -- Epoch = 78/80:
2018-03-10 03:16:26 -- train loss = 0.0194
2018-03-10 03:16:26 -- dev loss = 0.0256
2018-03-10 03:16:26 -- train ROC AUC = 0.9860
2018-03-10 03:16:26 -- dev ROC AUC = 0.9736
2018-03-10 03:16:26 -- 
2018-03-10 03:16:26 -- Epoch = 79/80:
2018-03-10 03:17:13 -- train loss = 0.0194
2018-03-10 03:17:13 -- dev loss = 0.0252
2018-03-10 03:17:13 -- train ROC AUC = 0.9865
2018-03-10 03:17:13 -- dev ROC AUC = 0.9731
2018-03-10 03:17:13 -- 
2018-03-10 03:17:13 -- Epoch = 80/80:
2018-03-10 03:18:02 -- train loss = 0.0192
2018-03-10 03:18:02 -- dev loss = 0.0256
2018-03-10 03:18:02 -- train ROC AUC = 0.9867
2018-03-10 03:18:02 -- dev ROC AUC = 0.9735
2018-03-10 03:18:02 -- 
2018-03-10 03:18:02 -- Testing...
2018-03-10 03:18:02 -- Rebuilding model...
2018-03-10 03:18:03 -- Restoring best model...
2018-03-10 03:18:05 -- Restoring parameters from out/ff_indep_identity_hate/ff_indep_identity_hate.weights
2018-03-10 03:18:05 -- Predicting labels for test set...
2018-03-10 03:18:30 -- Saving test prediction...
2018-03-10 03:18:31 -- 
2018-03-10 03:18:31 -- Evaluating...
2018-03-10 03:18:32 -- Mean column-wise ROC AUC - train = 0.9799
2018-03-10 03:18:32 -- Mean column-wise ROC AUC - dev = 0.9755
2018-03-10 03:18:32 -- ROC AUC of identity_hate - train = 0.9799
2018-03-10 03:18:37 -- ROC AUC of identity_hate - dev = 0.9755
2018-03-10 03:18:37 -- Mean column-wise average precision - train = 0.5407
2018-03-10 03:18:37 -- Mean column-wise average precision - dev = 0.4017
2018-03-10 03:18:37 -- average precision of identity_hate - train = 0.5407
2018-03-10 03:18:37 -- average precision of identity_hate - dev = 0.4017
