activation: !!python/name:tensorflow.python.ops.gen_nn_ops.relu ''
batch_size: 2048
dropout: false
exp_name: ff_indep_toxic
hidden_sizes: [30, 30]
keep_prob: 1
lr: 0.0005
n_epochs: 80
n_features: 300
n_labels: 1
n_layers: 2
optimizer: !!python/name:tensorflow.python.training.adam.AdamOptimizer ''
2018-03-09 23:56:19 -- 
2018-03-09 23:56:19 -- Initializing...
2018-03-09 23:56:19 -- Training...
2018-03-09 23:56:19 -- Building model...
2018-03-09 23:56:22 -- Training model...
2018-03-09 23:56:44 -- 
2018-03-09 23:56:44 -- Epoch = 1/80:
2018-03-09 23:56:48 -- train loss = 0.5840
2018-03-09 23:56:48 -- dev loss = 0.3152
2018-03-09 23:56:48 -- train ROC AUC = 0.6107
2018-03-09 23:56:48 -- dev ROC AUC = 0.6112
2018-03-09 23:56:48 -- New best dev ROC AUC = 0.6112
2018-03-09 23:56:48 -- Saving new best model...
2018-03-09 23:56:48 -- 
2018-03-09 23:56:48 -- Epoch = 2/80:
2018-03-09 23:56:51 -- train loss = 0.2715
2018-03-09 23:56:51 -- dev loss = 0.2357
2018-03-09 23:56:51 -- train ROC AUC = 0.8737
2018-03-09 23:56:51 -- dev ROC AUC = 0.8694
2018-03-09 23:56:51 -- New best dev ROC AUC = 0.8694
2018-03-09 23:56:51 -- Saving new best model...
2018-03-09 23:56:51 -- 
2018-03-09 23:56:51 -- Epoch = 3/80:
2018-03-09 23:56:55 -- train loss = 0.2184
2018-03-09 23:56:55 -- dev loss = 0.2046
2018-03-09 23:56:55 -- train ROC AUC = 0.9062
2018-03-09 23:56:55 -- dev ROC AUC = 0.9024
2018-03-09 23:56:55 -- New best dev ROC AUC = 0.9024
2018-03-09 23:56:55 -- Saving new best model...
2018-03-09 23:56:55 -- 
2018-03-09 23:56:55 -- Epoch = 4/80:
2018-03-09 23:57:00 -- train loss = 0.1951
2018-03-09 23:57:00 -- dev loss = 0.1865
2018-03-09 23:57:00 -- train ROC AUC = 0.9223
2018-03-09 23:57:00 -- dev ROC AUC = 0.9185
2018-03-09 23:57:00 -- New best dev ROC AUC = 0.9185
2018-03-09 23:57:00 -- Saving new best model...
2018-03-09 23:57:00 -- 
2018-03-09 23:57:00 -- Epoch = 5/80:
2018-03-09 23:57:04 -- train loss = 0.1812
2018-03-09 23:57:04 -- dev loss = 0.1761
2018-03-09 23:57:04 -- train ROC AUC = 0.9305
2018-03-09 23:57:04 -- dev ROC AUC = 0.9264
2018-03-09 23:57:04 -- New best dev ROC AUC = 0.9264
2018-03-09 23:57:04 -- Saving new best model...
2018-03-09 23:57:04 -- 
2018-03-09 23:57:04 -- Epoch = 6/80:
2018-03-09 23:57:09 -- train loss = 0.1716
2018-03-09 23:57:09 -- dev loss = 0.1691
2018-03-09 23:57:09 -- train ROC AUC = 0.9355
2018-03-09 23:57:09 -- dev ROC AUC = 0.9311
2018-03-09 23:57:09 -- New best dev ROC AUC = 0.9311
2018-03-09 23:57:09 -- Saving new best model...
2018-03-09 23:57:09 -- 
2018-03-09 23:57:09 -- Epoch = 7/80:
2018-03-09 23:57:14 -- train loss = 0.1657
2018-03-09 23:57:14 -- dev loss = 0.1644
2018-03-09 23:57:14 -- train ROC AUC = 0.9391
2018-03-09 23:57:14 -- dev ROC AUC = 0.9345
2018-03-09 23:57:14 -- New best dev ROC AUC = 0.9345
2018-03-09 23:57:14 -- Saving new best model...
2018-03-09 23:57:14 -- 
2018-03-09 23:57:14 -- Epoch = 8/80:
2018-03-09 23:57:19 -- train loss = 0.1612
2018-03-09 23:57:19 -- dev loss = 0.1610
2018-03-09 23:57:19 -- train ROC AUC = 0.9415
2018-03-09 23:57:19 -- dev ROC AUC = 0.9366
2018-03-09 23:57:19 -- New best dev ROC AUC = 0.9366
2018-03-09 23:57:19 -- Saving new best model...
2018-03-09 23:57:19 -- 
2018-03-09 23:57:19 -- Epoch = 9/80:
2018-03-09 23:57:25 -- train loss = 0.1579
2018-03-09 23:57:25 -- dev loss = 0.1589
2018-03-09 23:57:25 -- train ROC AUC = 0.9435
2018-03-09 23:57:25 -- dev ROC AUC = 0.9385
2018-03-09 23:57:25 -- New best dev ROC AUC = 0.9385
2018-03-09 23:57:25 -- Saving new best model...
2018-03-09 23:57:25 -- 
2018-03-09 23:57:25 -- Epoch = 10/80:
2018-03-09 23:57:30 -- train loss = 0.1552
2018-03-09 23:57:30 -- dev loss = 0.1565
2018-03-09 23:57:30 -- train ROC AUC = 0.9446
2018-03-09 23:57:30 -- dev ROC AUC = 0.9392
2018-03-09 23:57:30 -- New best dev ROC AUC = 0.9392
2018-03-09 23:57:30 -- Saving new best model...
2018-03-09 23:57:31 -- 
2018-03-09 23:57:31 -- Epoch = 11/80:
2018-03-09 23:57:37 -- train loss = 0.1530
2018-03-09 23:57:37 -- dev loss = 0.1545
2018-03-09 23:57:37 -- train ROC AUC = 0.9463
2018-03-09 23:57:37 -- dev ROC AUC = 0.9411
2018-03-09 23:57:37 -- New best dev ROC AUC = 0.9411
2018-03-09 23:57:37 -- Saving new best model...
2018-03-09 23:57:37 -- 
2018-03-09 23:57:37 -- Epoch = 12/80:
2018-03-09 23:57:43 -- train loss = 0.1512
2018-03-09 23:57:43 -- dev loss = 0.1535
2018-03-09 23:57:43 -- train ROC AUC = 0.9470
2018-03-09 23:57:43 -- dev ROC AUC = 0.9414
2018-03-09 23:57:43 -- New best dev ROC AUC = 0.9414
2018-03-09 23:57:43 -- Saving new best model...
2018-03-09 23:57:43 -- 
2018-03-09 23:57:43 -- Epoch = 13/80:
2018-03-09 23:57:50 -- train loss = 0.1496
2018-03-09 23:57:50 -- dev loss = 0.1518
2018-03-09 23:57:50 -- train ROC AUC = 0.9486
2018-03-09 23:57:50 -- dev ROC AUC = 0.9432
2018-03-09 23:57:50 -- New best dev ROC AUC = 0.9432
2018-03-09 23:57:50 -- Saving new best model...
2018-03-09 23:57:50 -- 
2018-03-09 23:57:50 -- Epoch = 14/80:
2018-03-09 23:57:57 -- train loss = 0.1481
2018-03-09 23:57:57 -- dev loss = 0.1508
2018-03-09 23:57:57 -- train ROC AUC = 0.9490
2018-03-09 23:57:57 -- dev ROC AUC = 0.9433
2018-03-09 23:57:57 -- New best dev ROC AUC = 0.9433
2018-03-09 23:57:57 -- Saving new best model...
2018-03-09 23:57:59 -- 
2018-03-09 23:57:59 -- Epoch = 15/80:
2018-03-09 23:58:06 -- train loss = 0.1471
2018-03-09 23:58:06 -- dev loss = 0.1499
2018-03-09 23:58:06 -- train ROC AUC = 0.9497
2018-03-09 23:58:06 -- dev ROC AUC = 0.9437
2018-03-09 23:58:06 -- New best dev ROC AUC = 0.9437
2018-03-09 23:58:06 -- Saving new best model...
2018-03-09 23:58:07 -- 
2018-03-09 23:58:07 -- Epoch = 16/80:
2018-03-09 23:58:14 -- train loss = 0.1456
2018-03-09 23:58:14 -- dev loss = 0.1491
2018-03-09 23:58:14 -- train ROC AUC = 0.9505
2018-03-09 23:58:14 -- dev ROC AUC = 0.9446
2018-03-09 23:58:14 -- New best dev ROC AUC = 0.9446
2018-03-09 23:58:14 -- Saving new best model...
2018-03-09 23:58:14 -- 
2018-03-09 23:58:14 -- Epoch = 17/80:
2018-03-09 23:58:22 -- train loss = 0.1441
2018-03-09 23:58:22 -- dev loss = 0.1481
2018-03-09 23:58:22 -- train ROC AUC = 0.9512
2018-03-09 23:58:22 -- dev ROC AUC = 0.9451
2018-03-09 23:58:22 -- New best dev ROC AUC = 0.9451
2018-03-09 23:58:22 -- Saving new best model...
2018-03-09 23:58:22 -- 
2018-03-09 23:58:22 -- Epoch = 18/80:
2018-03-09 23:58:30 -- train loss = 0.1432
2018-03-09 23:58:30 -- dev loss = 0.1473
2018-03-09 23:58:30 -- train ROC AUC = 0.9521
2018-03-09 23:58:30 -- dev ROC AUC = 0.9460
2018-03-09 23:58:30 -- New best dev ROC AUC = 0.9460
2018-03-09 23:58:30 -- Saving new best model...
2018-03-09 23:58:30 -- 
2018-03-09 23:58:30 -- Epoch = 19/80:
2018-03-09 23:58:39 -- train loss = 0.1422
2018-03-09 23:58:39 -- dev loss = 0.1471
2018-03-09 23:58:39 -- train ROC AUC = 0.9527
2018-03-09 23:58:39 -- dev ROC AUC = 0.9463
2018-03-09 23:58:39 -- New best dev ROC AUC = 0.9463
2018-03-09 23:58:39 -- Saving new best model...
2018-03-09 23:58:39 -- 
2018-03-09 23:58:39 -- Epoch = 20/80:
2018-03-09 23:58:48 -- train loss = 0.1410
2018-03-09 23:58:48 -- dev loss = 0.1460
2018-03-09 23:58:48 -- train ROC AUC = 0.9531
2018-03-09 23:58:48 -- dev ROC AUC = 0.9467
2018-03-09 23:58:48 -- New best dev ROC AUC = 0.9467
2018-03-09 23:58:48 -- Saving new best model...
2018-03-09 23:58:48 -- 
2018-03-09 23:58:48 -- Epoch = 21/80:
2018-03-09 23:58:57 -- train loss = 0.1401
2018-03-09 23:58:57 -- dev loss = 0.1448
2018-03-09 23:58:57 -- train ROC AUC = 0.9539
2018-03-09 23:58:57 -- dev ROC AUC = 0.9473
2018-03-09 23:58:57 -- New best dev ROC AUC = 0.9473
2018-03-09 23:58:57 -- Saving new best model...
2018-03-09 23:58:57 -- 
2018-03-09 23:58:57 -- Epoch = 22/80:
2018-03-09 23:59:07 -- train loss = 0.1393
2018-03-09 23:59:07 -- dev loss = 0.1453
2018-03-09 23:59:07 -- train ROC AUC = 0.9539
2018-03-09 23:59:07 -- dev ROC AUC = 0.9469
2018-03-09 23:59:07 -- 
2018-03-09 23:59:07 -- Epoch = 23/80:
2018-03-09 23:59:17 -- train loss = 0.1386
2018-03-09 23:59:17 -- dev loss = 0.1443
2018-03-09 23:59:17 -- train ROC AUC = 0.9546
2018-03-09 23:59:17 -- dev ROC AUC = 0.9475
2018-03-09 23:59:17 -- New best dev ROC AUC = 0.9475
2018-03-09 23:59:17 -- Saving new best model...
2018-03-09 23:59:18 -- 
2018-03-09 23:59:18 -- Epoch = 24/80:
2018-03-09 23:59:28 -- train loss = 0.1377
2018-03-09 23:59:28 -- dev loss = 0.1443
2018-03-09 23:59:28 -- train ROC AUC = 0.9552
2018-03-09 23:59:28 -- dev ROC AUC = 0.9483
2018-03-09 23:59:28 -- New best dev ROC AUC = 0.9483
2018-03-09 23:59:28 -- Saving new best model...
2018-03-09 23:59:28 -- 
2018-03-09 23:59:28 -- Epoch = 25/80:
2018-03-09 23:59:39 -- train loss = 0.1375
2018-03-09 23:59:39 -- dev loss = 0.1450
2018-03-09 23:59:39 -- train ROC AUC = 0.9554
2018-03-09 23:59:39 -- dev ROC AUC = 0.9485
2018-03-09 23:59:39 -- New best dev ROC AUC = 0.9485
2018-03-09 23:59:39 -- Saving new best model...
2018-03-09 23:59:42 -- 
2018-03-09 23:59:42 -- Epoch = 26/80:
2018-03-09 23:59:53 -- train loss = 0.1367
2018-03-09 23:59:53 -- dev loss = 0.1429
2018-03-09 23:59:53 -- train ROC AUC = 0.9559
2018-03-09 23:59:53 -- dev ROC AUC = 0.9488
2018-03-09 23:59:53 -- New best dev ROC AUC = 0.9488
2018-03-09 23:59:53 -- Saving new best model...
2018-03-09 23:59:53 -- 
2018-03-09 23:59:53 -- Epoch = 27/80:
2018-03-10 00:00:04 -- train loss = 0.1359
2018-03-10 00:00:04 -- dev loss = 0.1427
2018-03-10 00:00:04 -- train ROC AUC = 0.9562
2018-03-10 00:00:04 -- dev ROC AUC = 0.9490
2018-03-10 00:00:04 -- New best dev ROC AUC = 0.9490
2018-03-10 00:00:04 -- Saving new best model...
2018-03-10 00:00:05 -- 
2018-03-10 00:00:05 -- Epoch = 28/80:
2018-03-10 00:00:16 -- train loss = 0.1357
2018-03-10 00:00:16 -- dev loss = 0.1426
2018-03-10 00:00:16 -- train ROC AUC = 0.9562
2018-03-10 00:00:16 -- dev ROC AUC = 0.9487
2018-03-10 00:00:16 -- 
2018-03-10 00:00:16 -- Epoch = 29/80:
2018-03-10 00:00:28 -- train loss = 0.1355
2018-03-10 00:00:28 -- dev loss = 0.1428
2018-03-10 00:00:28 -- train ROC AUC = 0.9566
2018-03-10 00:00:28 -- dev ROC AUC = 0.9490
2018-03-10 00:00:28 -- New best dev ROC AUC = 0.9490
2018-03-10 00:00:28 -- Saving new best model...
2018-03-10 00:00:29 -- 
2018-03-10 00:00:29 -- Epoch = 30/80:
2018-03-10 00:00:42 -- train loss = 0.1349
2018-03-10 00:00:42 -- dev loss = 0.1432
2018-03-10 00:00:42 -- train ROC AUC = 0.9567
2018-03-10 00:00:42 -- dev ROC AUC = 0.9494
2018-03-10 00:00:42 -- New best dev ROC AUC = 0.9494
2018-03-10 00:00:42 -- Saving new best model...
2018-03-10 00:00:42 -- 
2018-03-10 00:00:42 -- Epoch = 31/80:
2018-03-10 00:00:55 -- train loss = 0.1345
2018-03-10 00:00:55 -- dev loss = 0.1414
2018-03-10 00:00:55 -- train ROC AUC = 0.9571
2018-03-10 00:00:55 -- dev ROC AUC = 0.9497
2018-03-10 00:00:55 -- New best dev ROC AUC = 0.9497
2018-03-10 00:00:55 -- Saving new best model...
2018-03-10 00:00:56 -- 
2018-03-10 00:00:56 -- Epoch = 32/80:
2018-03-10 00:01:09 -- train loss = 0.1341
2018-03-10 00:01:09 -- dev loss = 0.1413
2018-03-10 00:01:09 -- train ROC AUC = 0.9574
2018-03-10 00:01:09 -- dev ROC AUC = 0.9499
2018-03-10 00:01:09 -- New best dev ROC AUC = 0.9499
2018-03-10 00:01:09 -- Saving new best model...
2018-03-10 00:01:10 -- 
2018-03-10 00:01:10 -- Epoch = 33/80:
2018-03-10 00:01:25 -- train loss = 0.1336
2018-03-10 00:01:25 -- dev loss = 0.1413
2018-03-10 00:01:25 -- train ROC AUC = 0.9575
2018-03-10 00:01:25 -- dev ROC AUC = 0.9501
2018-03-10 00:01:25 -- New best dev ROC AUC = 0.9501
2018-03-10 00:01:25 -- Saving new best model...
2018-03-10 00:01:27 -- 
2018-03-10 00:01:27 -- Epoch = 34/80:
2018-03-10 00:01:43 -- train loss = 0.1332
2018-03-10 00:01:43 -- dev loss = 0.1406
2018-03-10 00:01:43 -- train ROC AUC = 0.9578
2018-03-10 00:01:43 -- dev ROC AUC = 0.9502
2018-03-10 00:01:43 -- New best dev ROC AUC = 0.9502
2018-03-10 00:01:43 -- Saving new best model...
2018-03-10 00:01:43 -- 
2018-03-10 00:01:43 -- Epoch = 35/80:
2018-03-10 00:01:59 -- train loss = 0.1326
2018-03-10 00:01:59 -- dev loss = 0.1414
2018-03-10 00:01:59 -- train ROC AUC = 0.9578
2018-03-10 00:01:59 -- dev ROC AUC = 0.9502
2018-03-10 00:01:59 -- 
2018-03-10 00:01:59 -- Epoch = 36/80:
2018-03-10 00:02:15 -- train loss = 0.1327
2018-03-10 00:02:15 -- dev loss = 0.1408
2018-03-10 00:02:15 -- train ROC AUC = 0.9581
2018-03-10 00:02:15 -- dev ROC AUC = 0.9505
2018-03-10 00:02:15 -- New best dev ROC AUC = 0.9505
2018-03-10 00:02:15 -- Saving new best model...
2018-03-10 00:02:15 -- 
2018-03-10 00:02:15 -- Epoch = 37/80:
2018-03-10 00:02:32 -- train loss = 0.1327
2018-03-10 00:02:32 -- dev loss = 0.1409
2018-03-10 00:02:32 -- train ROC AUC = 0.9584
2018-03-10 00:02:32 -- dev ROC AUC = 0.9508
2018-03-10 00:02:32 -- New best dev ROC AUC = 0.9508
2018-03-10 00:02:32 -- Saving new best model...
2018-03-10 00:02:32 -- 
2018-03-10 00:02:32 -- Epoch = 38/80:
2018-03-10 00:02:49 -- train loss = 0.1319
2018-03-10 00:02:49 -- dev loss = 0.1401
2018-03-10 00:02:49 -- train ROC AUC = 0.9586
2018-03-10 00:02:49 -- dev ROC AUC = 0.9508
2018-03-10 00:02:49 -- New best dev ROC AUC = 0.9508
2018-03-10 00:02:49 -- Saving new best model...
2018-03-10 00:02:50 -- 
2018-03-10 00:02:50 -- Epoch = 39/80:
2018-03-10 00:03:08 -- train loss = 0.1314
2018-03-10 00:03:08 -- dev loss = 0.1418
2018-03-10 00:03:08 -- train ROC AUC = 0.9586
2018-03-10 00:03:08 -- dev ROC AUC = 0.9505
2018-03-10 00:03:08 -- 
2018-03-10 00:03:08 -- Epoch = 40/80:
2018-03-10 00:03:25 -- train loss = 0.1312
2018-03-10 00:03:25 -- dev loss = 0.1406
2018-03-10 00:03:25 -- train ROC AUC = 0.9588
2018-03-10 00:03:25 -- dev ROC AUC = 0.9509
2018-03-10 00:03:25 -- New best dev ROC AUC = 0.9509
2018-03-10 00:03:25 -- Saving new best model...
2018-03-10 00:03:28 -- 
2018-03-10 00:03:28 -- Epoch = 41/80:
2018-03-10 00:03:47 -- train loss = 0.1311
2018-03-10 00:03:47 -- dev loss = 0.1417
2018-03-10 00:03:47 -- train ROC AUC = 0.9588
2018-03-10 00:03:47 -- dev ROC AUC = 0.9506
2018-03-10 00:03:47 -- 
2018-03-10 00:03:47 -- Epoch = 42/80:
2018-03-10 00:04:06 -- train loss = 0.1312
2018-03-10 00:04:06 -- dev loss = 0.1393
2018-03-10 00:04:06 -- train ROC AUC = 0.9592
2018-03-10 00:04:06 -- dev ROC AUC = 0.9512
2018-03-10 00:04:06 -- New best dev ROC AUC = 0.9512
2018-03-10 00:04:06 -- Saving new best model...
2018-03-10 00:04:07 -- 
2018-03-10 00:04:07 -- Epoch = 43/80:
2018-03-10 00:04:27 -- train loss = 0.1303
2018-03-10 00:04:27 -- dev loss = 0.1398
2018-03-10 00:04:27 -- train ROC AUC = 0.9592
2018-03-10 00:04:27 -- dev ROC AUC = 0.9508
2018-03-10 00:04:27 -- 
2018-03-10 00:04:27 -- Epoch = 44/80:
2018-03-10 00:04:48 -- train loss = 0.1304
2018-03-10 00:04:48 -- dev loss = 0.1396
2018-03-10 00:04:48 -- train ROC AUC = 0.9595
2018-03-10 00:04:48 -- dev ROC AUC = 0.9512
2018-03-10 00:04:48 -- New best dev ROC AUC = 0.9512
2018-03-10 00:04:48 -- Saving new best model...
2018-03-10 00:04:49 -- 
2018-03-10 00:04:49 -- Epoch = 45/80:
2018-03-10 00:05:09 -- train loss = 0.1300
2018-03-10 00:05:09 -- dev loss = 0.1392
2018-03-10 00:05:09 -- train ROC AUC = 0.9596
2018-03-10 00:05:09 -- dev ROC AUC = 0.9513
2018-03-10 00:05:09 -- New best dev ROC AUC = 0.9513
2018-03-10 00:05:09 -- Saving new best model...
2018-03-10 00:05:10 -- 
2018-03-10 00:05:10 -- Epoch = 46/80:
2018-03-10 00:05:31 -- train loss = 0.1295
2018-03-10 00:05:31 -- dev loss = 0.1391
2018-03-10 00:05:31 -- train ROC AUC = 0.9598
2018-03-10 00:05:31 -- dev ROC AUC = 0.9514
2018-03-10 00:05:31 -- New best dev ROC AUC = 0.9514
2018-03-10 00:05:31 -- Saving new best model...
2018-03-10 00:05:31 -- 
2018-03-10 00:05:31 -- Epoch = 47/80:
2018-03-10 00:05:54 -- train loss = 0.1294
2018-03-10 00:05:54 -- dev loss = 0.1394
2018-03-10 00:05:54 -- train ROC AUC = 0.9598
2018-03-10 00:05:54 -- dev ROC AUC = 0.9513
2018-03-10 00:05:54 -- 
2018-03-10 00:05:54 -- Epoch = 48/80:
2018-03-10 00:06:16 -- train loss = 0.1296
2018-03-10 00:06:16 -- dev loss = 0.1391
2018-03-10 00:06:16 -- train ROC AUC = 0.9599
2018-03-10 00:06:16 -- dev ROC AUC = 0.9513
2018-03-10 00:06:16 -- 
2018-03-10 00:06:16 -- Epoch = 49/80:
2018-03-10 00:06:41 -- train loss = 0.1292
2018-03-10 00:06:41 -- dev loss = 0.1390
2018-03-10 00:06:41 -- train ROC AUC = 0.9601
2018-03-10 00:06:41 -- dev ROC AUC = 0.9516
2018-03-10 00:06:41 -- New best dev ROC AUC = 0.9516
2018-03-10 00:06:41 -- Saving new best model...
2018-03-10 00:06:44 -- 
2018-03-10 00:06:44 -- Epoch = 50/80:
2018-03-10 00:07:08 -- train loss = 0.1291
2018-03-10 00:07:08 -- dev loss = 0.1396
2018-03-10 00:07:08 -- train ROC AUC = 0.9601
2018-03-10 00:07:08 -- dev ROC AUC = 0.9516
2018-03-10 00:07:08 -- New best dev ROC AUC = 0.9516
2018-03-10 00:07:08 -- Saving new best model...
2018-03-10 00:07:08 -- 
2018-03-10 00:07:08 -- Epoch = 51/80:
2018-03-10 00:07:32 -- train loss = 0.1289
2018-03-10 00:07:32 -- dev loss = 0.1390
2018-03-10 00:07:32 -- train ROC AUC = 0.9603
2018-03-10 00:07:32 -- dev ROC AUC = 0.9513
2018-03-10 00:07:32 -- 
2018-03-10 00:07:32 -- Epoch = 52/80:
2018-03-10 00:07:58 -- train loss = 0.1282
2018-03-10 00:07:58 -- dev loss = 0.1386
2018-03-10 00:07:58 -- train ROC AUC = 0.9606
2018-03-10 00:07:58 -- dev ROC AUC = 0.9517
2018-03-10 00:07:58 -- New best dev ROC AUC = 0.9517
2018-03-10 00:07:58 -- Saving new best model...
2018-03-10 00:07:59 -- 
2018-03-10 00:07:59 -- Epoch = 53/80:
2018-03-10 00:08:24 -- train loss = 0.1284
2018-03-10 00:08:24 -- dev loss = 0.1387
2018-03-10 00:08:24 -- train ROC AUC = 0.9606
2018-03-10 00:08:24 -- dev ROC AUC = 0.9516
2018-03-10 00:08:24 -- 
2018-03-10 00:08:24 -- Epoch = 54/80:
2018-03-10 00:08:50 -- train loss = 0.1283
2018-03-10 00:08:50 -- dev loss = 0.1390
2018-03-10 00:08:50 -- train ROC AUC = 0.9608
2018-03-10 00:08:50 -- dev ROC AUC = 0.9517
2018-03-10 00:08:50 -- 
2018-03-10 00:08:50 -- Epoch = 55/80:
2018-03-10 00:09:18 -- train loss = 0.1280
2018-03-10 00:09:18 -- dev loss = 0.1415
2018-03-10 00:09:18 -- train ROC AUC = 0.9608
2018-03-10 00:09:18 -- dev ROC AUC = 0.9519
2018-03-10 00:09:18 -- New best dev ROC AUC = 0.9519
2018-03-10 00:09:18 -- Saving new best model...
2018-03-10 00:09:18 -- 
2018-03-10 00:09:18 -- Epoch = 56/80:
2018-03-10 00:09:47 -- train loss = 0.1279
2018-03-10 00:09:47 -- dev loss = 0.1381
2018-03-10 00:09:47 -- train ROC AUC = 0.9611
2018-03-10 00:09:47 -- dev ROC AUC = 0.9520
2018-03-10 00:09:47 -- New best dev ROC AUC = 0.9520
2018-03-10 00:09:47 -- Saving new best model...
2018-03-10 00:09:50 -- 
2018-03-10 00:09:50 -- Epoch = 57/80:
2018-03-10 00:10:18 -- train loss = 0.1275
2018-03-10 00:10:18 -- dev loss = 0.1381
2018-03-10 00:10:18 -- train ROC AUC = 0.9612
2018-03-10 00:10:18 -- dev ROC AUC = 0.9520
2018-03-10 00:10:18 -- New best dev ROC AUC = 0.9520
2018-03-10 00:10:18 -- Saving new best model...
2018-03-10 00:10:19 -- 
2018-03-10 00:10:19 -- Epoch = 58/80:
2018-03-10 00:10:47 -- train loss = 0.1278
2018-03-10 00:10:47 -- dev loss = 0.1385
2018-03-10 00:10:47 -- train ROC AUC = 0.9612
2018-03-10 00:10:47 -- dev ROC AUC = 0.9519
2018-03-10 00:10:47 -- 
2018-03-10 00:10:47 -- Epoch = 59/80:
2018-03-10 00:11:17 -- train loss = 0.1274
2018-03-10 00:11:17 -- dev loss = 0.1386
2018-03-10 00:11:17 -- train ROC AUC = 0.9613
2018-03-10 00:11:17 -- dev ROC AUC = 0.9520
2018-03-10 00:11:17 -- New best dev ROC AUC = 0.9520
2018-03-10 00:11:17 -- Saving new best model...
2018-03-10 00:11:18 -- 
2018-03-10 00:11:18 -- Epoch = 60/80:
2018-03-10 00:11:48 -- train loss = 0.1272
2018-03-10 00:11:48 -- dev loss = 0.1386
2018-03-10 00:11:48 -- train ROC AUC = 0.9614
2018-03-10 00:11:48 -- dev ROC AUC = 0.9522
2018-03-10 00:11:48 -- New best dev ROC AUC = 0.9522
2018-03-10 00:11:48 -- Saving new best model...
2018-03-10 00:11:49 -- 
2018-03-10 00:11:49 -- Epoch = 61/80:
2018-03-10 00:12:21 -- train loss = 0.1270
2018-03-10 00:12:21 -- dev loss = 0.1396
2018-03-10 00:12:21 -- train ROC AUC = 0.9615
2018-03-10 00:12:21 -- dev ROC AUC = 0.9519
2018-03-10 00:12:21 -- 
2018-03-10 00:12:21 -- Epoch = 62/80:
2018-03-10 00:12:54 -- train loss = 0.1268
2018-03-10 00:12:54 -- dev loss = 0.1380
2018-03-10 00:12:54 -- train ROC AUC = 0.9616
2018-03-10 00:12:54 -- dev ROC AUC = 0.9522
2018-03-10 00:12:54 -- 
2018-03-10 00:12:54 -- Epoch = 63/80:
2018-03-10 00:13:27 -- train loss = 0.1265
2018-03-10 00:13:27 -- dev loss = 0.1379
2018-03-10 00:13:27 -- train ROC AUC = 0.9618
2018-03-10 00:13:27 -- dev ROC AUC = 0.9522
2018-03-10 00:13:27 -- New best dev ROC AUC = 0.9522
2018-03-10 00:13:27 -- Saving new best model...
2018-03-10 00:13:28 -- 
2018-03-10 00:13:28 -- Epoch = 64/80:
2018-03-10 00:14:03 -- train loss = 0.1265
2018-03-10 00:14:03 -- dev loss = 0.1381
2018-03-10 00:14:03 -- train ROC AUC = 0.9617
2018-03-10 00:14:03 -- dev ROC AUC = 0.9524
2018-03-10 00:14:03 -- New best dev ROC AUC = 0.9524
2018-03-10 00:14:03 -- Saving new best model...
2018-03-10 00:14:09 -- 
2018-03-10 00:14:09 -- Epoch = 65/80:
2018-03-10 00:14:44 -- train loss = 0.1263
2018-03-10 00:14:44 -- dev loss = 0.1378
2018-03-10 00:14:44 -- train ROC AUC = 0.9618
2018-03-10 00:14:44 -- dev ROC AUC = 0.9523
2018-03-10 00:14:44 -- 
2018-03-10 00:14:44 -- Epoch = 66/80:
2018-03-10 00:15:20 -- train loss = 0.1263
2018-03-10 00:15:20 -- dev loss = 0.1388
2018-03-10 00:15:20 -- train ROC AUC = 0.9620
2018-03-10 00:15:20 -- dev ROC AUC = 0.9522
2018-03-10 00:15:20 -- 
2018-03-10 00:15:20 -- Epoch = 67/80:
2018-03-10 00:15:59 -- train loss = 0.1258
2018-03-10 00:15:59 -- dev loss = 0.1378
2018-03-10 00:15:59 -- train ROC AUC = 0.9622
2018-03-10 00:15:59 -- dev ROC AUC = 0.9523
2018-03-10 00:15:59 -- 
2018-03-10 00:15:59 -- Epoch = 68/80:
2018-03-10 00:16:36 -- train loss = 0.1259
2018-03-10 00:16:36 -- dev loss = 0.1377
2018-03-10 00:16:36 -- train ROC AUC = 0.9622
2018-03-10 00:16:36 -- dev ROC AUC = 0.9524
2018-03-10 00:16:36 -- 
2018-03-10 00:16:36 -- Epoch = 69/80:
2018-03-10 00:17:13 -- train loss = 0.1256
2018-03-10 00:17:13 -- dev loss = 0.1381
2018-03-10 00:17:13 -- train ROC AUC = 0.9621
2018-03-10 00:17:13 -- dev ROC AUC = 0.9520
2018-03-10 00:17:13 -- 
2018-03-10 00:17:13 -- Epoch = 70/80:
2018-03-10 00:17:53 -- train loss = 0.1257
2018-03-10 00:17:53 -- dev loss = 0.1373
2018-03-10 00:17:53 -- train ROC AUC = 0.9625
2018-03-10 00:17:53 -- dev ROC AUC = 0.9525
2018-03-10 00:17:53 -- New best dev ROC AUC = 0.9525
2018-03-10 00:17:53 -- Saving new best model...
2018-03-10 00:17:54 -- 
2018-03-10 00:17:54 -- Epoch = 71/80:
2018-03-10 00:18:33 -- train loss = 0.1252
2018-03-10 00:18:33 -- dev loss = 0.1378
2018-03-10 00:18:33 -- train ROC AUC = 0.9624
2018-03-10 00:18:33 -- dev ROC AUC = 0.9527
2018-03-10 00:18:33 -- New best dev ROC AUC = 0.9527
2018-03-10 00:18:33 -- Saving new best model...
2018-03-10 00:18:34 -- 
2018-03-10 00:18:34 -- Epoch = 72/80:
2018-03-10 00:19:15 -- train loss = 0.1252
2018-03-10 00:19:15 -- dev loss = 0.1381
2018-03-10 00:19:15 -- train ROC AUC = 0.9625
2018-03-10 00:19:15 -- dev ROC AUC = 0.9522
2018-03-10 00:19:15 -- 
2018-03-10 00:19:15 -- Epoch = 73/80:
2018-03-10 00:19:57 -- train loss = 0.1250
2018-03-10 00:19:57 -- dev loss = 0.1397
2018-03-10 00:19:57 -- train ROC AUC = 0.9626
2018-03-10 00:19:57 -- dev ROC AUC = 0.9524
2018-03-10 00:19:57 -- 
2018-03-10 00:19:57 -- Epoch = 74/80:
2018-03-10 00:20:42 -- train loss = 0.1249
2018-03-10 00:20:42 -- dev loss = 0.1382
2018-03-10 00:20:42 -- train ROC AUC = 0.9624
2018-03-10 00:20:42 -- dev ROC AUC = 0.9526
2018-03-10 00:20:42 -- 
2018-03-10 00:20:42 -- Epoch = 75/80:
2018-03-10 00:21:26 -- train loss = 0.1245
2018-03-10 00:21:26 -- dev loss = 0.1377
2018-03-10 00:21:26 -- train ROC AUC = 0.9628
2018-03-10 00:21:26 -- dev ROC AUC = 0.9525
2018-03-10 00:21:26 -- 
2018-03-10 00:21:26 -- Epoch = 76/80:
2018-03-10 00:22:11 -- train loss = 0.1244
2018-03-10 00:22:11 -- dev loss = 0.1377
2018-03-10 00:22:11 -- train ROC AUC = 0.9629
2018-03-10 00:22:11 -- dev ROC AUC = 0.9524
2018-03-10 00:22:11 -- 
2018-03-10 00:22:11 -- Epoch = 77/80:
2018-03-10 00:22:59 -- train loss = 0.1241
2018-03-10 00:22:59 -- dev loss = 0.1372
2018-03-10 00:22:59 -- train ROC AUC = 0.9631
2018-03-10 00:22:59 -- dev ROC AUC = 0.9525
2018-03-10 00:22:59 -- 
2018-03-10 00:22:59 -- Epoch = 78/80:
2018-03-10 00:23:47 -- train loss = 0.1243
2018-03-10 00:23:47 -- dev loss = 0.1375
2018-03-10 00:23:47 -- train ROC AUC = 0.9632
2018-03-10 00:23:47 -- dev ROC AUC = 0.9525
2018-03-10 00:23:47 -- 
2018-03-10 00:23:47 -- Epoch = 79/80:
2018-03-10 00:24:34 -- train loss = 0.1243
2018-03-10 00:24:34 -- dev loss = 0.1374
2018-03-10 00:24:34 -- train ROC AUC = 0.9632
2018-03-10 00:24:34 -- dev ROC AUC = 0.9528
2018-03-10 00:24:34 -- New best dev ROC AUC = 0.9528
2018-03-10 00:24:34 -- Saving new best model...
2018-03-10 00:24:40 -- 
2018-03-10 00:24:40 -- Epoch = 80/80:
2018-03-10 00:25:30 -- train loss = 0.1239
2018-03-10 00:25:30 -- dev loss = 0.1374
2018-03-10 00:25:30 -- train ROC AUC = 0.9633
2018-03-10 00:25:30 -- dev ROC AUC = 0.9527
2018-03-10 00:25:30 -- 
2018-03-10 00:25:30 -- Testing...
2018-03-10 00:25:30 -- Rebuilding model...
2018-03-10 00:25:31 -- Restoring best model...
2018-03-10 00:25:33 -- Restoring parameters from out/ff_indep_toxic/ff_indep_toxic.weights
2018-03-10 00:25:33 -- Predicting labels for test set...
2018-03-10 00:26:00 -- Saving test prediction...
2018-03-10 00:26:00 -- 
2018-03-10 00:26:00 -- Evaluating...
2018-03-10 00:26:01 -- Mean column-wise ROC AUC - train = 0.9632
2018-03-10 00:26:01 -- Mean column-wise ROC AUC - dev = 0.9528
2018-03-10 00:26:02 -- ROC AUC of toxic - train = 0.9632
2018-03-10 00:26:02 -- ROC AUC of toxic - dev = 0.9528
2018-03-10 00:26:02 -- Mean column-wise average precision - train = 0.8274
2018-03-10 00:26:02 -- Mean column-wise average precision - dev = 0.7935
2018-03-10 00:26:02 -- average precision of toxic - train = 0.8274
2018-03-10 00:26:02 -- average precision of toxic - dev = 0.7935
