activation: !!python/name:tensorflow.python.ops.gen_nn_ops.relu ''
batch_size: 2048
dropout: false
exp_name: ff_all_unweighted
hidden_sizes: [30, 30]
keep_prob: 1
lr: 0.0005
n_epochs: 80
n_features: 300
n_labels: 6
n_layers: 2
optimizer: !!python/name:tensorflow.python.training.adam.AdamOptimizer ''
2018-03-09 23:56:32 -- 
2018-03-09 23:56:32 -- Initializing...
2018-03-09 23:56:32 -- Training...
2018-03-09 23:56:32 -- Building model...
2018-03-09 23:56:35 -- Training model...
2018-03-09 23:56:56 -- 
2018-03-09 23:56:56 -- Epoch = 1/80:
2018-03-09 23:57:00 -- train loss = 0.4621
2018-03-09 23:57:00 -- dev loss = 0.2542
2018-03-09 23:57:00 -- train ROC AUC = 0.5110
2018-03-09 23:57:00 -- dev ROC AUC = 0.4973
2018-03-09 23:57:00 -- New best dev ROC AUC = 0.4973
2018-03-09 23:57:00 -- Saving new best model...
2018-03-09 23:57:00 -- 
2018-03-09 23:57:00 -- Epoch = 2/80:
2018-03-09 23:57:04 -- train loss = 0.1717
2018-03-09 23:57:04 -- dev loss = 0.1360
2018-03-09 23:57:04 -- train ROC AUC = 0.7575
2018-03-09 23:57:04 -- dev ROC AUC = 0.7496
2018-03-09 23:57:04 -- New best dev ROC AUC = 0.7496
2018-03-09 23:57:04 -- Saving new best model...
2018-03-09 23:57:04 -- 
2018-03-09 23:57:04 -- Epoch = 3/80:
2018-03-09 23:57:09 -- train loss = 0.1185
2018-03-09 23:57:09 -- dev loss = 0.1102
2018-03-09 23:57:09 -- train ROC AUC = 0.8556
2018-03-09 23:57:09 -- dev ROC AUC = 0.8473
2018-03-09 23:57:09 -- New best dev ROC AUC = 0.8473
2018-03-09 23:57:09 -- Saving new best model...
2018-03-09 23:57:09 -- 
2018-03-09 23:57:09 -- Epoch = 4/80:
2018-03-09 23:57:13 -- train loss = 0.1011
2018-03-09 23:57:13 -- dev loss = 0.0988
2018-03-09 23:57:13 -- train ROC AUC = 0.8878
2018-03-09 23:57:13 -- dev ROC AUC = 0.8812
2018-03-09 23:57:13 -- New best dev ROC AUC = 0.8812
2018-03-09 23:57:13 -- Saving new best model...
2018-03-09 23:57:13 -- 
2018-03-09 23:57:13 -- Epoch = 5/80:
2018-03-09 23:57:18 -- train loss = 0.0923
2018-03-09 23:57:18 -- dev loss = 0.0909
2018-03-09 23:57:18 -- train ROC AUC = 0.9093
2018-03-09 23:57:18 -- dev ROC AUC = 0.9046
2018-03-09 23:57:18 -- New best dev ROC AUC = 0.9046
2018-03-09 23:57:18 -- Saving new best model...
2018-03-09 23:57:18 -- 
2018-03-09 23:57:18 -- Epoch = 6/80:
2018-03-09 23:57:23 -- train loss = 0.0855
2018-03-09 23:57:23 -- dev loss = 0.0853
2018-03-09 23:57:23 -- train ROC AUC = 0.9230
2018-03-09 23:57:23 -- dev ROC AUC = 0.9194
2018-03-09 23:57:23 -- New best dev ROC AUC = 0.9194
2018-03-09 23:57:23 -- Saving new best model...
2018-03-09 23:57:23 -- 
2018-03-09 23:57:23 -- Epoch = 7/80:
2018-03-09 23:57:29 -- train loss = 0.0811
2018-03-09 23:57:29 -- dev loss = 0.0818
2018-03-09 23:57:29 -- train ROC AUC = 0.9310
2018-03-09 23:57:29 -- dev ROC AUC = 0.9283
2018-03-09 23:57:29 -- New best dev ROC AUC = 0.9283
2018-03-09 23:57:29 -- Saving new best model...
2018-03-09 23:57:29 -- 
2018-03-09 23:57:29 -- Epoch = 8/80:
2018-03-09 23:57:34 -- train loss = 0.0782
2018-03-09 23:57:34 -- dev loss = 0.0795
2018-03-09 23:57:34 -- train ROC AUC = 0.9361
2018-03-09 23:57:34 -- dev ROC AUC = 0.9337
2018-03-09 23:57:34 -- New best dev ROC AUC = 0.9337
2018-03-09 23:57:34 -- Saving new best model...
2018-03-09 23:57:34 -- 
2018-03-09 23:57:34 -- Epoch = 9/80:
2018-03-09 23:57:40 -- train loss = 0.0761
2018-03-09 23:57:40 -- dev loss = 0.0776
2018-03-09 23:57:40 -- train ROC AUC = 0.9405
2018-03-09 23:57:40 -- dev ROC AUC = 0.9386
2018-03-09 23:57:40 -- New best dev ROC AUC = 0.9386
2018-03-09 23:57:40 -- Saving new best model...
2018-03-09 23:57:40 -- 
2018-03-09 23:57:40 -- Epoch = 10/80:
2018-03-09 23:57:46 -- train loss = 0.0745
2018-03-09 23:57:46 -- dev loss = 0.0759
2018-03-09 23:57:46 -- train ROC AUC = 0.9432
2018-03-09 23:57:46 -- dev ROC AUC = 0.9414
2018-03-09 23:57:46 -- New best dev ROC AUC = 0.9414
2018-03-09 23:57:46 -- Saving new best model...
2018-03-09 23:57:46 -- 
2018-03-09 23:57:46 -- Epoch = 11/80:
2018-03-09 23:57:52 -- train loss = 0.0730
2018-03-09 23:57:52 -- dev loss = 0.0746
2018-03-09 23:57:52 -- train ROC AUC = 0.9457
2018-03-09 23:57:52 -- dev ROC AUC = 0.9441
2018-03-09 23:57:52 -- New best dev ROC AUC = 0.9441
2018-03-09 23:57:52 -- Saving new best model...
2018-03-09 23:57:52 -- 
2018-03-09 23:57:52 -- Epoch = 12/80:
2018-03-09 23:57:59 -- train loss = 0.0718
2018-03-09 23:57:59 -- dev loss = 0.0733
2018-03-09 23:57:59 -- train ROC AUC = 0.9478
2018-03-09 23:57:59 -- dev ROC AUC = 0.9465
2018-03-09 23:57:59 -- New best dev ROC AUC = 0.9465
2018-03-09 23:57:59 -- Saving new best model...
2018-03-09 23:57:59 -- 
2018-03-09 23:57:59 -- Epoch = 13/80:
2018-03-09 23:58:06 -- train loss = 0.0707
2018-03-09 23:58:06 -- dev loss = 0.0723
2018-03-09 23:58:06 -- train ROC AUC = 0.9493
2018-03-09 23:58:06 -- dev ROC AUC = 0.9481
2018-03-09 23:58:06 -- New best dev ROC AUC = 0.9481
2018-03-09 23:58:06 -- Saving new best model...
2018-03-09 23:58:06 -- 
2018-03-09 23:58:06 -- Epoch = 14/80:
2018-03-09 23:58:13 -- train loss = 0.0699
2018-03-09 23:58:13 -- dev loss = 0.0714
2018-03-09 23:58:13 -- train ROC AUC = 0.9508
2018-03-09 23:58:13 -- dev ROC AUC = 0.9496
2018-03-09 23:58:13 -- New best dev ROC AUC = 0.9496
2018-03-09 23:58:13 -- Saving new best model...
2018-03-09 23:58:15 -- 
2018-03-09 23:58:15 -- Epoch = 15/80:
2018-03-09 23:58:23 -- train loss = 0.0690
2018-03-09 23:58:23 -- dev loss = 0.0707
2018-03-09 23:58:23 -- train ROC AUC = 0.9523
2018-03-09 23:58:23 -- dev ROC AUC = 0.9511
2018-03-09 23:58:23 -- New best dev ROC AUC = 0.9511
2018-03-09 23:58:23 -- Saving new best model...
2018-03-09 23:58:23 -- 
2018-03-09 23:58:23 -- Epoch = 16/80:
2018-03-09 23:58:30 -- train loss = 0.0682
2018-03-09 23:58:30 -- dev loss = 0.0701
2018-03-09 23:58:30 -- train ROC AUC = 0.9532
2018-03-09 23:58:30 -- dev ROC AUC = 0.9520
2018-03-09 23:58:30 -- New best dev ROC AUC = 0.9520
2018-03-09 23:58:30 -- Saving new best model...
2018-03-09 23:58:30 -- 
2018-03-09 23:58:30 -- Epoch = 17/80:
2018-03-09 23:58:38 -- train loss = 0.0675
2018-03-09 23:58:38 -- dev loss = 0.0696
2018-03-09 23:58:38 -- train ROC AUC = 0.9541
2018-03-09 23:58:38 -- dev ROC AUC = 0.9530
2018-03-09 23:58:38 -- New best dev ROC AUC = 0.9530
2018-03-09 23:58:38 -- Saving new best model...
2018-03-09 23:58:38 -- 
2018-03-09 23:58:38 -- Epoch = 18/80:
2018-03-09 23:58:47 -- train loss = 0.0669
2018-03-09 23:58:47 -- dev loss = 0.0691
2018-03-09 23:58:47 -- train ROC AUC = 0.9553
2018-03-09 23:58:47 -- dev ROC AUC = 0.9542
2018-03-09 23:58:47 -- New best dev ROC AUC = 0.9542
2018-03-09 23:58:47 -- Saving new best model...
2018-03-09 23:58:47 -- 
2018-03-09 23:58:47 -- Epoch = 19/80:
2018-03-09 23:58:55 -- train loss = 0.0667
2018-03-09 23:58:55 -- dev loss = 0.0688
2018-03-09 23:58:55 -- train ROC AUC = 0.9559
2018-03-09 23:58:55 -- dev ROC AUC = 0.9545
2018-03-09 23:58:55 -- New best dev ROC AUC = 0.9545
2018-03-09 23:58:55 -- Saving new best model...
2018-03-09 23:58:56 -- 
2018-03-09 23:58:56 -- Epoch = 20/80:
2018-03-09 23:59:05 -- train loss = 0.0660
2018-03-09 23:59:05 -- dev loss = 0.0684
2018-03-09 23:59:05 -- train ROC AUC = 0.9566
2018-03-09 23:59:05 -- dev ROC AUC = 0.9553
2018-03-09 23:59:05 -- New best dev ROC AUC = 0.9553
2018-03-09 23:59:05 -- Saving new best model...
2018-03-09 23:59:05 -- 
2018-03-09 23:59:05 -- Epoch = 21/80:
2018-03-09 23:59:14 -- train loss = 0.0658
2018-03-09 23:59:14 -- dev loss = 0.0680
2018-03-09 23:59:14 -- train ROC AUC = 0.9577
2018-03-09 23:59:14 -- dev ROC AUC = 0.9563
2018-03-09 23:59:14 -- New best dev ROC AUC = 0.9563
2018-03-09 23:59:14 -- Saving new best model...
2018-03-09 23:59:15 -- 
2018-03-09 23:59:15 -- Epoch = 22/80:
2018-03-09 23:59:24 -- train loss = 0.0653
2018-03-09 23:59:24 -- dev loss = 0.0677
2018-03-09 23:59:24 -- train ROC AUC = 0.9581
2018-03-09 23:59:24 -- dev ROC AUC = 0.9566
2018-03-09 23:59:24 -- New best dev ROC AUC = 0.9566
2018-03-09 23:59:24 -- Saving new best model...
2018-03-09 23:59:25 -- 
2018-03-09 23:59:25 -- Epoch = 23/80:
2018-03-09 23:59:34 -- train loss = 0.0651
2018-03-09 23:59:34 -- dev loss = 0.0675
2018-03-09 23:59:34 -- train ROC AUC = 0.9587
2018-03-09 23:59:34 -- dev ROC AUC = 0.9571
2018-03-09 23:59:34 -- New best dev ROC AUC = 0.9571
2018-03-09 23:59:34 -- Saving new best model...
2018-03-09 23:59:35 -- 
2018-03-09 23:59:35 -- Epoch = 24/80:
2018-03-09 23:59:45 -- train loss = 0.0646
2018-03-09 23:59:45 -- dev loss = 0.0674
2018-03-09 23:59:45 -- train ROC AUC = 0.9590
2018-03-09 23:59:45 -- dev ROC AUC = 0.9571
2018-03-09 23:59:45 -- 
2018-03-09 23:59:45 -- Epoch = 25/80:
2018-03-09 23:59:56 -- train loss = 0.0643
2018-03-09 23:59:56 -- dev loss = 0.0670
2018-03-09 23:59:56 -- train ROC AUC = 0.9598
2018-03-09 23:59:56 -- dev ROC AUC = 0.9581
2018-03-09 23:59:56 -- New best dev ROC AUC = 0.9581
2018-03-09 23:59:56 -- Saving new best model...
2018-03-09 23:59:58 -- 
2018-03-09 23:59:58 -- Epoch = 26/80:
2018-03-10 00:00:09 -- train loss = 0.0642
2018-03-10 00:00:09 -- dev loss = 0.0668
2018-03-10 00:00:09 -- train ROC AUC = 0.9605
2018-03-10 00:00:09 -- dev ROC AUC = 0.9587
2018-03-10 00:00:09 -- New best dev ROC AUC = 0.9587
2018-03-10 00:00:09 -- Saving new best model...
2018-03-10 00:00:10 -- 
2018-03-10 00:00:10 -- Epoch = 27/80:
2018-03-10 00:00:22 -- train loss = 0.0639
2018-03-10 00:00:22 -- dev loss = 0.0668
2018-03-10 00:00:22 -- train ROC AUC = 0.9604
2018-03-10 00:00:22 -- dev ROC AUC = 0.9583
2018-03-10 00:00:22 -- 
2018-03-10 00:00:22 -- Epoch = 28/80:
2018-03-10 00:00:34 -- train loss = 0.0636
2018-03-10 00:00:34 -- dev loss = 0.0665
2018-03-10 00:00:34 -- train ROC AUC = 0.9613
2018-03-10 00:00:34 -- dev ROC AUC = 0.9594
2018-03-10 00:00:34 -- New best dev ROC AUC = 0.9594
2018-03-10 00:00:34 -- Saving new best model...
2018-03-10 00:00:34 -- 
2018-03-10 00:00:34 -- Epoch = 29/80:
2018-03-10 00:00:47 -- train loss = 0.0634
2018-03-10 00:00:47 -- dev loss = 0.0662
2018-03-10 00:00:47 -- train ROC AUC = 0.9617
2018-03-10 00:00:47 -- dev ROC AUC = 0.9598
2018-03-10 00:00:47 -- New best dev ROC AUC = 0.9598
2018-03-10 00:00:47 -- Saving new best model...
2018-03-10 00:00:47 -- 
2018-03-10 00:00:47 -- Epoch = 30/80:
2018-03-10 00:01:00 -- train loss = 0.0632
2018-03-10 00:01:00 -- dev loss = 0.0661
2018-03-10 00:01:00 -- train ROC AUC = 0.9622
2018-03-10 00:01:00 -- dev ROC AUC = 0.9602
2018-03-10 00:01:00 -- New best dev ROC AUC = 0.9602
2018-03-10 00:01:00 -- Saving new best model...
2018-03-10 00:01:01 -- 
2018-03-10 00:01:01 -- Epoch = 31/80:
2018-03-10 00:01:14 -- train loss = 0.0631
2018-03-10 00:01:14 -- dev loss = 0.0660
2018-03-10 00:01:14 -- train ROC AUC = 0.9626
2018-03-10 00:01:14 -- dev ROC AUC = 0.9604
2018-03-10 00:01:14 -- New best dev ROC AUC = 0.9604
2018-03-10 00:01:14 -- Saving new best model...
2018-03-10 00:01:15 -- 
2018-03-10 00:01:15 -- Epoch = 32/80:
2018-03-10 00:01:29 -- train loss = 0.0629
2018-03-10 00:01:29 -- dev loss = 0.0659
2018-03-10 00:01:29 -- train ROC AUC = 0.9629
2018-03-10 00:01:29 -- dev ROC AUC = 0.9608
2018-03-10 00:01:29 -- New best dev ROC AUC = 0.9608
2018-03-10 00:01:29 -- Saving new best model...
2018-03-10 00:01:29 -- 
2018-03-10 00:01:29 -- Epoch = 33/80:
2018-03-10 00:01:43 -- train loss = 0.0626
2018-03-10 00:01:43 -- dev loss = 0.0657
2018-03-10 00:01:43 -- train ROC AUC = 0.9634
2018-03-10 00:01:43 -- dev ROC AUC = 0.9611
2018-03-10 00:01:43 -- New best dev ROC AUC = 0.9611
2018-03-10 00:01:43 -- Saving new best model...
2018-03-10 00:01:45 -- 
2018-03-10 00:01:45 -- Epoch = 34/80:
2018-03-10 00:02:00 -- train loss = 0.0625
2018-03-10 00:02:00 -- dev loss = 0.0659
2018-03-10 00:02:00 -- train ROC AUC = 0.9637
2018-03-10 00:02:00 -- dev ROC AUC = 0.9612
2018-03-10 00:02:00 -- New best dev ROC AUC = 0.9612
2018-03-10 00:02:00 -- Saving new best model...
2018-03-10 00:02:01 -- 
2018-03-10 00:02:01 -- Epoch = 35/80:
2018-03-10 00:02:16 -- train loss = 0.0623
2018-03-10 00:02:16 -- dev loss = 0.0655
2018-03-10 00:02:16 -- train ROC AUC = 0.9640
2018-03-10 00:02:16 -- dev ROC AUC = 0.9616
2018-03-10 00:02:16 -- New best dev ROC AUC = 0.9616
2018-03-10 00:02:16 -- Saving new best model...
2018-03-10 00:02:16 -- 
2018-03-10 00:02:16 -- Epoch = 36/80:
2018-03-10 00:02:33 -- train loss = 0.0619
2018-03-10 00:02:33 -- dev loss = 0.0656
2018-03-10 00:02:33 -- train ROC AUC = 0.9642
2018-03-10 00:02:33 -- dev ROC AUC = 0.9616
2018-03-10 00:02:33 -- 
2018-03-10 00:02:33 -- Epoch = 37/80:
2018-03-10 00:02:49 -- train loss = 0.0621
2018-03-10 00:02:49 -- dev loss = 0.0654
2018-03-10 00:02:49 -- train ROC AUC = 0.9648
2018-03-10 00:02:49 -- dev ROC AUC = 0.9620
2018-03-10 00:02:49 -- New best dev ROC AUC = 0.9620
2018-03-10 00:02:49 -- Saving new best model...
2018-03-10 00:02:50 -- 
2018-03-10 00:02:50 -- Epoch = 38/80:
2018-03-10 00:03:06 -- train loss = 0.0618
2018-03-10 00:03:06 -- dev loss = 0.0652
2018-03-10 00:03:06 -- train ROC AUC = 0.9651
2018-03-10 00:03:06 -- dev ROC AUC = 0.9624
2018-03-10 00:03:06 -- New best dev ROC AUC = 0.9624
2018-03-10 00:03:06 -- Saving new best model...
2018-03-10 00:03:07 -- 
2018-03-10 00:03:07 -- Epoch = 39/80:
2018-03-10 00:03:25 -- train loss = 0.0616
2018-03-10 00:03:25 -- dev loss = 0.0650
2018-03-10 00:03:25 -- train ROC AUC = 0.9655
2018-03-10 00:03:25 -- dev ROC AUC = 0.9628
2018-03-10 00:03:25 -- New best dev ROC AUC = 0.9628
2018-03-10 00:03:25 -- Saving new best model...
2018-03-10 00:03:25 -- 
2018-03-10 00:03:25 -- Epoch = 40/80:
2018-03-10 00:03:44 -- train loss = 0.0614
2018-03-10 00:03:44 -- dev loss = 0.0651
2018-03-10 00:03:44 -- train ROC AUC = 0.9655
2018-03-10 00:03:44 -- dev ROC AUC = 0.9627
2018-03-10 00:03:44 -- 
2018-03-10 00:03:44 -- Epoch = 41/80:
2018-03-10 00:04:02 -- train loss = 0.0613
2018-03-10 00:04:02 -- dev loss = 0.0652
2018-03-10 00:04:02 -- train ROC AUC = 0.9658
2018-03-10 00:04:02 -- dev ROC AUC = 0.9630
2018-03-10 00:04:02 -- New best dev ROC AUC = 0.9630
2018-03-10 00:04:02 -- Saving new best model...
2018-03-10 00:04:05 -- 
2018-03-10 00:04:05 -- Epoch = 42/80:
2018-03-10 00:04:24 -- train loss = 0.0612
2018-03-10 00:04:24 -- dev loss = 0.0648
2018-03-10 00:04:24 -- train ROC AUC = 0.9663
2018-03-10 00:04:24 -- dev ROC AUC = 0.9634
2018-03-10 00:04:24 -- New best dev ROC AUC = 0.9634
2018-03-10 00:04:24 -- Saving new best model...
2018-03-10 00:04:24 -- 
2018-03-10 00:04:24 -- Epoch = 43/80:
2018-03-10 00:04:45 -- train loss = 0.0610
2018-03-10 00:04:45 -- dev loss = 0.0648
2018-03-10 00:04:45 -- train ROC AUC = 0.9663
2018-03-10 00:04:45 -- dev ROC AUC = 0.9632
2018-03-10 00:04:45 -- 
2018-03-10 00:04:45 -- Epoch = 44/80:
2018-03-10 00:05:07 -- train loss = 0.0609
2018-03-10 00:05:07 -- dev loss = 0.0646
2018-03-10 00:05:07 -- train ROC AUC = 0.9669
2018-03-10 00:05:07 -- dev ROC AUC = 0.9639
2018-03-10 00:05:07 -- New best dev ROC AUC = 0.9639
2018-03-10 00:05:07 -- Saving new best model...
2018-03-10 00:05:07 -- 
2018-03-10 00:05:07 -- Epoch = 45/80:
2018-03-10 00:05:29 -- train loss = 0.0608
2018-03-10 00:05:29 -- dev loss = 0.0646
2018-03-10 00:05:29 -- train ROC AUC = 0.9672
2018-03-10 00:05:29 -- dev ROC AUC = 0.9641
2018-03-10 00:05:29 -- New best dev ROC AUC = 0.9641
2018-03-10 00:05:29 -- Saving new best model...
2018-03-10 00:05:29 -- 
2018-03-10 00:05:29 -- Epoch = 46/80:
2018-03-10 00:05:51 -- train loss = 0.0607
2018-03-10 00:05:51 -- dev loss = 0.0645
2018-03-10 00:05:51 -- train ROC AUC = 0.9675
2018-03-10 00:05:51 -- dev ROC AUC = 0.9643
2018-03-10 00:05:51 -- New best dev ROC AUC = 0.9643
2018-03-10 00:05:51 -- Saving new best model...
2018-03-10 00:05:51 -- 
2018-03-10 00:05:52 -- Epoch = 47/80:
2018-03-10 00:06:14 -- train loss = 0.0606
2018-03-10 00:06:14 -- dev loss = 0.0645
2018-03-10 00:06:14 -- train ROC AUC = 0.9677
2018-03-10 00:06:14 -- dev ROC AUC = 0.9645
2018-03-10 00:06:14 -- New best dev ROC AUC = 0.9645
2018-03-10 00:06:14 -- Saving new best model...
2018-03-10 00:06:16 -- 
2018-03-10 00:06:17 -- Epoch = 48/80:
2018-03-10 00:06:39 -- train loss = 0.0603
2018-03-10 00:06:39 -- dev loss = 0.0649
2018-03-10 00:06:39 -- train ROC AUC = 0.9678
2018-03-10 00:06:39 -- dev ROC AUC = 0.9644
2018-03-10 00:06:39 -- 
2018-03-10 00:06:39 -- Epoch = 49/80:
2018-03-10 00:07:03 -- train loss = 0.0603
2018-03-10 00:07:03 -- dev loss = 0.0643
2018-03-10 00:07:03 -- train ROC AUC = 0.9682
2018-03-10 00:07:03 -- dev ROC AUC = 0.9647
2018-03-10 00:07:03 -- New best dev ROC AUC = 0.9647
2018-03-10 00:07:03 -- Saving new best model...
2018-03-10 00:07:04 -- 
2018-03-10 00:07:04 -- Epoch = 50/80:
2018-03-10 00:07:28 -- train loss = 0.0603
2018-03-10 00:07:28 -- dev loss = 0.0644
2018-03-10 00:07:28 -- train ROC AUC = 0.9682
2018-03-10 00:07:28 -- dev ROC AUC = 0.9646
2018-03-10 00:07:28 -- 
2018-03-10 00:07:28 -- Epoch = 51/80:
2018-03-10 00:07:54 -- train loss = 0.0600
2018-03-10 00:07:54 -- dev loss = 0.0643
2018-03-10 00:07:54 -- train ROC AUC = 0.9684
2018-03-10 00:07:54 -- dev ROC AUC = 0.9648
2018-03-10 00:07:54 -- New best dev ROC AUC = 0.9648
2018-03-10 00:07:54 -- Saving new best model...
2018-03-10 00:07:54 -- 
2018-03-10 00:07:54 -- Epoch = 52/80:
2018-03-10 00:08:20 -- train loss = 0.0597
2018-03-10 00:08:20 -- dev loss = 0.0640
2018-03-10 00:08:20 -- train ROC AUC = 0.9687
2018-03-10 00:08:20 -- dev ROC AUC = 0.9653
2018-03-10 00:08:20 -- New best dev ROC AUC = 0.9653
2018-03-10 00:08:20 -- Saving new best model...
2018-03-10 00:08:21 -- 
2018-03-10 00:08:21 -- Epoch = 53/80:
2018-03-10 00:08:47 -- train loss = 0.0597
2018-03-10 00:08:47 -- dev loss = 0.0639
2018-03-10 00:08:47 -- train ROC AUC = 0.9691
2018-03-10 00:08:47 -- dev ROC AUC = 0.9654
2018-03-10 00:08:47 -- New best dev ROC AUC = 0.9654
2018-03-10 00:08:47 -- Saving new best model...
2018-03-10 00:08:47 -- 
2018-03-10 00:08:47 -- Epoch = 54/80:
2018-03-10 00:09:15 -- train loss = 0.0597
2018-03-10 00:09:15 -- dev loss = 0.0638
2018-03-10 00:09:15 -- train ROC AUC = 0.9693
2018-03-10 00:09:15 -- dev ROC AUC = 0.9656
2018-03-10 00:09:15 -- New best dev ROC AUC = 0.9656
2018-03-10 00:09:15 -- Saving new best model...
2018-03-10 00:09:17 -- 
2018-03-10 00:09:17 -- Epoch = 55/80:
2018-03-10 00:09:45 -- train loss = 0.0595
2018-03-10 00:09:45 -- dev loss = 0.0638
2018-03-10 00:09:45 -- train ROC AUC = 0.9694
2018-03-10 00:09:45 -- dev ROC AUC = 0.9656
2018-03-10 00:09:45 -- New best dev ROC AUC = 0.9656
2018-03-10 00:09:45 -- Saving new best model...
2018-03-10 00:09:46 -- 
2018-03-10 00:09:46 -- Epoch = 56/80:
2018-03-10 00:10:14 -- train loss = 0.0593
2018-03-10 00:10:14 -- dev loss = 0.0643
2018-03-10 00:10:14 -- train ROC AUC = 0.9698
2018-03-10 00:10:14 -- dev ROC AUC = 0.9661
2018-03-10 00:10:14 -- New best dev ROC AUC = 0.9661
2018-03-10 00:10:14 -- Saving new best model...
2018-03-10 00:10:15 -- 
2018-03-10 00:10:15 -- Epoch = 57/80:
2018-03-10 00:10:45 -- train loss = 0.0593
2018-03-10 00:10:45 -- dev loss = 0.0638
2018-03-10 00:10:45 -- train ROC AUC = 0.9700
2018-03-10 00:10:45 -- dev ROC AUC = 0.9664
2018-03-10 00:10:45 -- New best dev ROC AUC = 0.9664
2018-03-10 00:10:45 -- Saving new best model...
2018-03-10 00:10:46 -- 
2018-03-10 00:10:46 -- Epoch = 58/80:
2018-03-10 00:11:16 -- train loss = 0.0591
2018-03-10 00:11:16 -- dev loss = 0.0636
2018-03-10 00:11:16 -- train ROC AUC = 0.9700
2018-03-10 00:11:16 -- dev ROC AUC = 0.9659
2018-03-10 00:11:16 -- 
2018-03-10 00:11:16 -- Epoch = 59/80:
2018-03-10 00:11:47 -- train loss = 0.0590
2018-03-10 00:11:47 -- dev loss = 0.0642
2018-03-10 00:11:47 -- train ROC AUC = 0.9702
2018-03-10 00:11:47 -- dev ROC AUC = 0.9663
2018-03-10 00:11:47 -- 
2018-03-10 00:11:47 -- Epoch = 60/80:
2018-03-10 00:12:18 -- train loss = 0.0590
2018-03-10 00:12:18 -- dev loss = 0.0637
2018-03-10 00:12:18 -- train ROC AUC = 0.9706
2018-03-10 00:12:18 -- dev ROC AUC = 0.9665
2018-03-10 00:12:18 -- New best dev ROC AUC = 0.9665
2018-03-10 00:12:18 -- Saving new best model...
2018-03-10 00:12:21 -- 
2018-03-10 00:12:21 -- Epoch = 61/80:
2018-03-10 00:12:53 -- train loss = 0.0588
2018-03-10 00:12:53 -- dev loss = 0.0635
2018-03-10 00:12:53 -- train ROC AUC = 0.9706
2018-03-10 00:12:53 -- dev ROC AUC = 0.9668
2018-03-10 00:12:53 -- New best dev ROC AUC = 0.9668
2018-03-10 00:12:53 -- Saving new best model...
2018-03-10 00:12:54 -- 
2018-03-10 00:12:54 -- Epoch = 62/80:
2018-03-10 00:13:28 -- train loss = 0.0586
2018-03-10 00:13:28 -- dev loss = 0.0638
2018-03-10 00:13:28 -- train ROC AUC = 0.9708
2018-03-10 00:13:28 -- dev ROC AUC = 0.9668
2018-03-10 00:13:28 -- New best dev ROC AUC = 0.9668
2018-03-10 00:13:28 -- Saving new best model...
2018-03-10 00:13:28 -- 
2018-03-10 00:13:28 -- Epoch = 63/80:
2018-03-10 00:14:04 -- train loss = 0.0585
2018-03-10 00:14:04 -- dev loss = 0.0633
2018-03-10 00:14:04 -- train ROC AUC = 0.9711
2018-03-10 00:14:04 -- dev ROC AUC = 0.9667
2018-03-10 00:14:04 -- 
2018-03-10 00:14:04 -- Epoch = 64/80:
2018-03-10 00:14:41 -- train loss = 0.0584
2018-03-10 00:14:41 -- dev loss = 0.0631
2018-03-10 00:14:41 -- train ROC AUC = 0.9714
2018-03-10 00:14:41 -- dev ROC AUC = 0.9672
2018-03-10 00:14:41 -- New best dev ROC AUC = 0.9672
2018-03-10 00:14:41 -- Saving new best model...
2018-03-10 00:14:41 -- 
2018-03-10 00:14:41 -- Epoch = 65/80:
2018-03-10 00:15:17 -- train loss = 0.0585
2018-03-10 00:15:17 -- dev loss = 0.0632
2018-03-10 00:15:17 -- train ROC AUC = 0.9714
2018-03-10 00:15:17 -- dev ROC AUC = 0.9671
2018-03-10 00:15:17 -- 
2018-03-10 00:15:17 -- Epoch = 66/80:
2018-03-10 00:15:53 -- train loss = 0.0582
2018-03-10 00:15:53 -- dev loss = 0.0631
2018-03-10 00:15:53 -- train ROC AUC = 0.9714
2018-03-10 00:15:53 -- dev ROC AUC = 0.9670
2018-03-10 00:15:53 -- 
2018-03-10 00:15:53 -- Epoch = 67/80:
2018-03-10 00:16:32 -- train loss = 0.0582
2018-03-10 00:16:32 -- dev loss = 0.0629
2018-03-10 00:16:32 -- train ROC AUC = 0.9718
2018-03-10 00:16:32 -- dev ROC AUC = 0.9674
2018-03-10 00:16:32 -- New best dev ROC AUC = 0.9674
2018-03-10 00:16:32 -- Saving new best model...
2018-03-10 00:16:34 -- 
2018-03-10 00:16:34 -- Epoch = 68/80:
2018-03-10 00:17:13 -- train loss = 0.0582
2018-03-10 00:17:13 -- dev loss = 0.0630
2018-03-10 00:17:13 -- train ROC AUC = 0.9718
2018-03-10 00:17:13 -- dev ROC AUC = 0.9673
2018-03-10 00:17:13 -- 
2018-03-10 00:17:13 -- Epoch = 69/80:
2018-03-10 00:17:52 -- train loss = 0.0581
2018-03-10 00:17:52 -- dev loss = 0.0628
2018-03-10 00:17:52 -- train ROC AUC = 0.9721
2018-03-10 00:17:52 -- dev ROC AUC = 0.9678
2018-03-10 00:17:52 -- New best dev ROC AUC = 0.9678
2018-03-10 00:17:52 -- Saving new best model...
2018-03-10 00:17:53 -- 
2018-03-10 00:17:53 -- Epoch = 70/80:
2018-03-10 00:18:33 -- train loss = 0.0578
2018-03-10 00:18:33 -- dev loss = 0.0627
2018-03-10 00:18:33 -- train ROC AUC = 0.9723
2018-03-10 00:18:33 -- dev ROC AUC = 0.9679
2018-03-10 00:18:33 -- New best dev ROC AUC = 0.9679
2018-03-10 00:18:33 -- Saving new best model...
2018-03-10 00:18:34 -- 
2018-03-10 00:18:34 -- Epoch = 71/80:
2018-03-10 00:19:14 -- train loss = 0.0578
2018-03-10 00:19:14 -- dev loss = 0.0627
2018-03-10 00:19:14 -- train ROC AUC = 0.9725
2018-03-10 00:19:14 -- dev ROC AUC = 0.9681
2018-03-10 00:19:14 -- New best dev ROC AUC = 0.9681
2018-03-10 00:19:14 -- Saving new best model...
2018-03-10 00:19:17 -- 
2018-03-10 00:19:17 -- Epoch = 72/80:
2018-03-10 00:19:59 -- train loss = 0.0577
2018-03-10 00:19:59 -- dev loss = 0.0627
2018-03-10 00:19:59 -- train ROC AUC = 0.9726
2018-03-10 00:19:59 -- dev ROC AUC = 0.9679
2018-03-10 00:19:59 -- 
2018-03-10 00:19:59 -- Epoch = 73/80:
2018-03-10 00:20:41 -- train loss = 0.0574
2018-03-10 00:20:41 -- dev loss = 0.0629
2018-03-10 00:20:41 -- train ROC AUC = 0.9726
2018-03-10 00:20:41 -- dev ROC AUC = 0.9679
2018-03-10 00:20:41 -- 
2018-03-10 00:20:41 -- Epoch = 74/80:
2018-03-10 00:21:25 -- train loss = 0.0574
2018-03-10 00:21:25 -- dev loss = 0.0626
2018-03-10 00:21:25 -- train ROC AUC = 0.9728
2018-03-10 00:21:25 -- dev ROC AUC = 0.9682
2018-03-10 00:21:25 -- New best dev ROC AUC = 0.9682
2018-03-10 00:21:25 -- Saving new best model...
2018-03-10 00:21:26 -- 
2018-03-10 00:21:26 -- Epoch = 75/80:
2018-03-10 00:22:12 -- train loss = 0.0573
2018-03-10 00:22:12 -- dev loss = 0.0626
2018-03-10 00:22:12 -- train ROC AUC = 0.9730
2018-03-10 00:22:12 -- dev ROC AUC = 0.9684
2018-03-10 00:22:12 -- New best dev ROC AUC = 0.9684
2018-03-10 00:22:12 -- Saving new best model...
2018-03-10 00:22:13 -- 
2018-03-10 00:22:13 -- Epoch = 76/80:
2018-03-10 00:22:58 -- train loss = 0.0572
2018-03-10 00:22:58 -- dev loss = 0.0625
2018-03-10 00:22:58 -- train ROC AUC = 0.9731
2018-03-10 00:22:58 -- dev ROC AUC = 0.9686
2018-03-10 00:22:58 -- New best dev ROC AUC = 0.9686
2018-03-10 00:22:58 -- Saving new best model...
2018-03-10 00:22:59 -- 
2018-03-10 00:22:59 -- Epoch = 77/80:
2018-03-10 00:23:46 -- train loss = 0.0572
2018-03-10 00:23:46 -- dev loss = 0.0627
2018-03-10 00:23:46 -- train ROC AUC = 0.9733
2018-03-10 00:23:46 -- dev ROC AUC = 0.9683
2018-03-10 00:23:46 -- 
2018-03-10 00:23:46 -- Epoch = 78/80:
2018-03-10 00:24:34 -- train loss = 0.0571
2018-03-10 00:24:34 -- dev loss = 0.0623
2018-03-10 00:24:34 -- train ROC AUC = 0.9734
2018-03-10 00:24:34 -- dev ROC AUC = 0.9685
2018-03-10 00:24:34 -- 
2018-03-10 00:24:34 -- Epoch = 79/80:
2018-03-10 00:25:24 -- train loss = 0.0569
2018-03-10 00:25:24 -- dev loss = 0.0624
2018-03-10 00:25:24 -- train ROC AUC = 0.9734
2018-03-10 00:25:24 -- dev ROC AUC = 0.9683
2018-03-10 00:25:24 -- 
2018-03-10 00:25:24 -- Epoch = 80/80:
2018-03-10 00:26:16 -- train loss = 0.0569
2018-03-10 00:26:16 -- dev loss = 0.0624
2018-03-10 00:26:16 -- train ROC AUC = 0.9736
2018-03-10 00:26:16 -- dev ROC AUC = 0.9684
2018-03-10 00:26:16 -- 
2018-03-10 00:26:16 -- Testing...
2018-03-10 00:26:16 -- Rebuilding model...
2018-03-10 00:26:21 -- Restoring best model...
2018-03-10 00:26:23 -- Restoring parameters from out/ff_all_unweighted/ff_all_unweighted.weights
2018-03-10 00:26:23 -- Predicting labels for test set...
2018-03-10 00:26:47 -- Saving test prediction...
2018-03-10 00:26:48 -- 
2018-03-10 00:26:48 -- Evaluating...
2018-03-10 00:26:50 -- Mean column-wise ROC AUC - train = 0.9731
2018-03-10 00:26:50 -- Mean column-wise ROC AUC - dev = 0.9686
2018-03-10 00:26:50 -- ROC AUC of toxic - train = 0.9593
2018-03-10 00:26:50 -- ROC AUC of toxic - dev = 0.9543
2018-03-10 00:26:50 -- ROC AUC of severe_toxic - train = 0.9867
2018-03-10 00:26:50 -- ROC AUC of severe_toxic - dev = 0.9825
2018-03-10 00:26:50 -- ROC AUC of obscene - train = 0.9715
2018-03-10 00:26:50 -- ROC AUC of obscene - dev = 0.9704
2018-03-10 00:26:50 -- ROC AUC of threat - train = 0.9740
2018-03-10 00:26:50 -- ROC AUC of threat - dev = 0.9720
2018-03-10 00:26:50 -- ROC AUC of insult - train = 0.9717
2018-03-10 00:26:51 -- ROC AUC of insult - dev = 0.9653
2018-03-10 00:26:51 -- ROC AUC of identity_hate - train = 0.9752
2018-03-10 00:26:51 -- ROC AUC of identity_hate - dev = 0.9671
2018-03-10 00:26:52 -- Mean column-wise average precision - train = 0.5728
2018-03-10 00:26:52 -- Mean column-wise average precision - dev = 0.5273
2018-03-10 00:26:52 -- average precision of toxic - train = 0.8137
2018-03-10 00:26:52 -- average precision of toxic - dev = 0.7956
2018-03-10 00:26:52 -- average precision of severe_toxic - train = 0.4216
2018-03-10 00:26:52 -- average precision of severe_toxic - dev = 0.3694
2018-03-10 00:26:52 -- average precision of obscene - train = 0.8013
2018-03-10 00:26:53 -- average precision of obscene - dev = 0.7921
2018-03-10 00:26:53 -- average precision of threat - train = 0.2927
2018-03-10 00:26:53 -- average precision of threat - dev = 0.1884
2018-03-10 00:26:53 -- average precision of insult - train = 0.7250
2018-03-10 00:26:55 -- average precision of insult - dev = 0.6974
2018-03-10 00:26:55 -- average precision of identity_hate - train = 0.3824
2018-03-10 00:26:55 -- average precision of identity_hate - dev = 0.3205
